mode: atomic
github.com/fastertools/ftl-cli/cmd/ftl/main.go:16.13,21.38 2 0
github.com/fastertools/ftl-cli/cmd/ftl/main.go:21.38,23.3 1 0
github.com/fastertools/ftl-cli/internal/api/client.gen.go:573.70,579.25 2 7
github.com/fastertools/ftl-cli/internal/api/client.gen.go:579.25,580.36 1 7
github.com/fastertools/ftl-cli/internal/api/client.gen.go:580.36,582.4 1 0
github.com/fastertools/ftl-cli/internal/api/client.gen.go:585.2,585.44 1 7
github.com/fastertools/ftl-cli/internal/api/client.gen.go:585.44,587.3 1 7
github.com/fastertools/ftl-cli/internal/api/client.gen.go:589.2,589.26 1 7
github.com/fastertools/ftl-cli/internal/api/client.gen.go:589.26,591.3 1 0
github.com/fastertools/ftl-cli/internal/api/client.gen.go:592.2,592.21 1 7
github.com/fastertools/ftl-cli/internal/api/client.gen.go:597.56,598.31 1 7
github.com/fastertools/ftl-cli/internal/api/client.gen.go:598.31,601.3 2 7
github.com/fastertools/ftl-cli/internal/api/client.gen.go:606.59,607.31 1 0
github.com/fastertools/ftl-cli/internal/api/client.gen.go:607.31,610.3 2 0
github.com/fastertools/ftl-cli/internal/api/client.gen.go:654.127,656.16 2 2
github.com/fastertools/ftl-cli/internal/api/client.gen.go:656.16,658.3 1 0
github.com/fastertools/ftl-cli/internal/api/client.gen.go:659.2,660.61 2 2
github.com/fastertools/ftl-cli/internal/api/client.gen.go:660.61,662.3 1 0
github.com/fastertools/ftl-cli/internal/api/client.gen.go:663.2,663.25 1 2
github.com/fastertools/ftl-cli/internal/api/client.gen.go:666.173,668.16 2 0
github.com/fastertools/ftl-cli/internal/api/client.gen.go:668.16,670.3 1 0
github.com/fastertools/ftl-cli/internal/api/client.gen.go:671.2,672.61 2 0
github.com/fastertools/ftl-cli/internal/api/client.gen.go:672.61,674.3 1 0
github.com/fastertools/ftl-cli/internal/api/client.gen.go:675.2,675.25 1 0
github.com/fastertools/ftl-cli/internal/api/client.gen.go:678.160,680.16 2 1
github.com/fastertools/ftl-cli/internal/api/client.gen.go:680.16,682.3 1 0
github.com/fastertools/ftl-cli/internal/api/client.gen.go:683.2,684.61 2 1
github.com/fastertools/ftl-cli/internal/api/client.gen.go:684.61,686.3 1 0
github.com/fastertools/ftl-cli/internal/api/client.gen.go:687.2,687.25 1 1
github.com/fastertools/ftl-cli/internal/api/client.gen.go:690.155,692.16 2 1
github.com/fastertools/ftl-cli/internal/api/client.gen.go:692.16,694.3 1 0
github.com/fastertools/ftl-cli/internal/api/client.gen.go:695.2,696.61 2 1
github.com/fastertools/ftl-cli/internal/api/client.gen.go:696.61,698.3 1 0
github.com/fastertools/ftl-cli/internal/api/client.gen.go:699.2,699.25 1 1
github.com/fastertools/ftl-cli/internal/api/client.gen.go:702.149,704.16 2 1
github.com/fastertools/ftl-cli/internal/api/client.gen.go:704.16,706.3 1 0
github.com/fastertools/ftl-cli/internal/api/client.gen.go:707.2,708.61 2 1
github.com/fastertools/ftl-cli/internal/api/client.gen.go:708.61,710.3 1 0
github.com/fastertools/ftl-cli/internal/api/client.gen.go:711.2,711.25 1 1
github.com/fastertools/ftl-cli/internal/api/client.gen.go:714.171,716.16 2 0
github.com/fastertools/ftl-cli/internal/api/client.gen.go:716.16,718.3 1 0
github.com/fastertools/ftl-cli/internal/api/client.gen.go:719.2,720.61 2 0
github.com/fastertools/ftl-cli/internal/api/client.gen.go:720.61,722.3 1 0
github.com/fastertools/ftl-cli/internal/api/client.gen.go:723.2,723.25 1 0
github.com/fastertools/ftl-cli/internal/api/client.gen.go:726.213,728.16 2 0
github.com/fastertools/ftl-cli/internal/api/client.gen.go:728.16,730.3 1 0
github.com/fastertools/ftl-cli/internal/api/client.gen.go:731.2,732.61 2 0
github.com/fastertools/ftl-cli/internal/api/client.gen.go:732.61,734.3 1 0
github.com/fastertools/ftl-cli/internal/api/client.gen.go:735.2,735.25 1 0
github.com/fastertools/ftl-cli/internal/api/client.gen.go:738.207,740.16 2 0
github.com/fastertools/ftl-cli/internal/api/client.gen.go:740.16,742.3 1 0
github.com/fastertools/ftl-cli/internal/api/client.gen.go:743.2,744.61 2 0
github.com/fastertools/ftl-cli/internal/api/client.gen.go:744.61,746.3 1 0
github.com/fastertools/ftl-cli/internal/api/client.gen.go:747.2,747.25 1 0
github.com/fastertools/ftl-cli/internal/api/client.gen.go:750.213,752.16 2 0
github.com/fastertools/ftl-cli/internal/api/client.gen.go:752.16,754.3 1 0
github.com/fastertools/ftl-cli/internal/api/client.gen.go:755.2,756.61 2 0
github.com/fastertools/ftl-cli/internal/api/client.gen.go:756.61,758.3 1 0
github.com/fastertools/ftl-cli/internal/api/client.gen.go:759.2,759.25 1 0
github.com/fastertools/ftl-cli/internal/api/client.gen.go:762.207,764.16 2 0
github.com/fastertools/ftl-cli/internal/api/client.gen.go:764.16,766.3 1 0
github.com/fastertools/ftl-cli/internal/api/client.gen.go:767.2,768.61 2 0
github.com/fastertools/ftl-cli/internal/api/client.gen.go:768.61,770.3 1 0
github.com/fastertools/ftl-cli/internal/api/client.gen.go:771.2,771.25 1 0
github.com/fastertools/ftl-cli/internal/api/client.gen.go:774.157,776.16 2 0
github.com/fastertools/ftl-cli/internal/api/client.gen.go:776.16,778.3 1 0
github.com/fastertools/ftl-cli/internal/api/client.gen.go:779.2,780.61 2 0
github.com/fastertools/ftl-cli/internal/api/client.gen.go:780.61,782.3 1 0
github.com/fastertools/ftl-cli/internal/api/client.gen.go:783.2,783.25 1 0
github.com/fastertools/ftl-cli/internal/api/client.gen.go:786.183,788.16 2 0
github.com/fastertools/ftl-cli/internal/api/client.gen.go:788.16,790.3 1 0
github.com/fastertools/ftl-cli/internal/api/client.gen.go:791.2,792.61 2 0
github.com/fastertools/ftl-cli/internal/api/client.gen.go:792.61,794.3 1 0
github.com/fastertools/ftl-cli/internal/api/client.gen.go:795.2,795.25 1 0
github.com/fastertools/ftl-cli/internal/api/client.gen.go:798.175,800.16 2 0
github.com/fastertools/ftl-cli/internal/api/client.gen.go:800.16,802.3 1 0
github.com/fastertools/ftl-cli/internal/api/client.gen.go:803.2,804.61 2 0
github.com/fastertools/ftl-cli/internal/api/client.gen.go:804.61,806.3 1 0
github.com/fastertools/ftl-cli/internal/api/client.gen.go:807.2,807.25 1 0
github.com/fastertools/ftl-cli/internal/api/client.gen.go:810.133,812.16 2 0
github.com/fastertools/ftl-cli/internal/api/client.gen.go:812.16,814.3 1 0
github.com/fastertools/ftl-cli/internal/api/client.gen.go:815.2,816.61 2 0
github.com/fastertools/ftl-cli/internal/api/client.gen.go:816.61,818.3 1 0
github.com/fastertools/ftl-cli/internal/api/client.gen.go:819.2,819.25 1 0
github.com/fastertools/ftl-cli/internal/api/client.gen.go:823.87,827.16 3 2
github.com/fastertools/ftl-cli/internal/api/client.gen.go:827.16,829.3 1 0
github.com/fastertools/ftl-cli/internal/api/client.gen.go:831.2,832.29 2 2
github.com/fastertools/ftl-cli/internal/api/client.gen.go:832.29,834.3 1 2
github.com/fastertools/ftl-cli/internal/api/client.gen.go:836.2,837.16 2 2
github.com/fastertools/ftl-cli/internal/api/client.gen.go:837.16,839.3 1 0
github.com/fastertools/ftl-cli/internal/api/client.gen.go:841.2,841.19 1 2
github.com/fastertools/ftl-cli/internal/api/client.gen.go:841.19,844.26 2 0
github.com/fastertools/ftl-cli/internal/api/client.gen.go:844.26,846.134 1 0
github.com/fastertools/ftl-cli/internal/api/client.gen.go:846.134,848.5 1 0
github.com/fastertools/ftl-cli/internal/api/client.gen.go:848.10,848.67 1 0
github.com/fastertools/ftl-cli/internal/api/client.gen.go:848.67,850.5 1 0
github.com/fastertools/ftl-cli/internal/api/client.gen.go:850.10,851.30 1 0
github.com/fastertools/ftl-cli/internal/api/client.gen.go:851.30,852.27 1 0
github.com/fastertools/ftl-cli/internal/api/client.gen.go:852.27,854.7 1 0
github.com/fastertools/ftl-cli/internal/api/client.gen.go:860.3,860.30 1 0
github.com/fastertools/ftl-cli/internal/api/client.gen.go:860.30,862.142 1 0
github.com/fastertools/ftl-cli/internal/api/client.gen.go:862.142,864.5 1 0
github.com/fastertools/ftl-cli/internal/api/client.gen.go:864.10,864.67 1 0
github.com/fastertools/ftl-cli/internal/api/client.gen.go:864.67,866.5 1 0
github.com/fastertools/ftl-cli/internal/api/client.gen.go:866.10,867.30 1 0
github.com/fastertools/ftl-cli/internal/api/client.gen.go:867.30,868.27 1 0
github.com/fastertools/ftl-cli/internal/api/client.gen.go:868.27,870.7 1 0
github.com/fastertools/ftl-cli/internal/api/client.gen.go:876.3,876.25 1 0
github.com/fastertools/ftl-cli/internal/api/client.gen.go:876.25,878.132 1 0
github.com/fastertools/ftl-cli/internal/api/client.gen.go:878.132,880.5 1 0
github.com/fastertools/ftl-cli/internal/api/client.gen.go:880.10,880.67 1 0
github.com/fastertools/ftl-cli/internal/api/client.gen.go:880.67,882.5 1 0
github.com/fastertools/ftl-cli/internal/api/client.gen.go:882.10,883.30 1 0
github.com/fastertools/ftl-cli/internal/api/client.gen.go:883.30,884.27 1 0
github.com/fastertools/ftl-cli/internal/api/client.gen.go:884.27,886.7 1 0
github.com/fastertools/ftl-cli/internal/api/client.gen.go:892.3,892.43 1 0
github.com/fastertools/ftl-cli/internal/api/client.gen.go:895.2,896.16 2 2
github.com/fastertools/ftl-cli/internal/api/client.gen.go:896.16,898.3 1 0
github.com/fastertools/ftl-cli/internal/api/client.gen.go:900.2,900.19 1 2
github.com/fastertools/ftl-cli/internal/api/client.gen.go:900.19,905.17 3 0
github.com/fastertools/ftl-cli/internal/api/client.gen.go:905.17,907.4 1 0
github.com/fastertools/ftl-cli/internal/api/client.gen.go:909.3,909.48 1 0
github.com/fastertools/ftl-cli/internal/api/client.gen.go:913.2,913.17 1 2
github.com/fastertools/ftl-cli/internal/api/client.gen.go:917.120,920.16 3 1
github.com/fastertools/ftl-cli/internal/api/client.gen.go:920.16,922.3 1 0
github.com/fastertools/ftl-cli/internal/api/client.gen.go:923.2,924.84 2 1
github.com/fastertools/ftl-cli/internal/api/client.gen.go:928.133,932.16 3 1
github.com/fastertools/ftl-cli/internal/api/client.gen.go:932.16,934.3 1 0
github.com/fastertools/ftl-cli/internal/api/client.gen.go:936.2,937.29 2 1
github.com/fastertools/ftl-cli/internal/api/client.gen.go:937.29,939.3 1 1
github.com/fastertools/ftl-cli/internal/api/client.gen.go:941.2,942.16 2 1
github.com/fastertools/ftl-cli/internal/api/client.gen.go:942.16,944.3 1 0
github.com/fastertools/ftl-cli/internal/api/client.gen.go:946.2,947.16 2 1
github.com/fastertools/ftl-cli/internal/api/client.gen.go:947.16,949.3 1 0
github.com/fastertools/ftl-cli/internal/api/client.gen.go:951.2,953.19 2 1
github.com/fastertools/ftl-cli/internal/api/client.gen.go:953.19,958.17 3 1
github.com/fastertools/ftl-cli/internal/api/client.gen.go:958.17,960.4 1 0
github.com/fastertools/ftl-cli/internal/api/client.gen.go:962.3,962.48 1 1
github.com/fastertools/ftl-cli/internal/api/client.gen.go:966.2,966.17 1 1
github.com/fastertools/ftl-cli/internal/api/client.gen.go:970.115,976.16 4 1
github.com/fastertools/ftl-cli/internal/api/client.gen.go:976.16,978.3 1 0
github.com/fastertools/ftl-cli/internal/api/client.gen.go:980.2,981.16 2 1
github.com/fastertools/ftl-cli/internal/api/client.gen.go:981.16,983.3 1 0
github.com/fastertools/ftl-cli/internal/api/client.gen.go:985.2,986.29 2 1
github.com/fastertools/ftl-cli/internal/api/client.gen.go:986.29,988.3 1 1
github.com/fastertools/ftl-cli/internal/api/client.gen.go:990.2,991.16 2 1
github.com/fastertools/ftl-cli/internal/api/client.gen.go:991.16,993.3 1 0
github.com/fastertools/ftl-cli/internal/api/client.gen.go:995.2,996.16 2 1
github.com/fastertools/ftl-cli/internal/api/client.gen.go:996.16,998.3 1 0
github.com/fastertools/ftl-cli/internal/api/client.gen.go:1000.2,1000.19 1 1
github.com/fastertools/ftl-cli/internal/api/client.gen.go:1000.19,1005.17 3 1
github.com/fastertools/ftl-cli/internal/api/client.gen.go:1005.17,1007.4 1 0
github.com/fastertools/ftl-cli/internal/api/client.gen.go:1009.3,1009.48 1 1
github.com/fastertools/ftl-cli/internal/api/client.gen.go:1013.2,1013.17 1 1
github.com/fastertools/ftl-cli/internal/api/client.gen.go:1017.109,1023.16 4 1
github.com/fastertools/ftl-cli/internal/api/client.gen.go:1023.16,1025.3 1 0
github.com/fastertools/ftl-cli/internal/api/client.gen.go:1027.2,1028.16 2 1
github.com/fastertools/ftl-cli/internal/api/client.gen.go:1028.16,1030.3 1 0
github.com/fastertools/ftl-cli/internal/api/client.gen.go:1032.2,1033.29 2 1
github.com/fastertools/ftl-cli/internal/api/client.gen.go:1033.29,1035.3 1 1
github.com/fastertools/ftl-cli/internal/api/client.gen.go:1037.2,1038.16 2 1
github.com/fastertools/ftl-cli/internal/api/client.gen.go:1038.16,1040.3 1 0
github.com/fastertools/ftl-cli/internal/api/client.gen.go:1042.2,1043.16 2 1
github.com/fastertools/ftl-cli/internal/api/client.gen.go:1043.16,1045.3 1 0
github.com/fastertools/ftl-cli/internal/api/client.gen.go:1047.2,1047.19 1 1
github.com/fastertools/ftl-cli/internal/api/client.gen.go:1047.19,1052.17 3 1
github.com/fastertools/ftl-cli/internal/api/client.gen.go:1052.17,1054.4 1 0
github.com/fastertools/ftl-cli/internal/api/client.gen.go:1056.3,1056.48 1 1
github.com/fastertools/ftl-cli/internal/api/client.gen.go:1060.2,1060.17 1 1
github.com/fastertools/ftl-cli/internal/api/client.gen.go:1064.131,1070.16 4 0
github.com/fastertools/ftl-cli/internal/api/client.gen.go:1070.16,1072.3 1 0
github.com/fastertools/ftl-cli/internal/api/client.gen.go:1074.2,1075.16 2 0
github.com/fastertools/ftl-cli/internal/api/client.gen.go:1075.16,1077.3 1 0
github.com/fastertools/ftl-cli/internal/api/client.gen.go:1079.2,1080.29 2 0
github.com/fastertools/ftl-cli/internal/api/client.gen.go:1080.29,1082.3 1 0
github.com/fastertools/ftl-cli/internal/api/client.gen.go:1084.2,1085.16 2 0
github.com/fastertools/ftl-cli/internal/api/client.gen.go:1085.16,1087.3 1 0
github.com/fastertools/ftl-cli/internal/api/client.gen.go:1089.2,1090.16 2 0
github.com/fastertools/ftl-cli/internal/api/client.gen.go:1090.16,1092.3 1 0
github.com/fastertools/ftl-cli/internal/api/client.gen.go:1094.2,1094.19 1 0
github.com/fastertools/ftl-cli/internal/api/client.gen.go:1094.19,1099.17 3 0
github.com/fastertools/ftl-cli/internal/api/client.gen.go:1099.17,1101.4 1 0
github.com/fastertools/ftl-cli/internal/api/client.gen.go:1103.3,1103.48 1 0
github.com/fastertools/ftl-cli/internal/api/client.gen.go:1107.2,1107.17 1 0
github.com/fastertools/ftl-cli/internal/api/client.gen.go:1111.167,1114.16 3 0
github.com/fastertools/ftl-cli/internal/api/client.gen.go:1114.16,1116.3 1 0
github.com/fastertools/ftl-cli/internal/api/client.gen.go:1117.2,1118.98 2 0
github.com/fastertools/ftl-cli/internal/api/client.gen.go:1122.173,1128.16 4 0
github.com/fastertools/ftl-cli/internal/api/client.gen.go:1128.16,1130.3 1 0
github.com/fastertools/ftl-cli/internal/api/client.gen.go:1132.2,1133.16 2 0
github.com/fastertools/ftl-cli/internal/api/client.gen.go:1133.16,1135.3 1 0
github.com/fastertools/ftl-cli/internal/api/client.gen.go:1137.2,1138.29 2 0
github.com/fastertools/ftl-cli/internal/api/client.gen.go:1138.29,1140.3 1 0
github.com/fastertools/ftl-cli/internal/api/client.gen.go:1142.2,1143.16 2 0
github.com/fastertools/ftl-cli/internal/api/client.gen.go:1143.16,1145.3 1 0
github.com/fastertools/ftl-cli/internal/api/client.gen.go:1147.2,1148.16 2 0
github.com/fastertools/ftl-cli/internal/api/client.gen.go:1148.16,1150.3 1 0
github.com/fastertools/ftl-cli/internal/api/client.gen.go:1152.2,1154.19 2 0
github.com/fastertools/ftl-cli/internal/api/client.gen.go:1154.19,1159.17 3 0
github.com/fastertools/ftl-cli/internal/api/client.gen.go:1159.17,1161.4 1 0
github.com/fastertools/ftl-cli/internal/api/client.gen.go:1163.3,1163.48 1 0
github.com/fastertools/ftl-cli/internal/api/client.gen.go:1167.2,1167.17 1 0
github.com/fastertools/ftl-cli/internal/api/client.gen.go:1171.167,1174.16 3 0
github.com/fastertools/ftl-cli/internal/api/client.gen.go:1174.16,1176.3 1 0
github.com/fastertools/ftl-cli/internal/api/client.gen.go:1177.2,1178.98 2 0
github.com/fastertools/ftl-cli/internal/api/client.gen.go:1182.173,1188.16 4 0
github.com/fastertools/ftl-cli/internal/api/client.gen.go:1188.16,1190.3 1 0
github.com/fastertools/ftl-cli/internal/api/client.gen.go:1192.2,1193.16 2 0
github.com/fastertools/ftl-cli/internal/api/client.gen.go:1193.16,1195.3 1 0
github.com/fastertools/ftl-cli/internal/api/client.gen.go:1197.2,1198.29 2 0
github.com/fastertools/ftl-cli/internal/api/client.gen.go:1198.29,1200.3 1 0
github.com/fastertools/ftl-cli/internal/api/client.gen.go:1202.2,1203.16 2 0
github.com/fastertools/ftl-cli/internal/api/client.gen.go:1203.16,1205.3 1 0
github.com/fastertools/ftl-cli/internal/api/client.gen.go:1207.2,1208.16 2 0
github.com/fastertools/ftl-cli/internal/api/client.gen.go:1208.16,1210.3 1 0
github.com/fastertools/ftl-cli/internal/api/client.gen.go:1212.2,1214.19 2 0
github.com/fastertools/ftl-cli/internal/api/client.gen.go:1214.19,1219.17 3 0
github.com/fastertools/ftl-cli/internal/api/client.gen.go:1219.17,1221.4 1 0
github.com/fastertools/ftl-cli/internal/api/client.gen.go:1223.3,1223.48 1 0
github.com/fastertools/ftl-cli/internal/api/client.gen.go:1227.2,1227.17 1 0
github.com/fastertools/ftl-cli/internal/api/client.gen.go:1231.117,1237.16 4 0
github.com/fastertools/ftl-cli/internal/api/client.gen.go:1237.16,1239.3 1 0
github.com/fastertools/ftl-cli/internal/api/client.gen.go:1241.2,1242.16 2 0
github.com/fastertools/ftl-cli/internal/api/client.gen.go:1242.16,1244.3 1 0
github.com/fastertools/ftl-cli/internal/api/client.gen.go:1246.2,1247.29 2 0
github.com/fastertools/ftl-cli/internal/api/client.gen.go:1247.29,1249.3 1 0
github.com/fastertools/ftl-cli/internal/api/client.gen.go:1251.2,1252.16 2 0
github.com/fastertools/ftl-cli/internal/api/client.gen.go:1252.16,1254.3 1 0
github.com/fastertools/ftl-cli/internal/api/client.gen.go:1256.2,1256.19 1 0
github.com/fastertools/ftl-cli/internal/api/client.gen.go:1256.19,1259.26 2 0
github.com/fastertools/ftl-cli/internal/api/client.gen.go:1259.26,1261.134 1 0
github.com/fastertools/ftl-cli/internal/api/client.gen.go:1261.134,1263.5 1 0
github.com/fastertools/ftl-cli/internal/api/client.gen.go:1263.10,1263.67 1 0
github.com/fastertools/ftl-cli/internal/api/client.gen.go:1263.67,1265.5 1 0
github.com/fastertools/ftl-cli/internal/api/client.gen.go:1265.10,1266.30 1 0
github.com/fastertools/ftl-cli/internal/api/client.gen.go:1266.30,1267.27 1 0
github.com/fastertools/ftl-cli/internal/api/client.gen.go:1267.27,1269.7 1 0
github.com/fastertools/ftl-cli/internal/api/client.gen.go:1275.3,1275.25 1 0
github.com/fastertools/ftl-cli/internal/api/client.gen.go:1275.25,1277.132 1 0
github.com/fastertools/ftl-cli/internal/api/client.gen.go:1277.132,1279.5 1 0
github.com/fastertools/ftl-cli/internal/api/client.gen.go:1279.10,1279.67 1 0
github.com/fastertools/ftl-cli/internal/api/client.gen.go:1279.67,1281.5 1 0
github.com/fastertools/ftl-cli/internal/api/client.gen.go:1281.10,1282.30 1 0
github.com/fastertools/ftl-cli/internal/api/client.gen.go:1282.30,1283.27 1 0
github.com/fastertools/ftl-cli/internal/api/client.gen.go:1283.27,1285.7 1 0
github.com/fastertools/ftl-cli/internal/api/client.gen.go:1291.3,1291.43 1 0
github.com/fastertools/ftl-cli/internal/api/client.gen.go:1294.2,1295.16 2 0
github.com/fastertools/ftl-cli/internal/api/client.gen.go:1295.16,1297.3 1 0
github.com/fastertools/ftl-cli/internal/api/client.gen.go:1299.2,1299.19 1 0
github.com/fastertools/ftl-cli/internal/api/client.gen.go:1299.19,1304.17 3 0
github.com/fastertools/ftl-cli/internal/api/client.gen.go:1304.17,1306.4 1 0
github.com/fastertools/ftl-cli/internal/api/client.gen.go:1308.3,1308.48 1 0
github.com/fastertools/ftl-cli/internal/api/client.gen.go:1312.2,1312.17 1 0
github.com/fastertools/ftl-cli/internal/api/client.gen.go:1316.135,1319.16 3 0
github.com/fastertools/ftl-cli/internal/api/client.gen.go:1319.16,1321.3 1 0
github.com/fastertools/ftl-cli/internal/api/client.gen.go:1322.2,1323.89 2 0
github.com/fastertools/ftl-cli/internal/api/client.gen.go:1327.143,1331.16 3 0
github.com/fastertools/ftl-cli/internal/api/client.gen.go:1331.16,1333.3 1 0
github.com/fastertools/ftl-cli/internal/api/client.gen.go:1335.2,1336.29 2 0
github.com/fastertools/ftl-cli/internal/api/client.gen.go:1336.29,1338.3 1 0
github.com/fastertools/ftl-cli/internal/api/client.gen.go:1340.2,1341.16 2 0
github.com/fastertools/ftl-cli/internal/api/client.gen.go:1341.16,1343.3 1 0
github.com/fastertools/ftl-cli/internal/api/client.gen.go:1345.2,1346.16 2 0
github.com/fastertools/ftl-cli/internal/api/client.gen.go:1346.16,1348.3 1 0
github.com/fastertools/ftl-cli/internal/api/client.gen.go:1350.2,1352.19 2 0
github.com/fastertools/ftl-cli/internal/api/client.gen.go:1352.19,1357.17 3 0
github.com/fastertools/ftl-cli/internal/api/client.gen.go:1357.17,1359.4 1 0
github.com/fastertools/ftl-cli/internal/api/client.gen.go:1361.3,1361.48 1 0
github.com/fastertools/ftl-cli/internal/api/client.gen.go:1365.2,1365.17 1 0
github.com/fastertools/ftl-cli/internal/api/client.gen.go:1369.93,1373.16 3 0
github.com/fastertools/ftl-cli/internal/api/client.gen.go:1373.16,1375.3 1 0
github.com/fastertools/ftl-cli/internal/api/client.gen.go:1377.2,1378.29 2 0
github.com/fastertools/ftl-cli/internal/api/client.gen.go:1378.29,1380.3 1 0
github.com/fastertools/ftl-cli/internal/api/client.gen.go:1382.2,1383.16 2 0
github.com/fastertools/ftl-cli/internal/api/client.gen.go:1383.16,1385.3 1 0
github.com/fastertools/ftl-cli/internal/api/client.gen.go:1387.2,1388.16 2 0
github.com/fastertools/ftl-cli/internal/api/client.gen.go:1388.16,1390.3 1 0
github.com/fastertools/ftl-cli/internal/api/client.gen.go:1392.2,1392.19 1 0
github.com/fastertools/ftl-cli/internal/api/client.gen.go:1392.19,1397.17 3 0
github.com/fastertools/ftl-cli/internal/api/client.gen.go:1397.17,1399.4 1 0
github.com/fastertools/ftl-cli/internal/api/client.gen.go:1401.3,1401.48 1 0
github.com/fastertools/ftl-cli/internal/api/client.gen.go:1405.2,1405.17 1 0
github.com/fastertools/ftl-cli/internal/api/client.gen.go:1408.114,1409.37 1 5
github.com/fastertools/ftl-cli/internal/api/client.gen.go:1409.37,1410.37 1 0
github.com/fastertools/ftl-cli/internal/api/client.gen.go:1410.37,1412.4 1 0
github.com/fastertools/ftl-cli/internal/api/client.gen.go:1414.2,1414.38 1 5
github.com/fastertools/ftl-cli/internal/api/client.gen.go:1414.38,1415.37 1 0
github.com/fastertools/ftl-cli/internal/api/client.gen.go:1415.37,1417.4 1 0
github.com/fastertools/ftl-cli/internal/api/client.gen.go:1419.2,1419.12 1 5
github.com/fastertools/ftl-cli/internal/api/client.gen.go:1429.96,1431.16 2 7
github.com/fastertools/ftl-cli/internal/api/client.gen.go:1431.16,1433.3 1 0
github.com/fastertools/ftl-cli/internal/api/client.gen.go:1434.2,1434.42 1 7
github.com/fastertools/ftl-cli/internal/api/client.gen.go:1438.47,1439.31 1 0
github.com/fastertools/ftl-cli/internal/api/client.gen.go:1439.31,1441.17 2 0
github.com/fastertools/ftl-cli/internal/api/client.gen.go:1441.17,1443.4 1 0
github.com/fastertools/ftl-cli/internal/api/client.gen.go:1444.3,1445.13 2 0
github.com/fastertools/ftl-cli/internal/api/client.gen.go:1500.43,1501.27 1 0
github.com/fastertools/ftl-cli/internal/api/client.gen.go:1501.27,1503.3 1 0
github.com/fastertools/ftl-cli/internal/api/client.gen.go:1504.2,1504.27 1 0
github.com/fastertools/ftl-cli/internal/api/client.gen.go:1508.44,1509.27 1 0
github.com/fastertools/ftl-cli/internal/api/client.gen.go:1509.27,1511.3 1 0
github.com/fastertools/ftl-cli/internal/api/client.gen.go:1512.2,1512.10 1 0
github.com/fastertools/ftl-cli/internal/api/client.gen.go:1526.44,1527.27 1 0
github.com/fastertools/ftl-cli/internal/api/client.gen.go:1527.27,1529.3 1 0
github.com/fastertools/ftl-cli/internal/api/client.gen.go:1530.2,1530.27 1 0
github.com/fastertools/ftl-cli/internal/api/client.gen.go:1534.45,1535.27 1 0
github.com/fastertools/ftl-cli/internal/api/client.gen.go:1535.27,1537.3 1 0
github.com/fastertools/ftl-cli/internal/api/client.gen.go:1538.2,1538.10 1 0
github.com/fastertools/ftl-cli/internal/api/client.gen.go:1551.44,1552.27 1 0
github.com/fastertools/ftl-cli/internal/api/client.gen.go:1552.27,1554.3 1 0
github.com/fastertools/ftl-cli/internal/api/client.gen.go:1555.2,1555.27 1 0
github.com/fastertools/ftl-cli/internal/api/client.gen.go:1559.45,1560.27 1 0
github.com/fastertools/ftl-cli/internal/api/client.gen.go:1560.27,1562.3 1 0
github.com/fastertools/ftl-cli/internal/api/client.gen.go:1563.2,1563.10 1 0
github.com/fastertools/ftl-cli/internal/api/client.gen.go:1576.41,1577.27 1 0
github.com/fastertools/ftl-cli/internal/api/client.gen.go:1577.27,1579.3 1 0
github.com/fastertools/ftl-cli/internal/api/client.gen.go:1580.2,1580.27 1 0
github.com/fastertools/ftl-cli/internal/api/client.gen.go:1584.42,1585.27 1 0
github.com/fastertools/ftl-cli/internal/api/client.gen.go:1585.27,1587.3 1 0
github.com/fastertools/ftl-cli/internal/api/client.gen.go:1588.2,1588.10 1 0
github.com/fastertools/ftl-cli/internal/api/client.gen.go:1601.52,1602.27 1 0
github.com/fastertools/ftl-cli/internal/api/client.gen.go:1602.27,1604.3 1 0
github.com/fastertools/ftl-cli/internal/api/client.gen.go:1605.2,1605.27 1 0
github.com/fastertools/ftl-cli/internal/api/client.gen.go:1609.53,1610.27 1 0
github.com/fastertools/ftl-cli/internal/api/client.gen.go:1610.27,1612.3 1 0
github.com/fastertools/ftl-cli/internal/api/client.gen.go:1613.2,1613.10 1 0
github.com/fastertools/ftl-cli/internal/api/client.gen.go:1627.51,1628.27 1 0
github.com/fastertools/ftl-cli/internal/api/client.gen.go:1628.27,1630.3 1 0
github.com/fastertools/ftl-cli/internal/api/client.gen.go:1631.2,1631.27 1 0
github.com/fastertools/ftl-cli/internal/api/client.gen.go:1635.52,1636.27 1 0
github.com/fastertools/ftl-cli/internal/api/client.gen.go:1636.27,1638.3 1 0
github.com/fastertools/ftl-cli/internal/api/client.gen.go:1639.2,1639.10 1 0
github.com/fastertools/ftl-cli/internal/api/client.gen.go:1652.51,1653.27 1 0
github.com/fastertools/ftl-cli/internal/api/client.gen.go:1653.27,1655.3 1 0
github.com/fastertools/ftl-cli/internal/api/client.gen.go:1656.2,1656.27 1 0
github.com/fastertools/ftl-cli/internal/api/client.gen.go:1660.52,1661.27 1 0
github.com/fastertools/ftl-cli/internal/api/client.gen.go:1661.27,1663.3 1 0
github.com/fastertools/ftl-cli/internal/api/client.gen.go:1664.2,1664.10 1 0
github.com/fastertools/ftl-cli/internal/api/client.gen.go:1679.45,1680.27 1 0
github.com/fastertools/ftl-cli/internal/api/client.gen.go:1680.27,1682.3 1 0
github.com/fastertools/ftl-cli/internal/api/client.gen.go:1683.2,1683.27 1 0
github.com/fastertools/ftl-cli/internal/api/client.gen.go:1687.46,1688.27 1 0
github.com/fastertools/ftl-cli/internal/api/client.gen.go:1688.27,1690.3 1 0
github.com/fastertools/ftl-cli/internal/api/client.gen.go:1691.2,1691.10 1 0
github.com/fastertools/ftl-cli/internal/api/client.gen.go:1703.49,1704.27 1 0
github.com/fastertools/ftl-cli/internal/api/client.gen.go:1704.27,1706.3 1 0
github.com/fastertools/ftl-cli/internal/api/client.gen.go:1707.2,1707.27 1 0
github.com/fastertools/ftl-cli/internal/api/client.gen.go:1711.50,1712.27 1 0
github.com/fastertools/ftl-cli/internal/api/client.gen.go:1712.27,1714.3 1 0
github.com/fastertools/ftl-cli/internal/api/client.gen.go:1715.2,1715.10 1 0
github.com/fastertools/ftl-cli/internal/api/client.gen.go:1727.46,1728.27 1 0
github.com/fastertools/ftl-cli/internal/api/client.gen.go:1728.27,1730.3 1 0
github.com/fastertools/ftl-cli/internal/api/client.gen.go:1731.2,1731.27 1 0
github.com/fastertools/ftl-cli/internal/api/client.gen.go:1735.47,1736.27 1 0
github.com/fastertools/ftl-cli/internal/api/client.gen.go:1736.27,1738.3 1 0
github.com/fastertools/ftl-cli/internal/api/client.gen.go:1739.2,1739.10 1 0
github.com/fastertools/ftl-cli/internal/api/client.gen.go:1743.155,1745.16 2 2
github.com/fastertools/ftl-cli/internal/api/client.gen.go:1745.16,1747.3 1 0
github.com/fastertools/ftl-cli/internal/api/client.gen.go:1748.2,1748.35 1 2
github.com/fastertools/ftl-cli/internal/api/client.gen.go:1752.202,1754.16 2 0
github.com/fastertools/ftl-cli/internal/api/client.gen.go:1754.16,1756.3 1 0
github.com/fastertools/ftl-cli/internal/api/client.gen.go:1757.2,1757.36 1 0
github.com/fastertools/ftl-cli/internal/api/client.gen.go:1760.189,1762.16 2 1
github.com/fastertools/ftl-cli/internal/api/client.gen.go:1762.16,1764.3 1 0
github.com/fastertools/ftl-cli/internal/api/client.gen.go:1765.2,1765.36 1 1
github.com/fastertools/ftl-cli/internal/api/client.gen.go:1769.184,1771.16 2 1
github.com/fastertools/ftl-cli/internal/api/client.gen.go:1771.16,1773.3 1 0
github.com/fastertools/ftl-cli/internal/api/client.gen.go:1774.2,1774.36 1 1
github.com/fastertools/ftl-cli/internal/api/client.gen.go:1778.175,1780.16 2 1
github.com/fastertools/ftl-cli/internal/api/client.gen.go:1780.16,1782.3 1 0
github.com/fastertools/ftl-cli/internal/api/client.gen.go:1783.2,1783.33 1 1
github.com/fastertools/ftl-cli/internal/api/client.gen.go:1787.208,1789.16 2 0
github.com/fastertools/ftl-cli/internal/api/client.gen.go:1789.16,1791.3 1 0
github.com/fastertools/ftl-cli/internal/api/client.gen.go:1792.2,1792.44 1 0
github.com/fastertools/ftl-cli/internal/api/client.gen.go:1796.249,1798.16 2 0
github.com/fastertools/ftl-cli/internal/api/client.gen.go:1798.16,1800.3 1 0
github.com/fastertools/ftl-cli/internal/api/client.gen.go:1801.2,1801.43 1 0
github.com/fastertools/ftl-cli/internal/api/client.gen.go:1804.243,1806.16 2 0
github.com/fastertools/ftl-cli/internal/api/client.gen.go:1806.16,1808.3 1 0
github.com/fastertools/ftl-cli/internal/api/client.gen.go:1809.2,1809.43 1 0
github.com/fastertools/ftl-cli/internal/api/client.gen.go:1813.249,1815.16 2 0
github.com/fastertools/ftl-cli/internal/api/client.gen.go:1815.16,1817.3 1 0
github.com/fastertools/ftl-cli/internal/api/client.gen.go:1818.2,1818.43 1 0
github.com/fastertools/ftl-cli/internal/api/client.gen.go:1821.243,1823.16 2 0
github.com/fastertools/ftl-cli/internal/api/client.gen.go:1823.16,1825.3 1 0
github.com/fastertools/ftl-cli/internal/api/client.gen.go:1826.2,1826.43 1 0
github.com/fastertools/ftl-cli/internal/api/client.gen.go:1830.187,1832.16 2 0
github.com/fastertools/ftl-cli/internal/api/client.gen.go:1832.16,1834.3 1 0
github.com/fastertools/ftl-cli/internal/api/client.gen.go:1835.2,1835.37 1 0
github.com/fastertools/ftl-cli/internal/api/client.gen.go:1839.217,1841.16 2 0
github.com/fastertools/ftl-cli/internal/api/client.gen.go:1841.16,1843.3 1 0
github.com/fastertools/ftl-cli/internal/api/client.gen.go:1844.2,1844.41 1 0
github.com/fastertools/ftl-cli/internal/api/client.gen.go:1847.209,1849.16 2 0
github.com/fastertools/ftl-cli/internal/api/client.gen.go:1849.16,1851.3 1 0
github.com/fastertools/ftl-cli/internal/api/client.gen.go:1852.2,1852.41 1 0
github.com/fastertools/ftl-cli/internal/api/client.gen.go:1856.164,1858.16 2 0
github.com/fastertools/ftl-cli/internal/api/client.gen.go:1858.16,1860.3 1 0
github.com/fastertools/ftl-cli/internal/api/client.gen.go:1861.2,1861.38 1 0
github.com/fastertools/ftl-cli/internal/api/client.gen.go:1865.75,1867.15 2 2
github.com/fastertools/ftl-cli/internal/api/client.gen.go:1867.15,1867.39 1 2
github.com/fastertools/ftl-cli/internal/api/client.gen.go:1868.2,1868.16 1 2
github.com/fastertools/ftl-cli/internal/api/client.gen.go:1868.16,1870.3 1 0
github.com/fastertools/ftl-cli/internal/api/client.gen.go:1872.2,1877.9 2 2
github.com/fastertools/ftl-cli/internal/api/client.gen.go:1878.89,1880.58 2 1
github.com/fastertools/ftl-cli/internal/api/client.gen.go:1880.58,1882.4 1 0
github.com/fastertools/ftl-cli/internal/api/client.gen.go:1883.3,1883.27 1 1
github.com/fastertools/ftl-cli/internal/api/client.gen.go:1885.89,1887.58 2 0
github.com/fastertools/ftl-cli/internal/api/client.gen.go:1887.58,1889.4 1 0
github.com/fastertools/ftl-cli/internal/api/client.gen.go:1890.3,1890.27 1 0
github.com/fastertools/ftl-cli/internal/api/client.gen.go:1892.89,1894.58 2 0
github.com/fastertools/ftl-cli/internal/api/client.gen.go:1894.58,1896.4 1 0
github.com/fastertools/ftl-cli/internal/api/client.gen.go:1897.3,1897.27 1 0
github.com/fastertools/ftl-cli/internal/api/client.gen.go:1899.89,1901.58 2 1
github.com/fastertools/ftl-cli/internal/api/client.gen.go:1901.58,1903.4 1 0
github.com/fastertools/ftl-cli/internal/api/client.gen.go:1904.3,1904.27 1 1
github.com/fastertools/ftl-cli/internal/api/client.gen.go:1908.2,1908.22 1 2
github.com/fastertools/ftl-cli/internal/api/client.gen.go:1912.77,1914.15 2 1
github.com/fastertools/ftl-cli/internal/api/client.gen.go:1914.15,1914.39 1 1
github.com/fastertools/ftl-cli/internal/api/client.gen.go:1915.2,1915.16 1 1
github.com/fastertools/ftl-cli/internal/api/client.gen.go:1915.16,1917.3 1 0
github.com/fastertools/ftl-cli/internal/api/client.gen.go:1919.2,1924.9 2 1
github.com/fastertools/ftl-cli/internal/api/client.gen.go:1925.89,1927.58 2 1
github.com/fastertools/ftl-cli/internal/api/client.gen.go:1927.58,1929.4 1 0
github.com/fastertools/ftl-cli/internal/api/client.gen.go:1930.3,1930.27 1 1
github.com/fastertools/ftl-cli/internal/api/client.gen.go:1932.89,1934.58 2 0
github.com/fastertools/ftl-cli/internal/api/client.gen.go:1934.58,1936.4 1 0
github.com/fastertools/ftl-cli/internal/api/client.gen.go:1937.3,1937.27 1 0
github.com/fastertools/ftl-cli/internal/api/client.gen.go:1939.89,1941.58 2 0
github.com/fastertools/ftl-cli/internal/api/client.gen.go:1941.58,1943.4 1 0
github.com/fastertools/ftl-cli/internal/api/client.gen.go:1944.3,1944.27 1 0
github.com/fastertools/ftl-cli/internal/api/client.gen.go:1946.89,1948.58 2 0
github.com/fastertools/ftl-cli/internal/api/client.gen.go:1948.58,1950.4 1 0
github.com/fastertools/ftl-cli/internal/api/client.gen.go:1951.3,1951.27 1 0
github.com/fastertools/ftl-cli/internal/api/client.gen.go:1953.89,1955.58 2 0
github.com/fastertools/ftl-cli/internal/api/client.gen.go:1955.58,1957.4 1 0
github.com/fastertools/ftl-cli/internal/api/client.gen.go:1958.3,1958.27 1 0
github.com/fastertools/ftl-cli/internal/api/client.gen.go:1962.2,1962.22 1 1
github.com/fastertools/ftl-cli/internal/api/client.gen.go:1966.77,1968.15 2 1
github.com/fastertools/ftl-cli/internal/api/client.gen.go:1968.15,1968.39 1 1
github.com/fastertools/ftl-cli/internal/api/client.gen.go:1969.2,1969.16 1 1
github.com/fastertools/ftl-cli/internal/api/client.gen.go:1969.16,1971.3 1 0
github.com/fastertools/ftl-cli/internal/api/client.gen.go:1973.2,1978.9 2 1
github.com/fastertools/ftl-cli/internal/api/client.gen.go:1979.89,1981.58 2 0
github.com/fastertools/ftl-cli/internal/api/client.gen.go:1981.58,1983.4 1 0
github.com/fastertools/ftl-cli/internal/api/client.gen.go:1984.3,1984.27 1 0
github.com/fastertools/ftl-cli/internal/api/client.gen.go:1986.89,1988.58 2 0
github.com/fastertools/ftl-cli/internal/api/client.gen.go:1988.58,1990.4 1 0
github.com/fastertools/ftl-cli/internal/api/client.gen.go:1991.3,1991.27 1 0
github.com/fastertools/ftl-cli/internal/api/client.gen.go:1993.89,1995.58 2 0
github.com/fastertools/ftl-cli/internal/api/client.gen.go:1995.58,1997.4 1 0
github.com/fastertools/ftl-cli/internal/api/client.gen.go:1998.3,1998.27 1 0
github.com/fastertools/ftl-cli/internal/api/client.gen.go:2000.89,2002.58 2 0
github.com/fastertools/ftl-cli/internal/api/client.gen.go:2002.58,2004.4 1 0
github.com/fastertools/ftl-cli/internal/api/client.gen.go:2005.3,2005.27 1 0
github.com/fastertools/ftl-cli/internal/api/client.gen.go:2009.2,2009.22 1 1
github.com/fastertools/ftl-cli/internal/api/client.gen.go:2013.71,2015.15 2 1
github.com/fastertools/ftl-cli/internal/api/client.gen.go:2015.15,2015.39 1 1
github.com/fastertools/ftl-cli/internal/api/client.gen.go:2016.2,2016.16 1 1
github.com/fastertools/ftl-cli/internal/api/client.gen.go:2016.16,2018.3 1 0
github.com/fastertools/ftl-cli/internal/api/client.gen.go:2020.2,2025.9 2 1
github.com/fastertools/ftl-cli/internal/api/client.gen.go:2026.89,2028.58 2 1
github.com/fastertools/ftl-cli/internal/api/client.gen.go:2028.58,2030.4 1 0
github.com/fastertools/ftl-cli/internal/api/client.gen.go:2031.3,2031.27 1 1
github.com/fastertools/ftl-cli/internal/api/client.gen.go:2033.89,2035.58 2 0
github.com/fastertools/ftl-cli/internal/api/client.gen.go:2035.58,2037.4 1 0
github.com/fastertools/ftl-cli/internal/api/client.gen.go:2038.3,2038.27 1 0
github.com/fastertools/ftl-cli/internal/api/client.gen.go:2040.89,2042.58 2 0
github.com/fastertools/ftl-cli/internal/api/client.gen.go:2042.58,2044.4 1 0
github.com/fastertools/ftl-cli/internal/api/client.gen.go:2045.3,2045.27 1 0
github.com/fastertools/ftl-cli/internal/api/client.gen.go:2047.89,2049.58 2 0
github.com/fastertools/ftl-cli/internal/api/client.gen.go:2049.58,2051.4 1 0
github.com/fastertools/ftl-cli/internal/api/client.gen.go:2052.3,2052.27 1 0
github.com/fastertools/ftl-cli/internal/api/client.gen.go:2056.2,2056.22 1 1
github.com/fastertools/ftl-cli/internal/api/client.gen.go:2060.93,2062.15 2 0
github.com/fastertools/ftl-cli/internal/api/client.gen.go:2062.15,2062.39 1 0
github.com/fastertools/ftl-cli/internal/api/client.gen.go:2063.2,2063.16 1 0
github.com/fastertools/ftl-cli/internal/api/client.gen.go:2063.16,2065.3 1 0
github.com/fastertools/ftl-cli/internal/api/client.gen.go:2067.2,2072.9 2 0
github.com/fastertools/ftl-cli/internal/api/client.gen.go:2073.89,2075.58 2 0
github.com/fastertools/ftl-cli/internal/api/client.gen.go:2075.58,2077.4 1 0
github.com/fastertools/ftl-cli/internal/api/client.gen.go:2078.3,2078.27 1 0
github.com/fastertools/ftl-cli/internal/api/client.gen.go:2080.89,2082.58 2 0
github.com/fastertools/ftl-cli/internal/api/client.gen.go:2082.58,2084.4 1 0
github.com/fastertools/ftl-cli/internal/api/client.gen.go:2085.3,2085.27 1 0
github.com/fastertools/ftl-cli/internal/api/client.gen.go:2087.89,2089.58 2 0
github.com/fastertools/ftl-cli/internal/api/client.gen.go:2089.58,2091.4 1 0
github.com/fastertools/ftl-cli/internal/api/client.gen.go:2092.3,2092.27 1 0
github.com/fastertools/ftl-cli/internal/api/client.gen.go:2094.89,2096.58 2 0
github.com/fastertools/ftl-cli/internal/api/client.gen.go:2096.58,2098.4 1 0
github.com/fastertools/ftl-cli/internal/api/client.gen.go:2099.3,2099.27 1 0
github.com/fastertools/ftl-cli/internal/api/client.gen.go:2103.2,2103.22 1 0
github.com/fastertools/ftl-cli/internal/api/client.gen.go:2107.91,2109.15 2 0
github.com/fastertools/ftl-cli/internal/api/client.gen.go:2109.15,2109.39 1 0
github.com/fastertools/ftl-cli/internal/api/client.gen.go:2110.2,2110.16 1 0
github.com/fastertools/ftl-cli/internal/api/client.gen.go:2110.16,2112.3 1 0
github.com/fastertools/ftl-cli/internal/api/client.gen.go:2114.2,2119.9 2 0
github.com/fastertools/ftl-cli/internal/api/client.gen.go:2120.89,2122.58 2 0
github.com/fastertools/ftl-cli/internal/api/client.gen.go:2122.58,2124.4 1 0
github.com/fastertools/ftl-cli/internal/api/client.gen.go:2125.3,2125.27 1 0
github.com/fastertools/ftl-cli/internal/api/client.gen.go:2127.89,2129.58 2 0
github.com/fastertools/ftl-cli/internal/api/client.gen.go:2129.58,2131.4 1 0
github.com/fastertools/ftl-cli/internal/api/client.gen.go:2132.3,2132.27 1 0
github.com/fastertools/ftl-cli/internal/api/client.gen.go:2134.89,2136.58 2 0
github.com/fastertools/ftl-cli/internal/api/client.gen.go:2136.58,2138.4 1 0
github.com/fastertools/ftl-cli/internal/api/client.gen.go:2139.3,2139.27 1 0
github.com/fastertools/ftl-cli/internal/api/client.gen.go:2141.89,2143.58 2 0
github.com/fastertools/ftl-cli/internal/api/client.gen.go:2143.58,2145.4 1 0
github.com/fastertools/ftl-cli/internal/api/client.gen.go:2146.3,2146.27 1 0
github.com/fastertools/ftl-cli/internal/api/client.gen.go:2148.89,2150.58 2 0
github.com/fastertools/ftl-cli/internal/api/client.gen.go:2150.58,2152.4 1 0
github.com/fastertools/ftl-cli/internal/api/client.gen.go:2153.3,2153.27 1 0
github.com/fastertools/ftl-cli/internal/api/client.gen.go:2157.2,2157.22 1 0
github.com/fastertools/ftl-cli/internal/api/client.gen.go:2161.91,2163.15 2 0
github.com/fastertools/ftl-cli/internal/api/client.gen.go:2163.15,2163.39 1 0
github.com/fastertools/ftl-cli/internal/api/client.gen.go:2164.2,2164.16 1 0
github.com/fastertools/ftl-cli/internal/api/client.gen.go:2164.16,2166.3 1 0
github.com/fastertools/ftl-cli/internal/api/client.gen.go:2168.2,2173.9 2 0
github.com/fastertools/ftl-cli/internal/api/client.gen.go:2174.89,2176.58 2 0
github.com/fastertools/ftl-cli/internal/api/client.gen.go:2176.58,2178.4 1 0
github.com/fastertools/ftl-cli/internal/api/client.gen.go:2179.3,2179.27 1 0
github.com/fastertools/ftl-cli/internal/api/client.gen.go:2181.89,2183.58 2 0
github.com/fastertools/ftl-cli/internal/api/client.gen.go:2183.58,2185.4 1 0
github.com/fastertools/ftl-cli/internal/api/client.gen.go:2186.3,2186.27 1 0
github.com/fastertools/ftl-cli/internal/api/client.gen.go:2188.89,2190.58 2 0
github.com/fastertools/ftl-cli/internal/api/client.gen.go:2190.58,2192.4 1 0
github.com/fastertools/ftl-cli/internal/api/client.gen.go:2193.3,2193.27 1 0
github.com/fastertools/ftl-cli/internal/api/client.gen.go:2195.89,2197.58 2 0
github.com/fastertools/ftl-cli/internal/api/client.gen.go:2197.58,2199.4 1 0
github.com/fastertools/ftl-cli/internal/api/client.gen.go:2200.3,2200.27 1 0
github.com/fastertools/ftl-cli/internal/api/client.gen.go:2204.2,2204.22 1 0
github.com/fastertools/ftl-cli/internal/api/client.gen.go:2208.79,2210.15 2 0
github.com/fastertools/ftl-cli/internal/api/client.gen.go:2210.15,2210.39 1 0
github.com/fastertools/ftl-cli/internal/api/client.gen.go:2211.2,2211.16 1 0
github.com/fastertools/ftl-cli/internal/api/client.gen.go:2211.16,2213.3 1 0
github.com/fastertools/ftl-cli/internal/api/client.gen.go:2215.2,2220.9 2 0
github.com/fastertools/ftl-cli/internal/api/client.gen.go:2221.89,2223.58 2 0
github.com/fastertools/ftl-cli/internal/api/client.gen.go:2223.58,2225.4 1 0
github.com/fastertools/ftl-cli/internal/api/client.gen.go:2226.3,2226.27 1 0
github.com/fastertools/ftl-cli/internal/api/client.gen.go:2228.89,2230.58 2 0
github.com/fastertools/ftl-cli/internal/api/client.gen.go:2230.58,2232.4 1 0
github.com/fastertools/ftl-cli/internal/api/client.gen.go:2233.3,2233.27 1 0
github.com/fastertools/ftl-cli/internal/api/client.gen.go:2235.89,2237.58 2 0
github.com/fastertools/ftl-cli/internal/api/client.gen.go:2237.58,2239.4 1 0
github.com/fastertools/ftl-cli/internal/api/client.gen.go:2240.3,2240.27 1 0
github.com/fastertools/ftl-cli/internal/api/client.gen.go:2242.89,2244.58 2 0
github.com/fastertools/ftl-cli/internal/api/client.gen.go:2244.58,2246.4 1 0
github.com/fastertools/ftl-cli/internal/api/client.gen.go:2247.3,2247.27 1 0
github.com/fastertools/ftl-cli/internal/api/client.gen.go:2249.89,2251.58 2 0
github.com/fastertools/ftl-cli/internal/api/client.gen.go:2251.58,2253.4 1 0
github.com/fastertools/ftl-cli/internal/api/client.gen.go:2254.3,2254.27 1 0
github.com/fastertools/ftl-cli/internal/api/client.gen.go:2256.89,2258.58 2 0
github.com/fastertools/ftl-cli/internal/api/client.gen.go:2258.58,2260.4 1 0
github.com/fastertools/ftl-cli/internal/api/client.gen.go:2261.3,2261.27 1 0
github.com/fastertools/ftl-cli/internal/api/client.gen.go:2265.2,2265.22 1 0
github.com/fastertools/ftl-cli/internal/api/client.gen.go:2269.87,2271.15 2 0
github.com/fastertools/ftl-cli/internal/api/client.gen.go:2271.15,2271.39 1 0
github.com/fastertools/ftl-cli/internal/api/client.gen.go:2272.2,2272.16 1 0
github.com/fastertools/ftl-cli/internal/api/client.gen.go:2272.16,2274.3 1 0
github.com/fastertools/ftl-cli/internal/api/client.gen.go:2276.2,2281.9 2 0
github.com/fastertools/ftl-cli/internal/api/client.gen.go:2282.89,2284.58 2 0
github.com/fastertools/ftl-cli/internal/api/client.gen.go:2284.58,2286.4 1 0
github.com/fastertools/ftl-cli/internal/api/client.gen.go:2287.3,2287.27 1 0
github.com/fastertools/ftl-cli/internal/api/client.gen.go:2289.89,2291.58 2 0
github.com/fastertools/ftl-cli/internal/api/client.gen.go:2291.58,2293.4 1 0
github.com/fastertools/ftl-cli/internal/api/client.gen.go:2294.3,2294.27 1 0
github.com/fastertools/ftl-cli/internal/api/client.gen.go:2296.89,2298.58 2 0
github.com/fastertools/ftl-cli/internal/api/client.gen.go:2298.58,2300.4 1 0
github.com/fastertools/ftl-cli/internal/api/client.gen.go:2301.3,2301.27 1 0
github.com/fastertools/ftl-cli/internal/api/client.gen.go:2305.2,2305.22 1 0
github.com/fastertools/ftl-cli/internal/api/client.gen.go:2309.81,2311.15 2 0
github.com/fastertools/ftl-cli/internal/api/client.gen.go:2311.15,2311.39 1 0
github.com/fastertools/ftl-cli/internal/api/client.gen.go:2312.2,2312.16 1 0
github.com/fastertools/ftl-cli/internal/api/client.gen.go:2312.16,2314.3 1 0
github.com/fastertools/ftl-cli/internal/api/client.gen.go:2316.2,2321.9 2 0
github.com/fastertools/ftl-cli/internal/api/client.gen.go:2322.89,2324.58 2 0
github.com/fastertools/ftl-cli/internal/api/client.gen.go:2324.58,2326.4 1 0
github.com/fastertools/ftl-cli/internal/api/client.gen.go:2327.3,2327.27 1 0
github.com/fastertools/ftl-cli/internal/api/client.gen.go:2329.89,2331.58 2 0
github.com/fastertools/ftl-cli/internal/api/client.gen.go:2331.58,2333.4 1 0
github.com/fastertools/ftl-cli/internal/api/client.gen.go:2334.3,2334.27 1 0
github.com/fastertools/ftl-cli/internal/api/client.gen.go:2336.89,2338.58 2 0
github.com/fastertools/ftl-cli/internal/api/client.gen.go:2338.58,2340.4 1 0
github.com/fastertools/ftl-cli/internal/api/client.gen.go:2341.3,2341.27 1 0
github.com/fastertools/ftl-cli/internal/api/client.gen.go:2345.2,2345.22 1 0
github.com/fastertools/ftl-cli/internal/api/client.go:28.82,29.19 1 7
github.com/fastertools/ftl-cli/internal/api/client.go:29.19,31.3 1 1
github.com/fastertools/ftl-cli/internal/api/client.go:34.2,43.16 3 7
github.com/fastertools/ftl-cli/internal/api/client.go:43.16,45.3 1 0
github.com/fastertools/ftl-cli/internal/api/client.go:47.2,51.8 1 7
github.com/fastertools/ftl-cli/internal/api/client.go:61.72,64.16 2 6
github.com/fastertools/ftl-cli/internal/api/client.go:64.16,66.3 1 0
github.com/fastertools/ftl-cli/internal/api/client.go:69.2,72.29 2 6
github.com/fastertools/ftl-cli/internal/api/client.go:76.51,78.2 1 2
github.com/fastertools/ftl-cli/internal/api/client.go:81.54,83.16 2 4
github.com/fastertools/ftl-cli/internal/api/client.go:83.16,85.3 1 2
github.com/fastertools/ftl-cli/internal/api/client.go:86.2,86.35 1 2
github.com/fastertools/ftl-cli/internal/api/client.go:92.106,94.16 2 2
github.com/fastertools/ftl-cli/internal/api/client.go:94.16,96.3 1 0
github.com/fastertools/ftl-cli/internal/api/client.go:98.2,98.51 1 2
github.com/fastertools/ftl-cli/internal/api/client.go:98.51,100.3 1 1
github.com/fastertools/ftl-cli/internal/api/client.go:102.2,102.25 1 1
github.com/fastertools/ftl-cli/internal/api/client.go:102.25,104.3 1 0
github.com/fastertools/ftl-cli/internal/api/client.go:106.2,106.26 1 1
github.com/fastertools/ftl-cli/internal/api/client.go:110.110,113.16 3 1
github.com/fastertools/ftl-cli/internal/api/client.go:113.16,115.3 1 0
github.com/fastertools/ftl-cli/internal/api/client.go:117.2,117.56 1 1
github.com/fastertools/ftl-cli/internal/api/client.go:117.56,119.3 1 0
github.com/fastertools/ftl-cli/internal/api/client.go:121.2,121.25 1 1
github.com/fastertools/ftl-cli/internal/api/client.go:121.25,123.3 1 0
github.com/fastertools/ftl-cli/internal/api/client.go:125.2,125.26 1 1
github.com/fastertools/ftl-cli/internal/api/client.go:129.77,131.16 2 2
github.com/fastertools/ftl-cli/internal/api/client.go:131.16,133.3 1 1
github.com/fastertools/ftl-cli/internal/api/client.go:134.2,136.16 3 1
github.com/fastertools/ftl-cli/internal/api/client.go:136.16,138.3 1 0
github.com/fastertools/ftl-cli/internal/api/client.go:140.2,140.51 1 1
github.com/fastertools/ftl-cli/internal/api/client.go:140.51,142.3 1 0
github.com/fastertools/ftl-cli/internal/api/client.go:144.2,144.25 1 1
github.com/fastertools/ftl-cli/internal/api/client.go:144.25,146.3 1 0
github.com/fastertools/ftl-cli/internal/api/client.go:148.2,148.26 1 1
github.com/fastertools/ftl-cli/internal/api/client.go:152.72,154.16 2 2
github.com/fastertools/ftl-cli/internal/api/client.go:154.16,156.3 1 1
github.com/fastertools/ftl-cli/internal/api/client.go:157.2,159.16 3 1
github.com/fastertools/ftl-cli/internal/api/client.go:159.16,161.3 1 0
github.com/fastertools/ftl-cli/internal/api/client.go:163.2,163.113 1 1
github.com/fastertools/ftl-cli/internal/api/client.go:163.113,165.3 1 0
github.com/fastertools/ftl-cli/internal/api/client.go:167.2,167.12 1 1
github.com/fastertools/ftl-cli/internal/api/client.go:173.129,175.16 2 0
github.com/fastertools/ftl-cli/internal/api/client.go:175.16,177.3 1 0
github.com/fastertools/ftl-cli/internal/api/client.go:178.2,185.16 4 0
github.com/fastertools/ftl-cli/internal/api/client.go:185.16,187.3 1 0
github.com/fastertools/ftl-cli/internal/api/client.go:189.2,189.51 1 0
github.com/fastertools/ftl-cli/internal/api/client.go:189.51,191.3 1 0
github.com/fastertools/ftl-cli/internal/api/client.go:193.2,193.25 1 0
github.com/fastertools/ftl-cli/internal/api/client.go:193.25,195.3 1 0
github.com/fastertools/ftl-cli/internal/api/client.go:197.2,197.26 1 0
github.com/fastertools/ftl-cli/internal/api/client.go:203.145,205.16 2 0
github.com/fastertools/ftl-cli/internal/api/client.go:205.16,207.3 1 0
github.com/fastertools/ftl-cli/internal/api/client.go:208.2,211.16 3 0
github.com/fastertools/ftl-cli/internal/api/client.go:211.16,213.3 1 0
github.com/fastertools/ftl-cli/internal/api/client.go:215.2,215.51 1 0
github.com/fastertools/ftl-cli/internal/api/client.go:215.51,217.3 1 0
github.com/fastertools/ftl-cli/internal/api/client.go:219.2,219.25 1 0
github.com/fastertools/ftl-cli/internal/api/client.go:219.25,221.3 1 0
github.com/fastertools/ftl-cli/internal/api/client.go:223.2,223.26 1 0
github.com/fastertools/ftl-cli/internal/api/client.go:229.145,231.16 2 0
github.com/fastertools/ftl-cli/internal/api/client.go:231.16,233.3 1 0
github.com/fastertools/ftl-cli/internal/api/client.go:234.2,237.16 3 0
github.com/fastertools/ftl-cli/internal/api/client.go:237.16,239.3 1 0
github.com/fastertools/ftl-cli/internal/api/client.go:241.2,241.57 1 0
github.com/fastertools/ftl-cli/internal/api/client.go:241.57,243.3 1 0
github.com/fastertools/ftl-cli/internal/api/client.go:245.2,245.25 1 0
github.com/fastertools/ftl-cli/internal/api/client.go:245.25,247.3 1 0
github.com/fastertools/ftl-cli/internal/api/client.go:249.2,249.26 1 0
github.com/fastertools/ftl-cli/internal/api/client.go:255.88,258.16 3 0
github.com/fastertools/ftl-cli/internal/api/client.go:258.16,260.3 1 0
github.com/fastertools/ftl-cli/internal/api/client.go:262.2,262.51 1 0
github.com/fastertools/ftl-cli/internal/api/client.go:262.51,264.3 1 0
github.com/fastertools/ftl-cli/internal/api/client.go:266.2,266.25 1 0
github.com/fastertools/ftl-cli/internal/api/client.go:266.25,268.3 1 0
github.com/fastertools/ftl-cli/internal/api/client.go:270.2,270.26 1 0
github.com/fastertools/ftl-cli/internal/auth/auth.go:22.58,24.2 1 0
github.com/fastertools/ftl-cli/internal/auth/auth.go:27.70,28.19 1 7
github.com/fastertools/ftl-cli/internal/auth/auth.go:28.19,33.3 1 7
github.com/fastertools/ftl-cli/internal/auth/auth.go:35.2,40.3 1 7
github.com/fastertools/ftl-cli/internal/auth/auth.go:45.106,46.19 1 2
github.com/fastertools/ftl-cli/internal/auth/auth.go:46.19,51.3 1 1
github.com/fastertools/ftl-cli/internal/auth/auth.go:53.2,58.3 1 2
github.com/fastertools/ftl-cli/internal/auth/auth.go:63.126,64.19 1 31
github.com/fastertools/ftl-cli/internal/auth/auth.go:64.19,69.3 1 2
github.com/fastertools/ftl-cli/internal/auth/auth.go:72.2,79.3 2 31
github.com/fastertools/ftl-cli/internal/auth/auth.go:83.85,85.21 1 10
github.com/fastertools/ftl-cli/internal/auth/auth.go:85.21,86.63 1 10
github.com/fastertools/ftl-cli/internal/auth/auth.go:86.63,87.26 1 3
github.com/fastertools/ftl-cli/internal/auth/auth.go:87.26,89.5 1 1
github.com/fastertools/ftl-cli/internal/auth/auth.go:91.4,91.32 1 2
github.com/fastertools/ftl-cli/internal/auth/auth.go:91.32,92.52 1 1
github.com/fastertools/ftl-cli/internal/auth/auth.go:92.52,94.6 1 1
github.com/fastertools/ftl-cli/internal/auth/auth.go:100.2,101.16 2 8
github.com/fastertools/ftl-cli/internal/auth/auth.go:101.16,103.3 1 2
github.com/fastertools/ftl-cli/internal/auth/auth.go:106.2,106.51 1 6
github.com/fastertools/ftl-cli/internal/auth/auth.go:106.51,108.3 1 1
github.com/fastertools/ftl-cli/internal/auth/auth.go:110.2,110.24 1 6
github.com/fastertools/ftl-cli/internal/auth/auth.go:114.113,118.16 3 11
github.com/fastertools/ftl-cli/internal/auth/auth.go:118.16,120.3 1 6
github.com/fastertools/ftl-cli/internal/auth/auth.go:123.2,131.25 2 5
github.com/fastertools/ftl-cli/internal/auth/auth.go:131.25,134.3 2 5
github.com/fastertools/ftl-cli/internal/auth/auth.go:137.2,137.44 1 5
github.com/fastertools/ftl-cli/internal/auth/auth.go:137.44,139.3 1 1
github.com/fastertools/ftl-cli/internal/auth/auth.go:141.2,141.19 1 4
github.com/fastertools/ftl-cli/internal/auth/auth.go:145.68,147.16 2 3
github.com/fastertools/ftl-cli/internal/auth/auth.go:147.16,149.3 1 1
github.com/fastertools/ftl-cli/internal/auth/auth.go:150.2,150.46 1 2
github.com/fastertools/ftl-cli/internal/auth/auth.go:154.34,156.2 1 1
github.com/fastertools/ftl-cli/internal/auth/auth.go:159.40,161.32 2 3
github.com/fastertools/ftl-cli/internal/auth/auth.go:161.32,166.3 1 1
github.com/fastertools/ftl-cli/internal/auth/auth.go:168.2,173.23 2 2
github.com/fastertools/ftl-cli/internal/auth/auth.go:173.23,175.3 1 1
github.com/fastertools/ftl-cli/internal/auth/auth.go:177.2,177.15 1 2
github.com/fastertools/ftl-cli/internal/auth/auth.go:181.65,183.32 2 10
github.com/fastertools/ftl-cli/internal/auth/auth.go:183.32,185.3 1 3
github.com/fastertools/ftl-cli/internal/auth/auth.go:188.2,188.23 1 7
github.com/fastertools/ftl-cli/internal/auth/auth.go:188.23,189.31 1 4
github.com/fastertools/ftl-cli/internal/auth/auth.go:189.31,191.4 1 2
github.com/fastertools/ftl-cli/internal/auth/auth.go:192.3,193.17 2 2
github.com/fastertools/ftl-cli/internal/auth/auth.go:193.17,195.4 1 0
github.com/fastertools/ftl-cli/internal/auth/auth.go:196.3,196.20 1 2
github.com/fastertools/ftl-cli/internal/auth/auth.go:199.2,199.31 1 5
github.com/fastertools/ftl-cli/internal/auth/auth.go:203.90,204.30 1 6
github.com/fastertools/ftl-cli/internal/auth/auth.go:204.30,206.3 1 1
github.com/fastertools/ftl-cli/internal/auth/auth.go:208.2,209.16 2 5
github.com/fastertools/ftl-cli/internal/auth/auth.go:209.16,211.3 1 1
github.com/fastertools/ftl-cli/internal/auth/auth.go:214.2,222.30 2 4
github.com/fastertools/ftl-cli/internal/auth/auth.go:222.30,224.3 1 3
github.com/fastertools/ftl-cli/internal/auth/auth.go:227.2,227.25 1 4
github.com/fastertools/ftl-cli/internal/auth/auth.go:227.25,230.3 2 4
github.com/fastertools/ftl-cli/internal/auth/auth.go:233.2,233.47 1 4
github.com/fastertools/ftl-cli/internal/auth/auth.go:233.47,235.3 1 0
github.com/fastertools/ftl-cli/internal/auth/auth.go:237.2,237.22 1 4
github.com/fastertools/ftl-cli/internal/auth/auth.go:241.74,243.2 1 3
github.com/fastertools/ftl-cli/internal/auth/mocks.go:38.95,48.34 4 9
github.com/fastertools/ftl-cli/internal/auth/mocks.go:48.34,50.3 1 8
github.com/fastertools/ftl-cli/internal/auth/mocks.go:53.2,59.8 1 1
github.com/fastertools/ftl-cli/internal/auth/mocks.go:63.130,77.31 4 12
github.com/fastertools/ftl-cli/internal/auth/mocks.go:77.31,79.3 1 11
github.com/fastertools/ftl-cli/internal/auth/mocks.go:82.2,87.8 1 1
github.com/fastertools/ftl-cli/internal/auth/mocks.go:91.108,103.31 4 6
github.com/fastertools/ftl-cli/internal/auth/mocks.go:103.31,105.3 1 5
github.com/fastertools/ftl-cli/internal/auth/mocks.go:108.2,113.8 1 1
github.com/fastertools/ftl-cli/internal/auth/mocks.go:117.37,124.2 5 1
github.com/fastertools/ftl-cli/internal/auth/mocks.go:141.72,151.21 4 20
github.com/fastertools/ftl-cli/internal/auth/mocks.go:151.21,153.3 1 19
github.com/fastertools/ftl-cli/internal/auth/mocks.go:156.2,156.66 1 1
github.com/fastertools/ftl-cli/internal/auth/mocks.go:160.34,165.2 3 1
github.com/fastertools/ftl-cli/internal/auth/mocks.go:182.55,192.26 4 3
github.com/fastertools/ftl-cli/internal/auth/mocks.go:192.26,194.3 1 1
github.com/fastertools/ftl-cli/internal/auth/mocks.go:197.2,197.12 1 2
github.com/fastertools/ftl-cli/internal/auth/mocks.go:201.37,206.2 3 1
github.com/fastertools/ftl-cli/internal/auth/mocks.go:219.36,225.2 1 27
github.com/fastertools/ftl-cli/internal/auth/mocks.go:228.88,229.90 1 8
github.com/fastertools/ftl-cli/internal/auth/mocks.go:229.90,231.3 1 6
github.com/fastertools/ftl-cli/internal/auth/mocks.go:232.2,232.10 1 8
github.com/fastertools/ftl-cli/internal/auth/mocks.go:237.78,238.125 1 9
github.com/fastertools/ftl-cli/internal/auth/mocks.go:238.125,240.34 1 9
github.com/fastertools/ftl-cli/internal/auth/mocks.go:240.34,242.11 1 15
github.com/fastertools/ftl-cli/internal/auth/mocks.go:243.22,244.26 1 0
github.com/fastertools/ftl-cli/internal/auth/mocks.go:245.12,245.12 0 15
github.com/fastertools/ftl-cli/internal/auth/mocks.go:248.4,248.28 1 15
github.com/fastertools/ftl-cli/internal/auth/mocks.go:249.24,251.18 1 5
github.com/fastertools/ftl-cli/internal/auth/mocks.go:252.21,254.35 1 8
github.com/fastertools/ftl-cli/internal/auth/mocks.go:254.35,257.14 2 4
github.com/fastertools/ftl-cli/internal/auth/mocks.go:259.5,259.23 1 4
github.com/fastertools/ftl-cli/internal/auth/mocks.go:259.23,262.14 2 2
github.com/fastertools/ftl-cli/internal/auth/mocks.go:265.5,265.18 1 2
github.com/fastertools/ftl-cli/internal/auth/mocks.go:266.15,267.18 1 2
github.com/fastertools/ftl-cli/internal/auth/mocks.go:268.12,269.62 1 0
github.com/fastertools/ftl-cli/internal/auth/mocks.go:274.3,274.82 1 0
github.com/fastertools/ftl-cli/internal/auth/mocks.go:276.2,276.10 1 9
github.com/fastertools/ftl-cli/internal/auth/mocks.go:280.85,281.103 1 5
github.com/fastertools/ftl-cli/internal/auth/mocks.go:281.103,283.3 1 5
github.com/fastertools/ftl-cli/internal/auth/mocks.go:284.2,284.10 1 5
github.com/fastertools/ftl-cli/internal/auth/mocks.go:288.78,291.2 2 8
github.com/fastertools/ftl-cli/internal/auth/mocks.go:294.62,297.2 2 1
github.com/fastertools/ftl-cli/internal/auth/mocks.go:300.74,307.2 3 27
github.com/fastertools/ftl-cli/internal/auth/mocks.go:313.36,315.2 1 10
github.com/fastertools/ftl-cli/internal/auth/mocks.go:318.38,320.2 1 22
github.com/fastertools/ftl-cli/internal/auth/mocks.go:323.57,330.2 1 7
github.com/fastertools/ftl-cli/internal/auth/mocks.go:333.55,340.2 1 3
github.com/fastertools/ftl-cli/internal/auth/mocks.go:343.64,352.2 1 17
github.com/fastertools/ftl-cli/internal/auth/mocks.go:355.54,362.2 1 7
github.com/fastertools/ftl-cli/internal/auth/mocks.go:365.63,369.2 1 4
github.com/fastertools/ftl-cli/internal/auth/mocks.go:372.51,376.2 1 3
github.com/fastertools/ftl-cli/internal/auth/mocks.go:379.55,384.2 1 1
github.com/fastertools/ftl-cli/internal/auth/mocks.go:387.55,392.2 1 1
github.com/fastertools/ftl-cli/internal/auth/oauth.go:25.66,26.25 1 10
github.com/fastertools/ftl-cli/internal/auth/oauth.go:26.25,28.3 1 1
github.com/fastertools/ftl-cli/internal/auth/oauth.go:29.2,29.20 1 10
github.com/fastertools/ftl-cli/internal/auth/oauth.go:29.20,31.3 1 1
github.com/fastertools/ftl-cli/internal/auth/oauth.go:33.2,37.3 1 10
github.com/fastertools/ftl-cli/internal/auth/oauth.go:41.89,50.16 4 6
github.com/fastertools/ftl-cli/internal/auth/oauth.go:50.16,52.3 1 0
github.com/fastertools/ftl-cli/internal/auth/oauth.go:53.2,56.16 3 6
github.com/fastertools/ftl-cli/internal/auth/oauth.go:56.16,58.3 1 2
github.com/fastertools/ftl-cli/internal/auth/oauth.go:59.2,59.15 1 4
github.com/fastertools/ftl-cli/internal/auth/oauth.go:59.15,59.40 1 4
github.com/fastertools/ftl-cli/internal/auth/oauth.go:61.2,62.16 2 4
github.com/fastertools/ftl-cli/internal/auth/oauth.go:62.16,64.3 1 0
github.com/fastertools/ftl-cli/internal/auth/oauth.go:66.2,66.38 1 4
github.com/fastertools/ftl-cli/internal/auth/oauth.go:66.38,68.3 1 1
github.com/fastertools/ftl-cli/internal/auth/oauth.go:70.2,71.56 2 3
github.com/fastertools/ftl-cli/internal/auth/oauth.go:71.56,73.3 1 1
github.com/fastertools/ftl-cli/internal/auth/oauth.go:76.2,76.28 1 2
github.com/fastertools/ftl-cli/internal/auth/oauth.go:76.28,78.3 1 1
github.com/fastertools/ftl-cli/internal/auth/oauth.go:80.2,80.23 1 2
github.com/fastertools/ftl-cli/internal/auth/oauth.go:84.124,92.6 5 6
github.com/fastertools/ftl-cli/internal/auth/oauth.go:92.6,93.10 1 11
github.com/fastertools/ftl-cli/internal/auth/oauth.go:94.21,95.25 1 1
github.com/fastertools/ftl-cli/internal/auth/oauth.go:96.19,97.34 1 10
github.com/fastertools/ftl-cli/internal/auth/oauth.go:97.34,99.5 1 0
github.com/fastertools/ftl-cli/internal/auth/oauth.go:101.4,102.18 2 10
github.com/fastertools/ftl-cli/internal/auth/oauth.go:102.18,104.46 1 7
github.com/fastertools/ftl-cli/internal/auth/oauth.go:104.46,105.43 1 7
github.com/fastertools/ftl-cli/internal/auth/oauth.go:105.43,107.15 1 4
github.com/fastertools/ftl-cli/internal/auth/oauth.go:109.6,109.31 1 3
github.com/fastertools/ftl-cli/internal/auth/oauth.go:109.31,112.15 2 1
github.com/fastertools/ftl-cli/internal/auth/oauth.go:114.6,114.30 1 2
github.com/fastertools/ftl-cli/internal/auth/oauth.go:114.30,116.7 1 1
github.com/fastertools/ftl-cli/internal/auth/oauth.go:118.5,118.20 1 1
github.com/fastertools/ftl-cli/internal/auth/oauth.go:121.4,121.21 1 3
github.com/fastertools/ftl-cli/internal/auth/oauth.go:127.110,135.16 3 10
github.com/fastertools/ftl-cli/internal/auth/oauth.go:135.16,137.3 1 0
github.com/fastertools/ftl-cli/internal/auth/oauth.go:138.2,141.16 3 10
github.com/fastertools/ftl-cli/internal/auth/oauth.go:141.16,143.3 1 0
github.com/fastertools/ftl-cli/internal/auth/oauth.go:144.2,144.15 1 10
github.com/fastertools/ftl-cli/internal/auth/oauth.go:144.15,144.40 1 10
github.com/fastertools/ftl-cli/internal/auth/oauth.go:146.2,147.16 2 10
github.com/fastertools/ftl-cli/internal/auth/oauth.go:147.16,149.3 1 0
github.com/fastertools/ftl-cli/internal/auth/oauth.go:152.2,152.46 1 10
github.com/fastertools/ftl-cli/internal/auth/oauth.go:152.46,154.57 2 7
github.com/fastertools/ftl-cli/internal/auth/oauth.go:154.57,156.4 1 0
github.com/fastertools/ftl-cli/internal/auth/oauth.go:157.3,157.24 1 7
github.com/fastertools/ftl-cli/internal/auth/oauth.go:160.2,160.38 1 3
github.com/fastertools/ftl-cli/internal/auth/oauth.go:160.38,162.3 1 0
github.com/fastertools/ftl-cli/internal/auth/oauth.go:164.2,165.57 2 3
github.com/fastertools/ftl-cli/internal/auth/oauth.go:165.57,167.3 1 0
github.com/fastertools/ftl-cli/internal/auth/oauth.go:169.2,169.24 1 3
github.com/fastertools/ftl-cli/internal/auth/oauth.go:173.102,183.16 4 3
github.com/fastertools/ftl-cli/internal/auth/oauth.go:183.16,185.3 1 0
github.com/fastertools/ftl-cli/internal/auth/oauth.go:186.2,189.16 3 3
github.com/fastertools/ftl-cli/internal/auth/oauth.go:189.16,191.3 1 1
github.com/fastertools/ftl-cli/internal/auth/oauth.go:192.2,192.15 1 2
github.com/fastertools/ftl-cli/internal/auth/oauth.go:192.15,192.40 1 2
github.com/fastertools/ftl-cli/internal/auth/oauth.go:194.2,195.16 2 2
github.com/fastertools/ftl-cli/internal/auth/oauth.go:195.16,197.3 1 0
github.com/fastertools/ftl-cli/internal/auth/oauth.go:199.2,199.38 1 2
github.com/fastertools/ftl-cli/internal/auth/oauth.go:199.38,201.3 1 1
github.com/fastertools/ftl-cli/internal/auth/oauth.go:203.2,204.57 2 1
github.com/fastertools/ftl-cli/internal/auth/oauth.go:204.57,206.3 1 0
github.com/fastertools/ftl-cli/internal/auth/oauth.go:208.2,208.24 1 1
github.com/fastertools/ftl-cli/internal/auth/oauth.go:212.37,213.30 1 4
github.com/fastertools/ftl-cli/internal/auth/oauth.go:213.30,215.3 1 3
github.com/fastertools/ftl-cli/internal/auth/oauth.go:216.2,216.20 1 1
github.com/fastertools/ftl-cli/internal/auth/storage.go:26.47,29.2 1 2
github.com/fastertools/ftl-cli/internal/auth/storage.go:32.53,34.16 2 4
github.com/fastertools/ftl-cli/internal/auth/storage.go:34.16,35.33 1 2
github.com/fastertools/ftl-cli/internal/auth/storage.go:35.33,37.4 1 2
github.com/fastertools/ftl-cli/internal/auth/storage.go:38.3,38.64 1 0
github.com/fastertools/ftl-cli/internal/auth/storage.go:41.2,42.61 2 2
github.com/fastertools/ftl-cli/internal/auth/storage.go:42.61,44.3 1 0
github.com/fastertools/ftl-cli/internal/auth/storage.go:46.2,46.20 1 2
github.com/fastertools/ftl-cli/internal/auth/storage.go:50.55,51.18 1 4
github.com/fastertools/ftl-cli/internal/auth/storage.go:51.18,53.3 1 1
github.com/fastertools/ftl-cli/internal/auth/storage.go:55.2,56.16 2 3
github.com/fastertools/ftl-cli/internal/auth/storage.go:56.16,58.3 1 0
github.com/fastertools/ftl-cli/internal/auth/storage.go:60.2,60.83 1 3
github.com/fastertools/ftl-cli/internal/auth/storage.go:60.83,62.3 1 1
github.com/fastertools/ftl-cli/internal/auth/storage.go:64.2,64.12 1 2
github.com/fastertools/ftl-cli/internal/auth/storage.go:68.39,70.46 2 2
github.com/fastertools/ftl-cli/internal/auth/storage.go:70.46,72.3 1 0
github.com/fastertools/ftl-cli/internal/auth/storage.go:73.2,73.12 1 2
github.com/fastertools/ftl-cli/internal/auth/storage.go:77.38,80.2 2 4
github.com/fastertools/ftl-cli/internal/auth/storage.go:83.55,88.2 1 2
github.com/fastertools/ftl-cli/internal/auth/storage.go:97.61,99.2 1 51
github.com/fastertools/ftl-cli/internal/auth/storage.go:102.50,103.18 1 27
github.com/fastertools/ftl-cli/internal/auth/storage.go:103.18,105.3 1 2
github.com/fastertools/ftl-cli/internal/auth/storage.go:106.2,106.21 1 25
github.com/fastertools/ftl-cli/internal/auth/storage.go:110.52,111.18 1 11
github.com/fastertools/ftl-cli/internal/auth/storage.go:111.18,113.3 1 2
github.com/fastertools/ftl-cli/internal/auth/storage.go:114.2,115.12 2 9
github.com/fastertools/ftl-cli/internal/auth/storage.go:119.36,120.18 1 3
github.com/fastertools/ftl-cli/internal/auth/storage.go:120.18,122.3 1 1
github.com/fastertools/ftl-cli/internal/auth/storage.go:123.2,124.12 2 2
github.com/fastertools/ftl-cli/internal/auth/storage.go:128.35,130.2 1 4
github.com/fastertools/ftl-cli/internal/auth/types.go:22.40,23.24 1 15
github.com/fastertools/ftl-cli/internal/auth/types.go:23.24,25.3 1 1
github.com/fastertools/ftl-cli/internal/auth/types.go:26.2,26.39 1 14
github.com/fastertools/ftl-cli/internal/auth/types.go:30.55,31.24 1 3
github.com/fastertools/ftl-cli/internal/auth/types.go:31.24,33.3 1 1
github.com/fastertools/ftl-cli/internal/auth/types.go:34.2,34.33 1 2
github.com/fastertools/ftl-cli/internal/auth/types.go:71.52,73.2 1 17
github.com/fastertools/ftl-cli/internal/auth/types.go:76.40,78.2 1 10
github.com/fastertools/ftl-cli/internal/auth/types.go:81.39,83.2 1 4
github.com/fastertools/ftl-cli/pkg/types/types.go:54.73,56.36 1 8
github.com/fastertools/ftl-cli/pkg/types/types.go:56.36,58.3 1 2
github.com/fastertools/ftl-cli/pkg/types/types.go:61.2,61.50 1 6
github.com/fastertools/ftl-cli/pkg/types/types.go:61.50,63.42 2 3
github.com/fastertools/ftl-cli/pkg/types/types.go:63.42,65.4 1 3
github.com/fastertools/ftl-cli/pkg/types/types.go:66.3,66.41 1 3
github.com/fastertools/ftl-cli/pkg/types/types.go:66.41,68.4 1 2
github.com/fastertools/ftl-cli/pkg/types/types.go:69.3,69.41 1 3
github.com/fastertools/ftl-cli/pkg/types/types.go:69.41,71.4 1 2
github.com/fastertools/ftl-cli/pkg/types/types.go:73.3,73.67 1 3
github.com/fastertools/ftl-cli/pkg/types/types.go:73.67,75.4 1 2
github.com/fastertools/ftl-cli/pkg/types/types.go:76.3,76.17 1 1
github.com/fastertools/ftl-cli/pkg/types/types.go:80.2,80.55 1 3
github.com/fastertools/ftl-cli/pkg/types/types.go:80.55,82.42 2 1
github.com/fastertools/ftl-cli/pkg/types/types.go:82.42,84.4 1 1
github.com/fastertools/ftl-cli/pkg/types/types.go:85.3,85.41 1 1
github.com/fastertools/ftl-cli/pkg/types/types.go:85.41,87.4 1 1
github.com/fastertools/ftl-cli/pkg/types/types.go:88.3,88.41 1 1
github.com/fastertools/ftl-cli/pkg/types/types.go:88.41,90.4 1 1
github.com/fastertools/ftl-cli/pkg/types/types.go:92.3,92.67 1 1
github.com/fastertools/ftl-cli/pkg/types/types.go:92.67,94.4 1 1
github.com/fastertools/ftl-cli/pkg/types/types.go:95.3,95.17 1 0
github.com/fastertools/ftl-cli/pkg/types/types.go:98.2,98.16 1 2
github.com/fastertools/ftl-cli/internal/ftl/deployment.go:66.94,68.39 1 0
github.com/fastertools/ftl-cli/internal/ftl/deployment.go:68.39,70.3 1 0
github.com/fastertools/ftl-cli/internal/ftl/deployment.go:73.2,73.38 1 0
github.com/fastertools/ftl-cli/internal/ftl/deployment.go:73.38,74.28 1 0
github.com/fastertools/ftl-cli/internal/ftl/deployment.go:74.28,76.4 1 0
github.com/fastertools/ftl-cli/internal/ftl/deployment.go:79.2,86.30 2 0
github.com/fastertools/ftl-cli/internal/ftl/deployment.go:86.30,89.3 2 0
github.com/fastertools/ftl-cli/internal/ftl/deployment.go:92.2,92.100 1 0
github.com/fastertools/ftl-cli/internal/ftl/deployment.go:92.100,93.46 1 0
github.com/fastertools/ftl-cli/internal/ftl/deployment.go:93.46,98.4 1 0
github.com/fastertools/ftl-cli/internal/ftl/deployment.go:102.2,102.126 1 0
github.com/fastertools/ftl-cli/internal/ftl/deployment.go:102.126,104.3 1 0
github.com/fastertools/ftl-cli/internal/ftl/deployment.go:106.2,106.17 1 0
github.com/fastertools/ftl-cli/internal/ftl/deployment.go:119.78,123.30 2 0
github.com/fastertools/ftl-cli/internal/ftl/deployment.go:123.30,125.3 1 0
github.com/fastertools/ftl-cli/internal/ftl/deployment.go:128.2,131.39 2 0
github.com/fastertools/ftl-cli/internal/ftl/deployment.go:131.39,133.3 1 0
github.com/fastertools/ftl-cli/internal/ftl/deployment.go:136.2,138.16 3 0
github.com/fastertools/ftl-cli/internal/ftl/deployment.go:138.16,140.3 1 0
github.com/fastertools/ftl-cli/internal/ftl/deployment.go:143.2,143.28 1 0
github.com/fastertools/ftl-cli/internal/ftl/deployment.go:143.28,144.32 1 0
github.com/fastertools/ftl-cli/internal/ftl/deployment.go:144.32,146.4 1 0
github.com/fastertools/ftl-cli/internal/ftl/deployment.go:148.3,148.41 1 0
github.com/fastertools/ftl-cli/internal/ftl/deployment.go:148.41,152.4 1 0
github.com/fastertools/ftl-cli/internal/ftl/deployment.go:155.2,155.22 1 0
github.com/fastertools/ftl-cli/internal/ftl/deployment.go:159.59,167.2 2 0
github.com/fastertools/ftl-cli/internal/ftl/deployment.go:170.62,178.51 3 0
github.com/fastertools/ftl-cli/internal/ftl/deployment.go:178.51,180.3 1 0
github.com/fastertools/ftl-cli/internal/ftl/deployment.go:182.2,182.12 1 0
github.com/fastertools/ftl-cli/internal/ftl/ecr_auth.go:18.76,21.16 2 0
github.com/fastertools/ftl-cli/internal/ftl/ecr_auth.go:21.16,23.3 1 0
github.com/fastertools/ftl-cli/internal/ftl/ecr_auth.go:26.2,27.42 2 0
github.com/fastertools/ftl-cli/internal/ftl/ecr_auth.go:27.42,29.3 1 0
github.com/fastertools/ftl-cli/internal/ftl/ecr_auth.go:32.2,39.8 3 0
github.com/fastertools/ftl-cli/internal/ftl/synthesis.go:70.36,74.2 1 1
github.com/fastertools/ftl-cli/internal/ftl/synthesis.go:77.81,82.39 2 4
github.com/fastertools/ftl-cli/internal/ftl/synthesis.go:82.39,84.3 1 0
github.com/fastertools/ftl-cli/internal/ftl/synthesis.go:87.2,88.16 2 4
github.com/fastertools/ftl-cli/internal/ftl/synthesis.go:88.16,90.3 1 0
github.com/fastertools/ftl-cli/internal/ftl/synthesis.go:93.2,109.24 3 4
github.com/fastertools/ftl-cli/internal/ftl/synthesis.go:109.24,111.3 1 0
github.com/fastertools/ftl-cli/internal/ftl/synthesis.go:114.2,116.16 3 4
github.com/fastertools/ftl-cli/internal/ftl/synthesis.go:116.16,118.3 1 0
github.com/fastertools/ftl-cli/internal/ftl/synthesis.go:120.2,121.27 2 4
github.com/fastertools/ftl-cli/internal/ftl/synthesis.go:121.27,123.3 1 0
github.com/fastertools/ftl-cli/internal/ftl/synthesis.go:126.2,127.24 2 4
github.com/fastertools/ftl-cli/internal/ftl/synthesis.go:127.24,130.52 2 0
github.com/fastertools/ftl-cli/internal/ftl/synthesis.go:130.52,131.42 1 0
github.com/fastertools/ftl-cli/internal/ftl/synthesis.go:131.42,133.5 1 0
github.com/fastertools/ftl-cli/internal/ftl/synthesis.go:134.4,134.44 1 0
github.com/fastertools/ftl-cli/internal/ftl/synthesis.go:134.44,136.5 1 0
github.com/fastertools/ftl-cli/internal/ftl/synthesis.go:138.3,138.62 1 0
github.com/fastertools/ftl-cli/internal/ftl/synthesis.go:142.2,143.32 2 4
github.com/fastertools/ftl-cli/internal/ftl/synthesis.go:143.32,145.3 1 0
github.com/fastertools/ftl-cli/internal/ftl/synthesis.go:148.2,149.56 2 4
github.com/fastertools/ftl-cli/internal/ftl/synthesis.go:149.56,151.3 1 0
github.com/fastertools/ftl-cli/internal/ftl/synthesis.go:153.2,153.23 1 4
github.com/fastertools/ftl-cli/internal/ftl/synthesis.go:157.74,160.39 2 0
github.com/fastertools/ftl-cli/internal/ftl/synthesis.go:160.39,162.3 1 0
github.com/fastertools/ftl-cli/internal/ftl/synthesis.go:165.2,166.16 2 0
github.com/fastertools/ftl-cli/internal/ftl/synthesis.go:166.16,168.3 1 0
github.com/fastertools/ftl-cli/internal/ftl/synthesis.go:171.2,187.24 3 0
github.com/fastertools/ftl-cli/internal/ftl/synthesis.go:187.24,189.3 1 0
github.com/fastertools/ftl-cli/internal/ftl/synthesis.go:192.2,194.16 3 0
github.com/fastertools/ftl-cli/internal/ftl/synthesis.go:194.16,196.3 1 0
github.com/fastertools/ftl-cli/internal/ftl/synthesis.go:198.2,199.27 2 0
github.com/fastertools/ftl-cli/internal/ftl/synthesis.go:199.27,201.3 1 0
github.com/fastertools/ftl-cli/internal/ftl/synthesis.go:204.2,205.24 2 0
github.com/fastertools/ftl-cli/internal/ftl/synthesis.go:205.24,207.3 1 0
github.com/fastertools/ftl-cli/internal/ftl/synthesis.go:210.2,211.32 2 0
github.com/fastertools/ftl-cli/internal/ftl/synthesis.go:211.32,213.3 1 0
github.com/fastertools/ftl-cli/internal/ftl/synthesis.go:216.2,218.54 3 0
github.com/fastertools/ftl-cli/internal/ftl/synthesis.go:218.54,220.3 1 0
github.com/fastertools/ftl-cli/internal/ftl/synthesis.go:222.2,222.26 1 0
github.com/fastertools/ftl-cli/internal/ftl/synthesis.go:226.82,228.55 2 0
github.com/fastertools/ftl-cli/internal/ftl/synthesis.go:228.55,230.3 1 0
github.com/fastertools/ftl-cli/internal/ftl/synthesis.go:232.2,232.33 1 0
github.com/fastertools/ftl-cli/internal/ftl/synthesis.go:236.82,238.55 2 0
github.com/fastertools/ftl-cli/internal/ftl/synthesis.go:238.55,240.3 1 0
github.com/fastertools/ftl-cli/internal/ftl/synthesis.go:242.2,242.33 1 0
github.com/fastertools/ftl-cli/internal/ftl/types.go:42.52,42.67 1 1
github.com/fastertools/ftl-cli/internal/ftl/types.go:43.52,43.72 1 1
github.com/fastertools/ftl-cli/internal/ftl/types.go:44.52,44.66 1 0
github.com/fastertools/ftl-cli/internal/ftl/types.go:53.56,53.72 1 0
github.com/fastertools/ftl-cli/internal/ftl/types.go:54.56,54.69 1 0
github.com/fastertools/ftl-cli/internal/ftl/types.go:55.56,55.68 1 0
github.com/fastertools/ftl-cli/internal/ftl/types.go:58.65,59.19 1 2
github.com/fastertools/ftl-cli/internal/ftl/types.go:59.19,61.3 1 0
github.com/fastertools/ftl-cli/internal/ftl/types.go:62.2,63.16 2 2
github.com/fastertools/ftl-cli/internal/ftl/types.go:67.53,68.19 1 2
github.com/fastertools/ftl-cli/internal/ftl/types.go:68.19,70.3 1 0
github.com/fastertools/ftl-cli/internal/ftl/types.go:71.2,72.26 2 2
github.com/fastertools/ftl-cli/internal/ftl/types.go:109.37,110.21 1 12
github.com/fastertools/ftl-cli/internal/ftl/types.go:110.21,112.3 1 0
github.com/fastertools/ftl-cli/internal/ftl/types.go:113.2,113.20 1 12
github.com/fastertools/ftl-cli/internal/ftl/types.go:113.20,115.3 1 2
github.com/fastertools/ftl-cli/internal/ftl/types.go:116.2,116.27 1 12
github.com/fastertools/ftl-cli/internal/ftl/types.go:116.27,118.3 1 5
github.com/fastertools/ftl-cli/internal/ftl/types.go:119.2,119.69 1 12
github.com/fastertools/ftl-cli/internal/ftl/types.go:119.69,121.3 1 7
github.com/fastertools/ftl-cli/internal/ftl/types.go:125.40,126.18 1 12
github.com/fastertools/ftl-cli/internal/ftl/types.go:126.18,128.3 1 1
github.com/fastertools/ftl-cli/internal/ftl/types.go:131.2,131.26 1 11
github.com/fastertools/ftl-cli/internal/ftl/types.go:131.26,133.3 1 1
github.com/fastertools/ftl-cli/internal/ftl/types.go:136.2,136.36 1 10
github.com/fastertools/ftl-cli/internal/ftl/types.go:136.36,137.41 1 0
github.com/fastertools/ftl-cli/internal/ftl/types.go:137.41,139.4 1 0
github.com/fastertools/ftl-cli/internal/ftl/types.go:143.2,143.18 1 10
github.com/fastertools/ftl-cli/internal/ftl/types.go:144.20,145.44 1 2
github.com/fastertools/ftl-cli/internal/ftl/types.go:145.44,147.4 1 0
github.com/fastertools/ftl-cli/internal/ftl/types.go:148.3,148.29 1 2
github.com/fastertools/ftl-cli/internal/ftl/types.go:148.29,150.4 1 0
github.com/fastertools/ftl-cli/internal/ftl/types.go:151.3,151.31 1 2
github.com/fastertools/ftl-cli/internal/ftl/types.go:151.31,153.4 1 0
github.com/fastertools/ftl-cli/internal/ftl/types.go:154.17,155.44 1 2
github.com/fastertools/ftl-cli/internal/ftl/types.go:155.44,157.4 1 0
github.com/fastertools/ftl-cli/internal/ftl/types.go:158.3,158.25 1 2
github.com/fastertools/ftl-cli/internal/ftl/types.go:158.25,160.4 1 0
github.com/fastertools/ftl-cli/internal/ftl/types.go:161.21,163.44 1 2
github.com/fastertools/ftl-cli/internal/ftl/types.go:163.44,164.30 1 0
github.com/fastertools/ftl-cli/internal/ftl/types.go:164.30,166.5 1 0
github.com/fastertools/ftl-cli/internal/ftl/types.go:168.20,168.20 0 4
github.com/fastertools/ftl-cli/internal/ftl/types.go:170.10,171.57 1 0
github.com/fastertools/ftl-cli/internal/ftl/types.go:174.2,174.12 1 10
github.com/fastertools/ftl-cli/internal/ftl/types.go:178.38,179.16 1 0
github.com/fastertools/ftl-cli/internal/ftl/types.go:179.16,181.3 1 0
github.com/fastertools/ftl-cli/internal/ftl/types.go:183.2,183.24 1 0
github.com/fastertools/ftl-cli/internal/ftl/types.go:183.24,185.3 1 0
github.com/fastertools/ftl-cli/internal/ftl/types.go:187.2,187.21 1 0
github.com/fastertools/ftl-cli/internal/ftl/types.go:187.21,189.3 1 0
github.com/fastertools/ftl-cli/internal/ftl/types.go:191.2,191.12 1 0
github.com/fastertools/ftl-cli/internal/ftl/types.go:195.36,196.20 1 11
github.com/fastertools/ftl-cli/internal/ftl/types.go:196.20,198.3 1 0
github.com/fastertools/ftl-cli/internal/ftl/types.go:200.2,200.26 1 11
github.com/fastertools/ftl-cli/internal/ftl/types.go:200.26,201.39 1 81
github.com/fastertools/ftl-cli/internal/ftl/types.go:201.39,203.4 1 1
github.com/fastertools/ftl-cli/internal/ftl/types.go:204.3,204.68 1 80
github.com/fastertools/ftl-cli/internal/ftl/types.go:204.68,206.4 1 0
github.com/fastertools/ftl-cli/internal/ftl/types.go:209.2,209.13 1 10
github.com/fastertools/ftl-cli/internal/ftl/types.go:213.54,222.51 3 0
github.com/fastertools/ftl-cli/internal/ftl/types.go:222.51,224.3 1 0
github.com/fastertools/ftl-cli/internal/ftl/types.go:227.2,228.63 2 0
github.com/fastertools/ftl-cli/internal/ftl/types.go:228.63,231.3 2 0
github.com/fastertools/ftl-cli/internal/ftl/types.go:234.2,235.63 2 0
github.com/fastertools/ftl-cli/internal/ftl/types.go:235.63,238.3 2 0
github.com/fastertools/ftl-cli/internal/ftl/types.go:240.2,240.54 1 0
github.com/fastertools/ftl-cli/internal/ftl/types.go:244.50,248.21 3 0
github.com/fastertools/ftl-cli/internal/ftl/types.go:248.21,249.25 1 0
github.com/fastertools/ftl-cli/internal/ftl/types.go:249.25,251.4 1 0
github.com/fastertools/ftl-cli/internal/ftl/types.go:251.9,253.4 1 0
github.com/fastertools/ftl-cli/internal/ftl/types.go:256.2,262.4 1 0
github.com/fastertools/ftl-cli/internal/ftl/types.go:266.59,275.43 3 0
github.com/fastertools/ftl-cli/internal/ftl/types.go:275.43,277.3 1 0
github.com/fastertools/ftl-cli/internal/ftl/types.go:280.2,281.54 2 0
github.com/fastertools/ftl-cli/internal/ftl/types.go:281.54,284.3 2 0
github.com/fastertools/ftl-cli/internal/ftl/types.go:287.2,288.54 2 0
github.com/fastertools/ftl-cli/internal/ftl/types.go:288.54,291.3 2 0
github.com/fastertools/ftl-cli/internal/ftl/types.go:293.2,293.54 1 0
github.com/fastertools/ftl-cli/internal/ftl/types.go:297.55,299.21 2 0
github.com/fastertools/ftl-cli/internal/ftl/types.go:299.21,300.25 1 0
github.com/fastertools/ftl-cli/internal/ftl/types.go:300.25,302.4 1 0
github.com/fastertools/ftl-cli/internal/ftl/types.go:302.9,304.4 1 0
github.com/fastertools/ftl-cli/internal/ftl/types.go:308.2,312.20 4 0
github.com/fastertools/ftl-cli/internal/ftl/types.go:312.20,314.3 1 0
github.com/fastertools/ftl-cli/internal/ftl/types.go:316.2,316.26 1 0
github.com/fastertools/ftl-cli/internal/ftl/types.go:316.26,318.3 1 0
github.com/fastertools/ftl-cli/internal/ftl/types.go:320.2,320.20 1 0
github.com/fastertools/ftl-cli/internal/scaffold/scaffold.go:29.43,34.28 3 16
github.com/fastertools/ftl-cli/internal/scaffold/scaffold.go:34.28,36.3 1 0
github.com/fastertools/ftl-cli/internal/scaffold/scaffold.go:38.2,41.8 1 16
github.com/fastertools/ftl-cli/internal/scaffold/scaffold.go:45.69,47.57 1 15
github.com/fastertools/ftl-cli/internal/scaffold/scaffold.go:47.57,49.3 1 2
github.com/fastertools/ftl-cli/internal/scaffold/scaffold.go:52.2,53.16 2 13
github.com/fastertools/ftl-cli/internal/scaffold/scaffold.go:53.16,55.3 1 0
[...]
github.com/fastertools/ftl-cli/internal/cli/list.go:134.60,137.25 2 0
github.com/fastertools/ftl-cli/internal/cli/list.go:137.25,139.6 1 0
github.com/fastertools/ftl-cli/internal/cli/list.go:140.5,140.17 1 0
github.com/fastertools/ftl-cli/internal/cli/list.go:145.3,146.24 2 5
github.com/fastertools/ftl-cli/internal/cli/list.go:146.24,148.4 1 5
github.com/fastertools/ftl-cli/internal/cli/list.go:151.3,151.15 1 5
github.com/fastertools/ftl-cli/internal/cli/list.go:151.15,155.35 3 1
github.com/fastertools/ftl-cli/internal/cli/list.go:155.35,157.48 2 1
github.com/fastertools/ftl-cli/internal/cli/list.go:157.48,159.6 1 1
github.com/fastertools/ftl-cli/internal/cli/list.go:161.4,161.115 1 1
github.com/fastertools/ftl-cli/internal/cli/list.go:162.9,164.4 1 4
github.com/fastertools/ftl-cli/internal/cli/list.go:168.2,168.37 1 4
github.com/fastertools/ftl-cli/internal/cli/list.go:168.37,170.3 1 0
github.com/fastertools/ftl-cli/internal/cli/list.go:172.2,174.16 3 4
github.com/fastertools/ftl-cli/internal/cli/list.go:174.16,176.3 1 2
github.com/fastertools/ftl-cli/internal/cli/list.go:177.2,179.12 2 4
github.com/fastertools/ftl-cli/internal/cli/output.go:25.65,27.22 2 20
github.com/fastertools/ftl-cli/internal/cli/output.go:27.22,29.3 1 1
github.com/fastertools/ftl-cli/internal/cli/output.go:30.2,33.3 1 20
github.com/fastertools/ftl-cli/internal/cli/output.go:37.86,38.19 1 14
github.com/fastertools/ftl-cli/internal/cli/output.go:39.24,40.28 1 0
github.com/fastertools/ftl-cli/internal/cli/output.go:41.25,42.44 1 14
github.com/fastertools/ftl-cli/internal/cli/output.go:43.10,44.64 1 0
github.com/fastertools/ftl-cli/internal/cli/output.go:49.75,50.19 1 5
github.com/fastertools/ftl-cli/internal/cli/output.go:51.24,54.28 2 0
github.com/fastertools/ftl-cli/internal/cli/output.go:54.28,56.35 2 0
github.com/fastertools/ftl-cli/internal/cli/output.go:56.35,57.21 1 0
github.com/fastertools/ftl-cli/internal/cli/output.go:57.21,59.6 1 0
github.com/fastertools/ftl-cli/internal/cli/output.go:61.4,61.36 1 0
github.com/fastertools/ftl-cli/internal/cli/output.go:63.3,63.32 1 0
github.com/fastertools/ftl-cli/internal/cli/output.go:64.25,65.44 1 5
github.com/fastertools/ftl-cli/internal/cli/output.go:66.10,67.64 1 0
github.com/fastertools/ftl-cli/internal/cli/output.go:72.59,73.19 1 1
github.com/fastertools/ftl-cli/internal/cli/output.go:74.24,75.28 1 1
github.com/fastertools/ftl-cli/internal/cli/output.go:76.25,79.106 1 0
github.com/fastertools/ftl-cli/internal/cli/output.go:80.10,81.64 1 0
github.com/fastertools/ftl-cli/internal/cli/output.go:86.57,90.2 3 1
github.com/fastertools/ftl-cli/internal/cli/output.go:93.91,94.17 1 14
github.com/fastertools/ftl-cli/internal/cli/output.go:94.17,97.3 2 14
github.com/fastertools/ftl-cli/internal/cli/output.go:100.2,106.34 3 14
github.com/fastertools/ftl-cli/internal/cli/output.go:106.34,107.72 1 126
github.com/fastertools/ftl-cli/internal/cli/output.go:107.72,109.4 1 77
github.com/fastertools/ftl-cli/internal/cli/output.go:113.2,113.31 1 14
github.com/fastertools/ftl-cli/internal/cli/output.go:113.31,115.42 2 77
github.com/fastertools/ftl-cli/internal/cli/output.go:115.42,116.25 1 359
github.com/fastertools/ftl-cli/internal/cli/output.go:116.25,118.10 2 77
github.com/fastertools/ftl-cli/internal/cli/output.go:121.3,121.44 1 77
github.com/fastertools/ftl-cli/internal/cli/output.go:121.44,123.4 1 0
github.com/fastertools/ftl-cli/internal/cli/output.go:126.2,128.12 3 14
github.com/fastertools/ftl-cli/internal/cli/output.go:132.81,139.33 3 5
github.com/fastertools/ftl-cli/internal/cli/output.go:139.33,141.25 2 25
github.com/fastertools/ftl-cli/internal/cli/output.go:141.25,143.4 1 20
github.com/fastertools/ftl-cli/internal/cli/output.go:145.2,148.27 2 5
github.com/fastertools/ftl-cli/internal/cli/output.go:148.27,149.28 1 9
github.com/fastertools/ftl-cli/internal/cli/output.go:149.28,151.22 2 36
github.com/fastertools/ftl-cli/internal/cli/output.go:151.22,153.5 1 27
github.com/fastertools/ftl-cli/internal/cli/output.go:155.3,155.31 1 9
github.com/fastertools/ftl-cli/internal/cli/output.go:158.2,160.12 3 5
github.com/fastertools/ftl-cli/internal/cli/output.go:170.55,175.2 1 5
github.com/fastertools/ftl-cli/internal/cli/output.go:178.64,181.2 2 9
github.com/fastertools/ftl-cli/internal/cli/output.go:184.53,186.2 1 5
github.com/fastertools/ftl-cli/internal/cli/output.go:195.56,200.2 1 14
github.com/fastertools/ftl-cli/internal/cli/output.go:203.81,206.2 2 77
github.com/fastertools/ftl-cli/internal/cli/output.go:209.99,210.15 1 0
github.com/fastertools/ftl-cli/internal/cli/output.go:210.15,212.3 1 0
github.com/fastertools/ftl-cli/internal/cli/output.go:213.2,213.12 1 0
github.com/fastertools/ftl-cli/internal/cli/output.go:217.57,219.2 1 14
github.com/fastertools/ftl-cli/internal/cli/registry.go:11.38,26.2 3 7
github.com/fastertools/ftl-cli/internal/cli/registry.go:28.42,33.55 1 7
github.com/fastertools/ftl-cli/internal/cli/registry.go:33.55,40.64 4 0
github.com/fastertools/ftl-cli/internal/cli/registry.go:40.64,42.5 1 0
github.com/fastertools/ftl-cli/internal/cli/registry.go:44.4,45.14 2 0
github.com/fastertools/ftl-cli/internal/cli/registry.go:50.42,59.55 1 7
github.com/fastertools/ftl-cli/internal/cli/registry.go:59.55,66.64 4 0
github.com/fastertools/ftl-cli/internal/cli/registry.go:66.64,68.5 1 0
github.com/fastertools/ftl-cli/internal/cli/registry.go:70.4,71.14 2 0
github.com/fastertools/ftl-cli/internal/cli/registry.go:76.42,86.55 2 7
github.com/fastertools/ftl-cli/internal/cli/registry.go:86.55,87.22 1 0
github.com/fastertools/ftl-cli/internal/cli/registry.go:87.22,89.5 1 0
github.com/fastertools/ftl-cli/internal/cli/registry.go:91.4,95.74 3 0
github.com/fastertools/ftl-cli/internal/cli/registry.go:95.74,97.5 1 0
github.com/fastertools/ftl-cli/internal/cli/registry.go:99.4,99.14 1 0
github.com/fastertools/ftl-cli/internal/cli/registry.go:103.2,105.12 2 7
github.com/fastertools/ftl-cli/internal/cli/root.go:41.60,42.14 1 0
github.com/fastertools/ftl-cli/internal/cli/root.go:42.14,44.4 1 0
github.com/fastertools/ftl-cli/internal/cli/root.go:50.22,52.2 1 1
github.com/fastertools/ftl-cli/internal/cli/root.go:55.33,60.2 4 4
github.com/fastertools/ftl-cli/internal/cli/root.go:62.13,90.2 7 1
github.com/fastertools/ftl-cli/internal/cli/root.go:93.19,94.19 1 22
github.com/fastertools/ftl-cli/internal/cli/root.go:94.19,96.3 1 0
github.com/fastertools/ftl-cli/internal/cli/root.go:96.8,100.3 3 22
github.com/fastertools/ftl-cli/internal/cli/root.go:102.2,106.45 3 22
github.com/fastertools/ftl-cli/internal/cli/root.go:106.45,107.14 1 14
github.com/fastertools/ftl-cli/internal/cli/root.go:107.14,109.4 1 0
github.com/fastertools/ftl-cli/internal/cli/root.go:116.50,118.2 1 20
github.com/fastertools/ftl-cli/internal/cli/root.go:121.48,123.2 1 1
github.com/fastertools/ftl-cli/internal/cli/root.go:126.47,128.2 1 15
github.com/fastertools/ftl-cli/internal/cli/root.go:131.47,133.2 1 2
github.com/fastertools/ftl-cli/internal/cli/root.go:136.48,137.17 1 1
github.com/fastertools/ftl-cli/internal/cli/root.go:137.17,139.3 1 0
github.com/fastertools/ftl-cli/internal/cli/root.go:143.48,146.2 2 0
github.com/fastertools/ftl-cli/internal/cli/root.go:149.53,151.2 1 1
github.com/fastertools/ftl-cli/internal/cli/root.go:154.23,156.2 1 2
github.com/fastertools/ftl-cli/internal/cli/status.go:15.36,23.55 2 1
github.com/fastertools/ftl-cli/internal/cli/status.go:23.55,26.4 2 0
github.com/fastertools/ftl-cli/internal/cli/status.go:29.2,31.12 2 1
github.com/fastertools/ftl-cli/internal/cli/status.go:37.84,40.16 2 0
github.com/fastertools/ftl-cli/internal/cli/status.go:40.16,42.3 1 0
github.com/fastertools/ftl-cli/internal/cli/status.go:43.2,46.53 2 0
github.com/fastertools/ftl-cli/internal/cli/status.go:46.53,48.3 1 0
github.com/fastertools/ftl-cli/internal/cli/status.go:51.2,52.16 2 0
github.com/fastertools/ftl-cli/internal/cli/status.go:52.16,54.3 1 0
github.com/fastertools/ftl-cli/internal/cli/status.go:57.2,60.53 2 0
github.com/fastertools/ftl-cli/internal/cli/status.go:60.53,63.17 2 0
github.com/fastertools/ftl-cli/internal/cli/status.go:63.17,65.4 1 0
github.com/fastertools/ftl-cli/internal/cli/status.go:66.8,71.17 2 0
github.com/fastertools/ftl-cli/internal/cli/status.go:71.17,73.4 1 0
github.com/fastertools/ftl-cli/internal/cli/status.go:75.3,75.30 1 0
github.com/fastertools/ftl-cli/internal/cli/status.go:75.30,77.4 1 0
github.com/fastertools/ftl-cli/internal/cli/status.go:80.3,82.17 3 0
github.com/fastertools/ftl-cli/internal/cli/status.go:82.17,84.4 1 0
github.com/fastertools/ftl-cli/internal/cli/status.go:88.2,90.16 2 0
github.com/fastertools/ftl-cli/internal/cli/status.go:91.14,92.29 1 0
github.com/fastertools/ftl-cli/internal/cli/status.go:93.15,94.36 1 0
github.com/fastertools/ftl-cli/internal/cli/status.go:95.10,96.81 1 0
github.com/fastertools/ftl-cli/internal/cli/status.go:100.48,110.54 6 14
github.com/fastertools/ftl-cli/internal/cli/status.go:110.54,112.3 1 2
github.com/fastertools/ftl-cli/internal/cli/status.go:114.2,114.58 1 14
github.com/fastertools/ftl-cli/internal/cli/status.go:114.58,116.3 1 1
github.com/fastertools/ftl-cli/internal/cli/status.go:119.2,123.30 3 14
github.com/fastertools/ftl-cli/internal/cli/status.go:123.30,128.72 3 4
github.com/fastertools/ftl-cli/internal/cli/status.go:128.72,130.4 1 0
github.com/fastertools/ftl-cli/internal/cli/status.go:132.3,132.109 1 4
github.com/fastertools/ftl-cli/internal/cli/status.go:132.109,134.4 1 0
github.com/fastertools/ftl-cli/internal/cli/status.go:136.3,136.80 1 4
github.com/fastertools/ftl-cli/internal/cli/status.go:136.80,139.4 2 0
github.com/fastertools/ftl-cli/internal/cli/status.go:142.2,142.22 1 14
github.com/fastertools/ftl-cli/internal/cli/synth.go:16.35,39.55 2 9
github.com/fastertools/ftl-cli/internal/cli/synth.go:39.55,45.22 4 0
github.com/fastertools/ftl-cli/internal/cli/synth.go:45.22,48.19 2 0
github.com/fastertools/ftl-cli/internal/cli/synth.go:48.19,50.6 1 0
github.com/fastertools/ftl-cli/internal/cli/synth.go:51.5,52.19 2 0
github.com/fastertools/ftl-cli/internal/cli/synth.go:52.19,54.6 1 0
github.com/fastertools/ftl-cli/internal/cli/synth.go:56.5,56.30 1 0
github.com/fastertools/ftl-cli/internal/cli/synth.go:57.10,57.29 1 0
github.com/fastertools/ftl-cli/internal/cli/synth.go:57.29,60.19 2 0
github.com/fastertools/ftl-cli/internal/cli/synth.go:60.19,62.6 1 0
github.com/fastertools/ftl-cli/internal/cli/synth.go:63.10,67.19 3 0
github.com/fastertools/ftl-cli/internal/cli/synth.go:67.19,69.6 1 0
github.com/fastertools/ftl-cli/internal/cli/synth.go:73.4,74.18 2 0
github.com/fastertools/ftl-cli/internal/cli/synth.go:74.18,76.5 1 0
github.com/fastertools/ftl-cli/internal/cli/synth.go:79.4,79.24 1 0
github.com/fastertools/ftl-cli/internal/cli/synth.go:79.24,81.19 2 0
github.com/fastertools/ftl-cli/internal/cli/synth.go:81.19,83.6 1 0
github.com/fastertools/ftl-cli/internal/cli/synth.go:84.5,84.45 1 0
github.com/fastertools/ftl-cli/internal/cli/synth.go:85.10,87.5 1 0
github.com/fastertools/ftl-cli/internal/cli/synth.go:89.4,89.14 1 0
github.com/fastertools/ftl-cli/internal/cli/synth.go:93.2,95.12 2 9
github.com/fastertools/ftl-cli/internal/cli/synth.go:99.71,103.37 3 6
github.com/fastertools/ftl-cli/internal/cli/synth.go:103.37,106.14 3 0
github.com/fastertools/ftl-cli/internal/cli/synth.go:107.14,108.17 1 0
github.com/fastertools/ftl-cli/internal/cli/synth.go:109.24,110.19 1 0
github.com/fastertools/ftl-cli/internal/cli/synth.go:111.16,112.19 1 0
github.com/fastertools/ftl-cli/internal/cli/synth.go:113.15,114.18 1 0
github.com/fastertools/ftl-cli/internal/cli/synth.go:115.11,116.32 1 0
github.com/fastertools/ftl-cli/internal/cli/synth.go:118.8,120.3 1 6
github.com/fastertools/ftl-cli/internal/cli/synth.go:122.2,122.16 1 6
github.com/fastertools/ftl-cli/internal/cli/synth.go:123.12,124.36 1 0
github.com/fastertools/ftl-cli/internal/cli/synth.go:125.14,126.35 1 4
github.com/fastertools/ftl-cli/internal/cli/synth.go:127.14,128.35 1 2
github.com/fastertools/ftl-cli/internal/cli/synth.go:129.13,130.34 1 0
github.com/fastertools/ftl-cli/internal/cli/synth.go:131.10,132.57 1 0
github.com/fastertools/ftl-cli/internal/cli/synth.go:137.40,139.37 2 10
github.com/fastertools/ftl-cli/internal/cli/synth.go:139.37,141.3 1 3
github.com/fastertools/ftl-cli/internal/cli/synth.go:142.2,142.44 1 7
github.com/fastertools/ftl-cli/internal/cli/synth.go:142.44,144.3 1 1
github.com/fastertools/ftl-cli/internal/cli/synth.go:146.2,146.15 1 6
github.com/fastertools/ftl-cli/internal/cli/synth.go:150.55,154.2 2 6
github.com/fastertools/ftl-cli/internal/cli/synth.go:157.55,161.2 2 4
github.com/fastertools/ftl-cli/internal/cli/synth.go:164.56,167.16 2 0
github.com/fastertools/ftl-cli/internal/cli/synth.go:167.16,169.3 1 0
github.com/fastertools/ftl-cli/internal/cli/synth.go:172.2,172.44 1 0
github.com/fastertools/ftl-cli/internal/cli/synth.go:172.44,174.3 1 0
github.com/fastertools/ftl-cli/internal/cli/synth.go:177.2,185.16 4 0
github.com/fastertools/ftl-cli/internal/cli/synth.go:185.16,187.47 1 0
github.com/fastertools/ftl-cli/internal/cli/synth.go:187.47,189.4 1 0
github.com/fastertools/ftl-cli/internal/cli/synth.go:190.3,190.58 1 0
github.com/fastertools/ftl-cli/internal/cli/synth.go:194.2,197.58 2 0
github.com/fastertools/ftl-cli/internal/cli/synth.go:197.58,199.3 1 0
github.com/fastertools/ftl-cli/internal/cli/synth.go:201.2,201.22 1 0
github.com/fastertools/ftl-cli/internal/cli/synth.go:205.54,209.2 2 2
github.com/fastertools/ftl-cli/internal/cli/synth.go:212.39,225.35 2 0
github.com/fastertools/ftl-cli/internal/cli/synth.go:225.35,226.42 1 0
github.com/fastertools/ftl-cli/internal/cli/synth.go:226.42,230.4 2 0
github.com/fastertools/ftl-cli/internal/cli/synth.go:234.2,234.145 1 0
github.com/fastertools/ftl-cli/internal/cli/test.go:13.34,30.55 3 15
github.com/fastertools/ftl-cli/internal/cli/test.go:30.55,32.21 2 4
github.com/fastertools/ftl-cli/internal/cli/test.go:32.21,34.5 1 0
github.com/fastertools/ftl-cli/internal/cli/test.go:37.4,39.15 2 4
github.com/fastertools/ftl-cli/internal/cli/test.go:39.15,41.5 1 1
github.com/fastertools/ftl-cli/internal/cli/test.go:43.4,43.16 1 4
github.com/fastertools/ftl-cli/internal/cli/test.go:43.16,45.5 1 1
github.com/fastertools/ftl-cli/internal/cli/test.go:47.4,50.47 2 4
github.com/fastertools/ftl-cli/internal/cli/test.go:50.47,52.5 1 3
github.com/fastertools/ftl-cli/internal/cli/test.go:54.4,62.24 6 1
github.com/fastertools/ftl-cli/internal/cli/test.go:66.2,69.12 3 15
github.com/fastertools/ftl-cli/internal/cli/test_helpers.go:27.66,30.23 2 0
github.com/fastertools/ftl-cli/internal/cli/test_helpers.go:30.23,32.26 2 0
github.com/fastertools/ftl-cli/internal/cli/test_helpers.go:32.26,34.4 1 0
github.com/fastertools/ftl-cli/internal/cli/test_helpers.go:38.2,47.22 6 0
github.com/fastertools/ftl-cli/internal/cli/test_helpers.go:47.22,49.3 1 0
github.com/fastertools/ftl-cli/internal/cli/test_helpers.go:49.8,51.3 1 0
github.com/fastertools/ftl-cli/internal/cli/test_helpers.go:54.2,55.45 2 0
github.com/fastertools/ftl-cli/internal/cli/test_helpers.go:55.45,57.3 1 0
github.com/fastertools/ftl-cli/internal/cli/test_helpers.go:60.2,60.26 1 0
github.com/fastertools/ftl-cli/internal/cli/test_helpers.go:60.26,62.3 1 0
github.com/fastertools/ftl-cli/internal/cli/test_helpers.go:66.52,87.2 14 6
github.com/fastertools/ftl-cli/internal/cli/test_helpers.go:90.118,91.78 1 0
github.com/fastertools/ftl-cli/internal/cli/test_helpers.go:91.78,92.27 1 0
github.com/fastertools/ftl-cli/internal/cli/test_helpers.go:93.16,94.26 1 0
github.com/fastertools/ftl-cli/internal/cli/test_helpers.go:95.14,96.24 1 0
github.com/fastertools/ftl-cli/internal/cli/test_helpers.go:97.13,98.23 1 0
github.com/fastertools/ftl-cli/internal/cli/test_helpers.go:100.3,100.13 1 0
github.com/fastertools/ftl-cli/internal/cli/test_helpers.go:105.133,106.88 1 0
github.com/fastertools/ftl-cli/internal/cli/test_helpers.go:106.88,110.3 1 0
github.com/fastertools/ftl-cli/internal/cli/test_helpers.go:114.60,117.16 2 0
github.com/fastertools/ftl-cli/internal/cli/test_helpers.go:118.14,125.26 3 0
github.com/fastertools/ftl-cli/internal/cli/test_helpers.go:127.14,137.26 3 0
github.com/fastertools/ftl-cli/internal/cli/test_helpers.go:139.13,148.26 3 0
github.com/fastertools/ftl-cli/internal/cli/test_helpers.go:150.12,173.26 6 0
github.com/fastertools/ftl-cli/internal/cli/test_helpers.go:177.2,183.15 4 0
github.com/fastertools/ftl-cli/internal/cli/test_helpers.go:187.68,192.18 4 0
github.com/fastertools/ftl-cli/internal/cli/test_helpers.go:193.14,199.26 6 0
github.com/fastertools/ftl-cli/internal/cli/test_helpers.go:201.20,207.26 6 0
github.com/fastertools/ftl-cli/internal/cli/test_helpers.go:209.16,215.26 6 0
github.com/fastertools/ftl-cli/internal/cli/test_helpers.go:217.12,221.26 4 0
github.com/fastertools/ftl-cli/internal/cli/test_helpers.go:225.2,231.25 3 0
github.com/fastertools/ftl-cli/internal/cli/test_helpers.go:248.67,249.26 1 0
github.com/fastertools/ftl-cli/internal/cli/test_helpers.go:249.26,251.3 1 0
github.com/fastertools/ftl-cli/internal/cli/test_helpers.go:254.2,262.19 5 0
github.com/fastertools/ftl-cli/internal/cli/test_helpers.go:262.19,264.3 1 0
github.com/fastertools/ftl-cli/internal/cli/test_helpers.go:267.2,267.31 1 0
github.com/fastertools/ftl-cli/internal/cli/test_helpers.go:267.31,269.3 1 0
github.com/fastertools/ftl-cli/internal/cli/test_helpers.go:272.2,272.41 1 0
github.com/fastertools/ftl-cli/internal/cli/test_helpers.go:272.41,274.3 1 0
github.com/fastertools/ftl-cli/internal/cli/test_helpers.go:276.2,276.23 1 0
github.com/fastertools/ftl-cli/internal/cli/test_helpers.go:280.95,290.31 8 0
github.com/fastertools/ftl-cli/internal/cli/test_helpers.go:290.31,292.3 1 0
github.com/fastertools/ftl-cli/internal/cli/test_helpers.go:296.94,305.2 7 0
github.com/fastertools/ftl-cli/internal/cli/up.go:14.32,24.55 5 15
github.com/fastertools/ftl-cli/internal/cli/up.go:24.55,33.49 5 4
github.com/fastertools/ftl-cli/internal/cli/up.go:33.49,35.5 1 0
github.com/fastertools/ftl-cli/internal/cli/up.go:38.4,38.24 1 4
github.com/fastertools/ftl-cli/internal/cli/up.go:38.24,40.50 1 3
github.com/fastertools/ftl-cli/internal/cli/up.go:40.50,42.6 1 2
github.com/fastertools/ftl-cli/internal/cli/up.go:42.11,42.57 1 1
github.com/fastertools/ftl-cli/internal/cli/up.go:42.57,44.6 1 0
github.com/fastertools/ftl-cli/internal/cli/up.go:44.11,44.56 1 1
github.com/fastertools/ftl-cli/internal/cli/up.go:44.56,46.6 1 0
github.com/fastertools/ftl-cli/internal/cli/up.go:46.11,46.56 1 1
github.com/fastertools/ftl-cli/internal/cli/up.go:46.56,48.6 1 0
github.com/fastertools/ftl-cli/internal/cli/up.go:52.4,52.38 1 4
github.com/fastertools/ftl-cli/internal/cli/up.go:52.38,53.50 1 0
github.com/fastertools/ftl-cli/internal/cli/up.go:53.50,58.20 3 0
github.com/fastertools/ftl-cli/internal/cli/up.go:58.20,60.7 1 0
github.com/fastertools/ftl-cli/internal/cli/up.go:63.6,63.78 1 0
github.com/fastertools/ftl-cli/internal/cli/up.go:63.78,65.7 1 0
github.com/fastertools/ftl-cli/internal/cli/up.go:67.6,67.58 1 0
github.com/fastertools/ftl-cli/internal/cli/up.go:69.10,69.45 1 4
github.com/fastertools/ftl-cli/internal/cli/up.go:69.45,71.59 1 1
github.com/fastertools/ftl-cli/internal/cli/up.go:71.59,73.6 1 1
github.com/fastertools/ftl-cli/internal/cli/up.go:74.5,74.84 1 0
github.com/fastertools/ftl-cli/internal/cli/up.go:78.4,78.13 1 3
github.com/fastertools/ftl-cli/internal/cli/up.go:78.13,80.43 2 0
github.com/fastertools/ftl-cli/internal/cli/up.go:80.43,82.6 1 0
github.com/fastertools/ftl-cli/internal/cli/up.go:83.5,83.53 1 0
github.com/fastertools/ftl-cli/internal/cli/up.go:86.4,89.13 2 3
github.com/fastertools/ftl-cli/internal/cli/up.go:89.13,91.43 2 1
github.com/fastertools/ftl-cli/internal/cli/up.go:91.43,93.6 1 1
github.com/fastertools/ftl-cli/internal/cli/up.go:94.10,96.40 1 2
github.com/fastertools/ftl-cli/internal/cli/up.go:96.40,98.6 1 2
github.com/fastertools/ftl-cli/internal/cli/up.go:101.4,101.14 1 0
github.com/fastertools/ftl-cli/internal/cli/up.go:105.2,110.12 5 15
