mode: set
github.com/fastertools/ftl-cli/go/shared/spin/executor.go:38.46,46.30 2 1
github.com/fastertools/ftl-cli/go/shared/spin/executor.go:46.30,48.3 1 1
github.com/fastertools/ftl-cli/go/shared/spin/executor.go:50.2,50.10 1 1
github.com/fastertools/ftl-cli/go/shared/spin/executor.go:57.39,58.27 1 1
github.com/fastertools/ftl-cli/go/shared/spin/executor.go:58.27,60.3 1 1
github.com/fastertools/ftl-cli/go/shared/spin/executor.go:64.35,65.27 1 1
github.com/fastertools/ftl-cli/go/shared/spin/executor.go:65.27,67.3 1 1
github.com/fastertools/ftl-cli/go/shared/spin/executor.go:71.33,72.27 1 1
github.com/fastertools/ftl-cli/go/shared/spin/executor.go:72.27,74.3 1 1
github.com/fastertools/ftl-cli/go/shared/spin/executor.go:78.50,79.27 1 1
github.com/fastertools/ftl-cli/go/shared/spin/executor.go:79.27,82.3 2 1
github.com/fastertools/ftl-cli/go/shared/spin/executor.go:86.40,87.27 1 1
github.com/fastertools/ftl-cli/go/shared/spin/executor.go:87.27,89.3 1 1
github.com/fastertools/ftl-cli/go/shared/spin/executor.go:93.67,98.2 4 1
github.com/fastertools/ftl-cli/go/shared/spin/executor.go:101.87,107.42 5 1
github.com/fastertools/ftl-cli/go/shared/spin/executor.go:107.42,109.3 1 0
github.com/fastertools/ftl-cli/go/shared/spin/executor.go:111.2,111.48 1 1
github.com/fastertools/ftl-cli/go/shared/spin/executor.go:115.90,121.2 5 1
github.com/fastertools/ftl-cli/go/shared/spin/executor.go:124.78,130.2 5 1
github.com/fastertools/ftl-cli/go/shared/spin/executor.go:133.39,136.2 2 1
github.com/fastertools/ftl-cli/go/shared/spin/executor.go:139.46,142.16 3 0
github.com/fastertools/ftl-cli/go/shared/spin/executor.go:142.16,144.3 1 0
github.com/fastertools/ftl-cli/go/shared/spin/executor.go:147.2,148.20 2 0
github.com/fastertools/ftl-cli/go/shared/spin/executor.go:148.20,150.3 1 0
github.com/fastertools/ftl-cli/go/shared/spin/executor.go:152.2,152.22 1 0
github.com/fastertools/ftl-cli/go/shared/spin/executor.go:156.75,159.17 2 1
github.com/fastertools/ftl-cli/go/shared/spin/executor.go:159.17,161.3 1 0
github.com/fastertools/ftl-cli/go/shared/spin/executor.go:163.2,163.20 1 1
github.com/fastertools/ftl-cli/go/shared/spin/executor.go:163.20,165.3 1 1
github.com/fastertools/ftl-cli/go/shared/spin/executor.go:167.2,167.12 1 1
github.com/fastertools/ftl-cli/go/shared/spin/executor.go:171.52,172.34 1 1
github.com/fastertools/ftl-cli/go/shared/spin/executor.go:172.34,173.47 1 1
github.com/fastertools/ftl-cli/go/shared/spin/executor.go:173.47,175.4 1 1
github.com/fastertools/ftl-cli/go/shared/spin/executor.go:176.3,176.60 1 1
github.com/fastertools/ftl-cli/go/shared/spin/executor.go:178.2,178.12 1 1
github.com/fastertools/ftl-cli/go/shared/spin/executor.go:184.55,187.2 2 0
github.com/fastertools/ftl-cli/go/shared/spin/executor.go:190.58,193.2 2 0
github.com/fastertools/ftl-cli/go/shared/spin/executor.go:196.59,199.2 2 0
github.com/fastertools/ftl-cli/go/shared/spin/executor.go:202.79,205.2 2 0
github.com/fastertools/ftl-cli/go/shared/spin/executor.go:208.80,211.2 2 0
github.com/fastertools/ftl-cli/go/shared/spin/executor.go:214.58,217.2 2 0
github.com/fastertools/ftl-cli/go/shared/spin/executor.go:220.30,222.22 2 0
github.com/fastertools/ftl-cli/go/shared/spin/executor.go:222.22,224.3 1 0
github.com/fastertools/ftl-cli/go/shared/spin/executor.go:226.2,227.16 2 0
github.com/fastertools/ftl-cli/go/shared/spin/executor.go:227.16,229.3 1 0
github.com/fastertools/ftl-cli/go/shared/spin/executor.go:232.2,232.34 1 0
github.com/fastertools/ftl-cli/go/shared/spin/executor.go:232.34,234.3 1 0
github.com/fastertools/ftl-cli/go/shared/spin/executor.go:236.2,236.12 1 0
github.com/fastertools/ftl-cli/go/shared/spin/executor.go:240.46,243.2 1 1
github.com/fastertools/ftl-cli/go/shared/spin/executor.go:246.85,249.34 2 1
github.com/fastertools/ftl-cli/go/shared/spin/executor.go:249.34,250.10 1 1
github.com/fastertools/ftl-cli/go/shared/spin/executor.go:251.21,252.20 1 1
github.com/fastertools/ftl-cli/go/shared/spin/executor.go:253.11,256.74 2 1
github.com/fastertools/ftl-cli/go/shared/spin/executor.go:256.74,258.5 1 0
github.com/fastertools/ftl-cli/go/shared/spin/executor.go:259.4,259.38 1 1
github.com/fastertools/ftl-cli/go/shared/spin/executor.go:263.2,263.59 1 1
