mode: set
github.com/fastertools/ftl-cli/go/shared/config/schema.go:138.38,139.30 1 0
github.com/fastertools/ftl-cli/go/shared/config/schema.go:139.30,141.3 1 0
github.com/fastertools/ftl-cli/go/shared/config/schema.go:144.2,144.33 1 0
github.com/fastertools/ftl-cli/go/shared/config/schema.go:144.33,146.3 1 0
github.com/fastertools/ftl-cli/go/shared/config/schema.go:149.2,150.36 2 0
github.com/fastertools/ftl-cli/go/shared/config/schema.go:150.36,151.20 1 0
github.com/fastertools/ftl-cli/go/shared/config/schema.go:151.20,153.4 1 0
github.com/fastertools/ftl-cli/go/shared/config/schema.go:154.3,154.24 1 0
github.com/fastertools/ftl-cli/go/shared/config/schema.go:154.24,156.4 1 0
github.com/fastertools/ftl-cli/go/shared/config/schema.go:157.3,157.28 1 0
github.com/fastertools/ftl-cli/go/shared/config/schema.go:157.28,159.4 1 0
github.com/fastertools/ftl-cli/go/shared/config/schema.go:160.3,160.31 1 0
github.com/fastertools/ftl-cli/go/shared/config/schema.go:164.2,164.37 1 0
github.com/fastertools/ftl-cli/go/shared/config/schema.go:164.37,165.25 1 0
github.com/fastertools/ftl-cli/go/shared/config/schema.go:165.25,167.4 1 0
github.com/fastertools/ftl-cli/go/shared/config/schema.go:168.3,168.30 1 0
github.com/fastertools/ftl-cli/go/shared/config/schema.go:168.30,170.4 1 0
github.com/fastertools/ftl-cli/go/shared/config/schema.go:171.3,171.39 1 0
github.com/fastertools/ftl-cli/go/shared/config/schema.go:171.39,173.4 1 0
github.com/fastertools/ftl-cli/go/shared/config/schema.go:176.3,176.61 1 0
github.com/fastertools/ftl-cli/go/shared/config/schema.go:176.61,178.4 1 0
github.com/fastertools/ftl-cli/go/shared/config/schema.go:179.3,179.64 1 0
github.com/fastertools/ftl-cli/go/shared/config/schema.go:179.64,181.4 1 0
github.com/fastertools/ftl-cli/go/shared/config/schema.go:185.2,185.45 1 0
github.com/fastertools/ftl-cli/go/shared/config/schema.go:185.45,187.48 2 0
github.com/fastertools/ftl-cli/go/shared/config/schema.go:187.48,188.28 1 0
github.com/fastertools/ftl-cli/go/shared/config/schema.go:188.28,190.5 1 0
github.com/fastertools/ftl-cli/go/shared/config/schema.go:192.3,192.65 1 0
github.com/fastertools/ftl-cli/go/shared/config/schema.go:192.66,195.4 0 0
github.com/fastertools/ftl-cli/go/shared/config/schema.go:198.2,198.12 1 0
github.com/fastertools/ftl-cli/go/shared/config/schema.go:202.35,203.33 1 0
github.com/fastertools/ftl-cli/go/shared/config/schema.go:203.33,205.3 1 0
github.com/fastertools/ftl-cli/go/shared/config/schema.go:208.2,208.18 1 0
github.com/fastertools/ftl-cli/go/shared/config/schema.go:208.18,218.3 1 0
github.com/fastertools/ftl-cli/go/shared/config/schema.go:218.8,219.27 1 0
github.com/fastertools/ftl-cli/go/shared/config/schema.go:219.27,221.4 1 0
github.com/fastertools/ftl-cli/go/shared/config/schema.go:222.3,222.30 1 0
github.com/fastertools/ftl-cli/go/shared/config/schema.go:222.30,227.4 1 0
github.com/fastertools/ftl-cli/go/shared/config/schema.go:232.51,236.48 1 0
github.com/fastertools/ftl-cli/go/shared/config/schema.go:236.48,238.3 1 0
github.com/fastertools/ftl-cli/go/shared/config/schema.go:241.2,241.87 1 0
github.com/fastertools/ftl-cli/go/shared/config/schema.go:241.87,243.3 1 0
github.com/fastertools/ftl-cli/go/shared/config/schema.go:246.2,246.72 1 0
github.com/fastertools/ftl-cli/go/shared/config/schema.go:246.72,249.79 1 0
github.com/fastertools/ftl-cli/go/shared/config/schema.go:249.79,251.4 1 0
github.com/fastertools/ftl-cli/go/shared/config/schema.go:255.2,257.78 1 0
github.com/fastertools/ftl-cli/go/shared/config/schema.go:257.78,259.3 1 0
github.com/fastertools/ftl-cli/go/shared/config/schema.go:261.2,261.14 1 0
github.com/fastertools/ftl-cli/go/shared/config/schema.go:265.48,267.2 1 0
github.com/fastertools/ftl-cli/go/shared/wkg/config.go:46.28,50.2 1 0
github.com/fastertools/ftl-cli/go/shared/wkg/config.go:53.47,57.2 1 1
github.com/fastertools/ftl-cli/go/shared/wkg/config.go:60.29,62.54 1 1
github.com/fastertools/ftl-cli/go/shared/wkg/config.go:62.54,64.3 1 1
github.com/fastertools/ftl-cli/go/shared/wkg/config.go:67.2,68.16 2 1
github.com/fastertools/ftl-cli/go/shared/wkg/config.go:68.16,71.3 1 0
github.com/fastertools/ftl-cli/go/shared/wkg/config.go:73.2,73.66 1 1
github.com/fastertools/ftl-cli/go/shared/wkg/config.go:77.43,79.16 2 1
github.com/fastertools/ftl-cli/go/shared/wkg/config.go:79.16,80.25 1 1
github.com/fastertools/ftl-cli/go/shared/wkg/config.go:80.25,85.4 1 1
github.com/fastertools/ftl-cli/go/shared/wkg/config.go:86.3,86.59 1 0
github.com/fastertools/ftl-cli/go/shared/wkg/config.go:89.2,90.54 2 1
github.com/fastertools/ftl-cli/go/shared/wkg/config.go:90.54,92.3 1 0
github.com/fastertools/ftl-cli/go/shared/wkg/config.go:95.2,95.28 1 1
github.com/fastertools/ftl-cli/go/shared/wkg/config.go:95.28,97.3 1 0
github.com/fastertools/ftl-cli/go/shared/wkg/config.go:99.2,99.21 1 1
github.com/fastertools/ftl-cli/go/shared/wkg/config.go:103.46,106.47 2 1
github.com/fastertools/ftl-cli/go/shared/wkg/config.go:106.47,108.3 1 0
github.com/fastertools/ftl-cli/go/shared/wkg/config.go:111.2,112.16 2 1
github.com/fastertools/ftl-cli/go/shared/wkg/config.go:112.16,114.3 1 0
github.com/fastertools/ftl-cli/go/shared/wkg/config.go:117.2,117.63 1 1
github.com/fastertools/ftl-cli/go/shared/wkg/config.go:117.63,119.3 1 0
github.com/fastertools/ftl-cli/go/shared/wkg/config.go:121.2,121.12 1 1
github.com/fastertools/ftl-cli/go/shared/wkg/config.go:125.73,128.16 2 1
github.com/fastertools/ftl-cli/go/shared/wkg/config.go:128.16,130.3 1 0
github.com/fastertools/ftl-cli/go/shared/wkg/config.go:134.2,135.45 2 1
github.com/fastertools/ftl-cli/go/shared/wkg/config.go:135.45,137.3 1 1
github.com/fastertools/ftl-cli/go/shared/wkg/config.go:138.2,138.44 1 1
github.com/fastertools/ftl-cli/go/shared/wkg/config.go:138.44,140.3 1 0
github.com/fastertools/ftl-cli/go/shared/wkg/config.go:142.2,142.50 1 1
github.com/fastertools/ftl-cli/go/shared/wkg/config.go:142.50,144.3 1 0
github.com/fastertools/ftl-cli/go/shared/wkg/config.go:147.2,148.16 2 1
github.com/fastertools/ftl-cli/go/shared/wkg/config.go:148.16,150.3 1 0
github.com/fastertools/ftl-cli/go/shared/wkg/config.go:153.2,154.44 2 1
github.com/fastertools/ftl-cli/go/shared/wkg/config.go:154.44,156.3 1 0
github.com/fastertools/ftl-cli/go/shared/wkg/config.go:157.2,160.38 2 1
github.com/fastertools/ftl-cli/go/shared/wkg/config.go:160.38,162.3 1 1
github.com/fastertools/ftl-cli/go/shared/wkg/config.go:164.2,174.39 3 1
github.com/fastertools/ftl-cli/go/shared/wkg/config.go:174.39,176.3 1 0
github.com/fastertools/ftl-cli/go/shared/wkg/config.go:178.2,178.12 1 1
github.com/fastertools/ftl-cli/go/shared/wkg/config.go:182.57,184.16 2 0
github.com/fastertools/ftl-cli/go/shared/wkg/config.go:184.16,186.3 1 0
github.com/fastertools/ftl-cli/go/shared/wkg/config.go:188.2,190.39 2 0
github.com/fastertools/ftl-cli/go/shared/wkg/config.go:190.39,192.3 1 0
github.com/fastertools/ftl-cli/go/shared/wkg/config.go:194.2,194.12 1 0
github.com/fastertools/ftl-cli/go/shared/wkg/config.go:198.40,200.16 2 1
github.com/fastertools/ftl-cli/go/shared/wkg/config.go:200.16,202.3 1 0
github.com/fastertools/ftl-cli/go/shared/wkg/config.go:205.2,205.40 1 1
github.com/fastertools/ftl-cli/go/shared/wkg/config.go:205.40,206.87 1 1
github.com/fastertools/ftl-cli/go/shared/wkg/config.go:206.87,208.4 1 1
github.com/fastertools/ftl-cli/go/shared/wkg/config.go:211.2,211.39 1 1
github.com/fastertools/ftl-cli/go/shared/wkg/config.go:211.39,213.3 1 0
github.com/fastertools/ftl-cli/go/shared/wkg/config.go:215.2,215.12 1 1
github.com/fastertools/ftl-cli/go/shared/spin/executor.go:38.46,46.30 2 1
github.com/fastertools/ftl-cli/go/shared/spin/executor.go:46.30,48.3 1 1
github.com/fastertools/ftl-cli/go/shared/spin/executor.go:50.2,50.10 1 1
github.com/fastertools/ftl-cli/go/shared/spin/executor.go:57.39,58.27 1 1
github.com/fastertools/ftl-cli/go/shared/spin/executor.go:58.27,60.3 1 1
github.com/fastertools/ftl-cli/go/shared/spin/executor.go:64.35,65.27 1 1
github.com/fastertools/ftl-cli/go/shared/spin/executor.go:65.27,67.3 1 1
github.com/fastertools/ftl-cli/go/shared/spin/executor.go:71.33,72.27 1 1
github.com/fastertools/ftl-cli/go/shared/spin/executor.go:72.27,74.3 1 1
github.com/fastertools/ftl-cli/go/shared/spin/executor.go:78.50,79.27 1 1
github.com/fastertools/ftl-cli/go/shared/spin/executor.go:79.27,82.3 2 1
github.com/fastertools/ftl-cli/go/shared/spin/executor.go:86.40,87.27 1 1
github.com/fastertools/ftl-cli/go/shared/spin/executor.go:87.27,89.3 1 1
github.com/fastertools/ftl-cli/go/shared/spin/executor.go:93.67,98.2 4 1
github.com/fastertools/ftl-cli/go/shared/spin/executor.go:101.87,107.42 5 1
github.com/fastertools/ftl-cli/go/shared/spin/executor.go:107.42,109.3 1 0
github.com/fastertools/ftl-cli/go/shared/spin/executor.go:111.2,111.48 1 1
github.com/fastertools/ftl-cli/go/shared/spin/executor.go:115.90,121.2 5 1
github.com/fastertools/ftl-cli/go/shared/spin/executor.go:124.78,130.2 5 1
github.com/fastertools/ftl-cli/go/shared/spin/executor.go:133.39,136.2 2 1
github.com/fastertools/ftl-cli/go/shared/spin/executor.go:139.46,142.16 3 1
github.com/fastertools/ftl-cli/go/shared/spin/executor.go:142.16,144.3 1 0
github.com/fastertools/ftl-cli/go/shared/spin/executor.go:147.2,148.20 2 1
github.com/fastertools/ftl-cli/go/shared/spin/executor.go:148.20,150.3 1 0
github.com/fastertools/ftl-cli/go/shared/spin/executor.go:152.2,152.22 1 1
github.com/fastertools/ftl-cli/go/shared/spin/executor.go:156.75,159.17 2 1
github.com/fastertools/ftl-cli/go/shared/spin/executor.go:159.17,161.3 1 0
github.com/fastertools/ftl-cli/go/shared/spin/executor.go:163.2,163.20 1 1
github.com/fastertools/ftl-cli/go/shared/spin/executor.go:163.20,165.3 1 1
github.com/fastertools/ftl-cli/go/shared/spin/executor.go:167.2,167.12 1 1
github.com/fastertools/ftl-cli/go/shared/spin/executor.go:171.52,172.34 1 1
github.com/fastertools/ftl-cli/go/shared/spin/executor.go:172.34,173.47 1 1
github.com/fastertools/ftl-cli/go/shared/spin/executor.go:173.47,175.4 1 1
github.com/fastertools/ftl-cli/go/shared/spin/executor.go:176.3,176.60 1 1
github.com/fastertools/ftl-cli/go/shared/spin/executor.go:178.2,178.12 1 1
github.com/fastertools/ftl-cli/go/shared/spin/executor.go:184.55,187.2 2 1
github.com/fastertools/ftl-cli/go/shared/spin/executor.go:190.58,193.2 2 1
github.com/fastertools/ftl-cli/go/shared/spin/executor.go:196.59,199.2 2 1
github.com/fastertools/ftl-cli/go/shared/spin/executor.go:202.79,205.2 2 1
github.com/fastertools/ftl-cli/go/shared/spin/executor.go:208.80,211.2 2 1
github.com/fastertools/ftl-cli/go/shared/spin/executor.go:214.58,217.2 2 1
github.com/fastertools/ftl-cli/go/shared/spin/executor.go:220.30,222.22 2 1
github.com/fastertools/ftl-cli/go/shared/spin/executor.go:222.22,224.3 1 0
github.com/fastertools/ftl-cli/go/shared/spin/executor.go:226.2,227.16 2 1
github.com/fastertools/ftl-cli/go/shared/spin/executor.go:227.16,229.3 1 0
github.com/fastertools/ftl-cli/go/shared/spin/executor.go:232.2,232.34 1 1
github.com/fastertools/ftl-cli/go/shared/spin/executor.go:232.34,234.3 1 0
github.com/fastertools/ftl-cli/go/shared/spin/executor.go:236.2,236.12 1 1
github.com/fastertools/ftl-cli/go/shared/spin/executor.go:240.46,243.2 1 1
github.com/fastertools/ftl-cli/go/shared/spin/executor.go:246.85,249.34 2 1
github.com/fastertools/ftl-cli/go/shared/spin/executor.go:249.34,250.10 1 1
github.com/fastertools/ftl-cli/go/shared/spin/executor.go:251.21,252.20 1 1
github.com/fastertools/ftl-cli/go/shared/spin/executor.go:253.11,256.74 2 1
github.com/fastertools/ftl-cli/go/shared/spin/executor.go:256.74,258.5 1 0
github.com/fastertools/ftl-cli/go/shared/spin/executor.go:259.4,259.38 1 1
github.com/fastertools/ftl-cli/go/shared/spin/executor.go:263.2,263.59 1 1
