mode: set
github.com/fastertools/ftl-cli/go/ftl/pkg/scaffold/scaffold.go:29.43,34.28 3 1
github.com/fastertools/ftl-cli/go/ftl/pkg/scaffold/scaffold.go:34.28,36.3 1 0
github.com/fastertools/ftl-cli/go/ftl/pkg/scaffold/scaffold.go:38.2,41.8 1 1
github.com/fastertools/ftl-cli/go/ftl/pkg/scaffold/scaffold.go:45.69,47.57 1 1
github.com/fastertools/ftl-cli/go/ftl/pkg/scaffold/scaffold.go:47.57,49.3 1 0
github.com/fastertools/ftl-cli/go/ftl/pkg/scaffold/scaffold.go:52.2,53.16 2 1
github.com/fastertools/ftl-cli/go/ftl/pkg/scaffold/scaffold.go:53.16,55.3 1 0
github.com/fastertools/ftl-cli/go/ftl/pkg/scaffold/scaffold.go:58.2,58.57 1 1
github.com/fastertools/ftl-cli/go/ftl/pkg/scaffold/scaffold.go:58.57,60.3 1 0
github.com/fastertools/ftl-cli/go/ftl/pkg/scaffold/scaffold.go:63.2,63.59 1 1
github.com/fastertools/ftl-cli/go/ftl/pkg/scaffold/scaffold.go:63.59,65.3 1 1
github.com/fastertools/ftl-cli/go/ftl/pkg/scaffold/scaffold.go:67.2,67.12 1 1
github.com/fastertools/ftl-cli/go/ftl/pkg/scaffold/scaffold.go:71.66,80.30 3 1
github.com/fastertools/ftl-cli/go/ftl/pkg/scaffold/scaffold.go:80.30,82.3 1 1
github.com/fastertools/ftl-cli/go/ftl/pkg/scaffold/scaffold.go:85.2,87.38 3 1
github.com/fastertools/ftl-cli/go/ftl/pkg/scaffold/scaffold.go:87.38,88.23 1 1
github.com/fastertools/ftl-cli/go/ftl/pkg/scaffold/scaffold.go:88.23,90.9 2 1
github.com/fastertools/ftl-cli/go/ftl/pkg/scaffold/scaffold.go:93.2,93.12 1 1
github.com/fastertools/ftl-cli/go/ftl/pkg/scaffold/scaffold.go:93.12,95.3 1 1
github.com/fastertools/ftl-cli/go/ftl/pkg/scaffold/scaffold.go:97.2,97.12 1 1
github.com/fastertools/ftl-cli/go/ftl/pkg/scaffold/scaffold.go:101.88,115.38 4 1
github.com/fastertools/ftl-cli/go/ftl/pkg/scaffold/scaffold.go:115.38,117.3 1 0
github.com/fastertools/ftl-cli/go/ftl/pkg/scaffold/scaffold.go:120.2,121.25 2 1
github.com/fastertools/ftl-cli/go/ftl/pkg/scaffold/scaffold.go:121.25,123.3 1 0
github.com/fastertools/ftl-cli/go/ftl/pkg/scaffold/scaffold.go:125.2,125.23 1 1
github.com/fastertools/ftl-cli/go/ftl/pkg/scaffold/scaffold.go:129.76,131.48 1 1
github.com/fastertools/ftl-cli/go/ftl/pkg/scaffold/scaffold.go:131.48,133.3 1 0
github.com/fastertools/ftl-cli/go/ftl/pkg/scaffold/scaffold.go:136.2,143.21 4 1
github.com/fastertools/ftl-cli/go/ftl/pkg/scaffold/scaffold.go:143.21,145.3 1 0
github.com/fastertools/ftl-cli/go/ftl/pkg/scaffold/scaffold.go:148.2,149.16 2 1
github.com/fastertools/ftl-cli/go/ftl/pkg/scaffold/scaffold.go:149.16,151.3 1 0
github.com/fastertools/ftl-cli/go/ftl/pkg/scaffold/scaffold.go:153.2,153.18 1 1
github.com/fastertools/ftl-cli/go/ftl/pkg/scaffold/scaffold.go:153.18,159.17 4 1
github.com/fastertools/ftl-cli/go/ftl/pkg/scaffold/scaffold.go:159.17,161.4 1 0
github.com/fastertools/ftl-cli/go/ftl/pkg/scaffold/scaffold.go:164.3,164.25 1 1
github.com/fastertools/ftl-cli/go/ftl/pkg/scaffold/scaffold.go:164.25,166.28 1 1
github.com/fastertools/ftl-cli/go/ftl/pkg/scaffold/scaffold.go:166.28,168.5 1 1
github.com/fastertools/ftl-cli/go/ftl/pkg/scaffold/scaffold.go:170.4,170.26 1 1
github.com/fastertools/ftl-cli/go/ftl/pkg/scaffold/scaffold.go:170.26,173.5 2 1
github.com/fastertools/ftl-cli/go/ftl/pkg/scaffold/scaffold.go:177.3,181.32 3 1
github.com/fastertools/ftl-cli/go/ftl/pkg/scaffold/scaffold.go:181.32,182.49 1 1
github.com/fastertools/ftl-cli/go/ftl/pkg/scaffold/scaffold.go:182.49,184.5 1 0
github.com/fastertools/ftl-cli/go/ftl/pkg/scaffold/scaffold.go:188.3,188.74 1 1
github.com/fastertools/ftl-cli/go/ftl/pkg/scaffold/scaffold.go:188.74,190.4 1 0
github.com/fastertools/ftl-cli/go/ftl/pkg/scaffold/scaffold.go:193.2,193.12 1 1
github.com/fastertools/ftl-cli/go/ftl/pkg/scaffold/scaffold.go:197.78,200.16 2 1
github.com/fastertools/ftl-cli/go/ftl/pkg/scaffold/scaffold.go:200.16,202.3 1 1
github.com/fastertools/ftl-cli/go/ftl/pkg/scaffold/scaffold.go:205.2,205.20 1 1
github.com/fastertools/ftl-cli/go/ftl/pkg/scaffold/scaffold.go:205.20,216.3 3 1
github.com/fastertools/ftl-cli/go/ftl/pkg/scaffold/scaffold.go:218.2,218.21 1 1
github.com/fastertools/ftl-cli/go/ftl/pkg/scaffold/scaffold.go:218.21,229.3 1 1
github.com/fastertools/ftl-cli/go/ftl/pkg/scaffold/scaffold.go:232.2,233.16 2 1
github.com/fastertools/ftl-cli/go/ftl/pkg/scaffold/scaffold.go:233.16,235.3 1 0
github.com/fastertools/ftl-cli/go/ftl/pkg/scaffold/scaffold.go:237.2,240.16 2 1
github.com/fastertools/ftl-cli/go/ftl/pkg/scaffold/scaffold.go:241.14,242.52 1 1
github.com/fastertools/ftl-cli/go/ftl/pkg/scaffold/scaffold.go:242.52,244.4 1 0
github.com/fastertools/ftl-cli/go/ftl/pkg/scaffold/scaffold.go:245.14,246.52 1 1
github.com/fastertools/ftl-cli/go/ftl/pkg/scaffold/scaffold.go:246.52,248.4 1 0
github.com/fastertools/ftl-cli/go/ftl/pkg/scaffold/scaffold.go:249.10,250.68 1 0
github.com/fastertools/ftl-cli/go/ftl/pkg/scaffold/scaffold.go:254.2,261.23 5 1
github.com/fastertools/ftl-cli/go/ftl/pkg/scaffold/scaffold.go:261.23,264.3 2 1
github.com/fastertools/ftl-cli/go/ftl/pkg/scaffold/scaffold.go:267.2,282.38 4 1
github.com/fastertools/ftl-cli/go/ftl/pkg/scaffold/scaffold.go:282.38,283.22 1 1
github.com/fastertools/ftl-cli/go/ftl/pkg/scaffold/scaffold.go:283.22,285.4 1 1
github.com/fastertools/ftl-cli/go/ftl/pkg/scaffold/scaffold.go:289.2,293.16 3 1
github.com/fastertools/ftl-cli/go/ftl/pkg/scaffold/scaffold.go:294.14,298.46 4 1
github.com/fastertools/ftl-cli/go/ftl/pkg/scaffold/scaffold.go:298.46,300.4 1 0
github.com/fastertools/ftl-cli/go/ftl/pkg/scaffold/scaffold.go:301.3,301.23 1 1
github.com/fastertools/ftl-cli/go/ftl/pkg/scaffold/scaffold.go:302.14,305.17 3 1
github.com/fastertools/ftl-cli/go/ftl/pkg/scaffold/scaffold.go:305.17,307.4 1 0
github.com/fastertools/ftl-cli/go/ftl/pkg/scaffold/scaffold.go:309.3,309.32 1 1
github.com/fastertools/ftl-cli/go/ftl/pkg/scaffold/scaffold.go:312.2,312.63 1 1
github.com/fastertools/ftl-cli/go/ftl/pkg/scaffold/scaffold.go:312.63,314.3 1 0
github.com/fastertools/ftl-cli/go/ftl/pkg/scaffold/scaffold.go:316.2,316.12 1 1
github.com/fastertools/ftl-cli/go/ftl/pkg/scaffold/scaffold.go:320.67,322.47 1 1
github.com/fastertools/ftl-cli/go/ftl/pkg/scaffold/scaffold.go:322.47,324.3 1 1
github.com/fastertools/ftl-cli/go/ftl/pkg/scaffold/scaffold.go:327.2,327.47 1 1
github.com/fastertools/ftl-cli/go/ftl/pkg/scaffold/scaffold.go:327.47,329.3 1 1
github.com/fastertools/ftl-cli/go/ftl/pkg/scaffold/scaffold.go:332.2,332.46 1 1
github.com/fastertools/ftl-cli/go/ftl/pkg/scaffold/scaffold.go:332.46,334.3 1 1
github.com/fastertools/ftl-cli/go/ftl/pkg/scaffold/scaffold.go:337.2,337.46 1 1
github.com/fastertools/ftl-cli/go/ftl/pkg/scaffold/scaffold.go:337.46,340.71 2 1
github.com/fastertools/ftl-cli/go/ftl/pkg/scaffold/scaffold.go:340.71,342.4 1 1
github.com/fastertools/ftl-cli/go/ftl/pkg/scaffold/scaffold.go:345.2,346.44 1 1
github.com/fastertools/ftl-cli/go/ftl/pkg/scaffold/scaffold.go:350.64,351.18 1 1
github.com/fastertools/ftl-cli/go/ftl/pkg/scaffold/scaffold.go:352.14,355.49 2 1
github.com/fastertools/ftl-cli/go/ftl/pkg/scaffold/scaffold.go:356.20,357.51 1 1
github.com/fastertools/ftl-cli/go/ftl/pkg/scaffold/scaffold.go:358.16,359.41 1 1
github.com/fastertools/ftl-cli/go/ftl/pkg/scaffold/scaffold.go:360.12,361.42 1 1
github.com/fastertools/ftl-cli/go/ftl/pkg/scaffold/scaffold.go:362.10,363.43 1 0
github.com/fastertools/ftl-cli/go/ftl/pkg/scaffold/scaffold.go:368.47,370.2 1 1
github.com/fastertools/ftl-cli/go/ftl/pkg/scaffold/scaffold.go:373.47,374.16 1 1
github.com/fastertools/ftl-cli/go/ftl/pkg/scaffold/scaffold.go:374.16,376.3 1 1
github.com/fastertools/ftl-cli/go/ftl/pkg/scaffold/scaffold.go:379.2,379.25 1 1
github.com/fastertools/ftl-cli/go/ftl/pkg/scaffold/scaffold.go:379.25,380.70 1 1
github.com/fastertools/ftl-cli/go/ftl/pkg/scaffold/scaffold.go:380.70,382.4 1 1
github.com/fastertools/ftl-cli/go/ftl/pkg/scaffold/scaffold.go:385.3,385.40 1 1
github.com/fastertools/ftl-cli/go/ftl/pkg/scaffold/scaffold.go:385.40,387.4 1 1
github.com/fastertools/ftl-cli/go/ftl/pkg/scaffold/scaffold.go:391.2,391.98 1 1
github.com/fastertools/ftl-cli/go/ftl/pkg/scaffold/scaffold.go:391.98,393.3 1 1
github.com/fastertools/ftl-cli/go/ftl/pkg/scaffold/scaffold.go:395.2,395.12 1 1
github.com/fastertools/ftl-cli/go/ftl/pkg/synthesis/cdk.go:18.20,22.2 1 1
github.com/fastertools/ftl-cli/go/ftl/pkg/synthesis/cdk.go:64.49,76.2 2 1
github.com/fastertools/ftl-cli/go/ftl/pkg/synthesis/cdk.go:79.62,82.2 2 1
github.com/fastertools/ftl-cli/go/ftl/pkg/synthesis/cdk.go:85.70,88.2 2 1
github.com/fastertools/ftl-cli/go/ftl/pkg/synthesis/cdk.go:91.60,94.2 2 1
github.com/fastertools/ftl-cli/go/ftl/pkg/synthesis/cdk.go:97.66,105.2 3 1
github.com/fastertools/ftl-cli/go/ftl/pkg/synthesis/cdk.go:108.77,116.2 3 1
github.com/fastertools/ftl-cli/go/ftl/pkg/synthesis/cdk.go:119.65,127.2 1 1
github.com/fastertools/ftl-cli/go/ftl/pkg/synthesis/cdk.go:130.36,133.2 2 1
github.com/fastertools/ftl-cli/go/ftl/pkg/synthesis/cdk.go:142.70,145.2 2 1
github.com/fastertools/ftl-cli/go/ftl/pkg/synthesis/cdk.go:148.91,155.2 2 1
github.com/fastertools/ftl-cli/go/ftl/pkg/synthesis/cdk.go:158.73,159.31 1 1
github.com/fastertools/ftl-cli/go/ftl/pkg/synthesis/cdk.go:159.31,161.3 1 1
github.com/fastertools/ftl-cli/go/ftl/pkg/synthesis/cdk.go:162.2,163.11 2 1
github.com/fastertools/ftl-cli/go/ftl/pkg/synthesis/cdk.go:167.77,168.31 1 1
github.com/fastertools/ftl-cli/go/ftl/pkg/synthesis/cdk.go:168.31,170.3 1 1
github.com/fastertools/ftl-cli/go/ftl/pkg/synthesis/cdk.go:171.2,172.11 2 1
github.com/fastertools/ftl-cli/go/ftl/pkg/synthesis/cdk.go:176.74,177.35 1 1
github.com/fastertools/ftl-cli/go/ftl/pkg/synthesis/cdk.go:177.35,179.3 1 1
github.com/fastertools/ftl-cli/go/ftl/pkg/synthesis/cdk.go:180.2,181.11 2 1
github.com/fastertools/ftl-cli/go/ftl/pkg/synthesis/cdk.go:185.49,188.2 2 1
github.com/fastertools/ftl-cli/go/ftl/pkg/synthesis/cdk.go:191.46,192.20 1 1
github.com/fastertools/ftl-cli/go/ftl/pkg/synthesis/cdk.go:192.20,194.3 1 1
github.com/fastertools/ftl-cli/go/ftl/pkg/synthesis/cdk.go:197.2,198.27 2 1
github.com/fastertools/ftl-cli/go/ftl/pkg/synthesis/cdk.go:198.27,200.3 1 0
github.com/fastertools/ftl-cli/go/ftl/pkg/synthesis/cdk.go:203.2,204.25 2 1
github.com/fastertools/ftl-cli/go/ftl/pkg/synthesis/cdk.go:204.25,206.3 1 0
github.com/fastertools/ftl-cli/go/ftl/pkg/synthesis/cdk.go:209.2,229.25 3 1
github.com/fastertools/ftl-cli/go/ftl/pkg/synthesis/cdk.go:229.25,231.3 1 1
github.com/fastertools/ftl-cli/go/ftl/pkg/synthesis/cdk.go:234.2,235.32 2 1
github.com/fastertools/ftl-cli/go/ftl/pkg/synthesis/cdk.go:235.32,237.3 1 0
github.com/fastertools/ftl-cli/go/ftl/pkg/synthesis/cdk.go:240.2,240.49 1 1
github.com/fastertools/ftl-cli/go/ftl/pkg/synthesis/cdk.go:240.49,242.3 1 0
github.com/fastertools/ftl-cli/go/ftl/pkg/synthesis/cdk.go:245.2,246.42 2 1
github.com/fastertools/ftl-cli/go/ftl/pkg/synthesis/cdk.go:250.41,251.20 1 1
github.com/fastertools/ftl-cli/go/ftl/pkg/synthesis/cdk.go:251.20,253.3 1 1
github.com/fastertools/ftl-cli/go/ftl/pkg/synthesis/cdk.go:256.2,257.27 2 1
github.com/fastertools/ftl-cli/go/ftl/pkg/synthesis/cdk.go:257.27,259.3 1 0
github.com/fastertools/ftl-cli/go/ftl/pkg/synthesis/cdk.go:262.2,265.18 1 1
github.com/fastertools/ftl-cli/go/ftl/pkg/synthesis/cdk.go:269.63,270.20 1 1
github.com/fastertools/ftl-cli/go/ftl/pkg/synthesis/cdk.go:270.20,272.3 1 1
github.com/fastertools/ftl-cli/go/ftl/pkg/synthesis/cdk.go:275.2,276.25 2 1
github.com/fastertools/ftl-cli/go/ftl/pkg/synthesis/cdk.go:276.25,278.3 1 0
github.com/fastertools/ftl-cli/go/ftl/pkg/synthesis/cdk.go:281.2,282.27 2 1
github.com/fastertools/ftl-cli/go/ftl/pkg/synthesis/cdk.go:282.27,284.3 1 0
github.com/fastertools/ftl-cli/go/ftl/pkg/synthesis/cdk.go:287.2,288.26 2 1
github.com/fastertools/ftl-cli/go/ftl/pkg/synthesis/cdk.go:288.26,290.3 1 0
github.com/fastertools/ftl-cli/go/ftl/pkg/synthesis/cdk.go:292.2,292.27 1 1
github.com/fastertools/ftl-cli/go/ftl/pkg/synthesis/helpers.go:13.62,16.16 2 1
github.com/fastertools/ftl-cli/go/ftl/pkg/synthesis/helpers.go:16.16,18.3 1 1
github.com/fastertools/ftl-cli/go/ftl/pkg/synthesis/helpers.go:21.2,24.13 3 1
github.com/fastertools/ftl-cli/go/ftl/pkg/synthesis/helpers.go:25.23,26.36 1 1
github.com/fastertools/ftl-cli/go/ftl/pkg/synthesis/helpers.go:27.15,28.36 1 1
github.com/fastertools/ftl-cli/go/ftl/pkg/synthesis/helpers.go:29.14,30.43 1 1
github.com/fastertools/ftl-cli/go/ftl/pkg/synthesis/helpers.go:31.10,34.57 2 1
github.com/fastertools/ftl-cli/go/ftl/pkg/synthesis/helpers.go:34.57,36.4 1 1
github.com/fastertools/ftl-cli/go/ftl/pkg/synthesis/helpers.go:37.3,37.78 1 1
github.com/fastertools/ftl-cli/go/ftl/pkg/synthesis/synthesizer.go:24.36,28.2 1 1
github.com/fastertools/ftl-cli/go/ftl/pkg/synthesis/synthesizer.go:31.71,34.16 2 1
github.com/fastertools/ftl-cli/go/ftl/pkg/synthesis/synthesizer.go:34.16,36.3 1 0
github.com/fastertools/ftl-cli/go/ftl/pkg/synthesis/synthesizer.go:38.2,39.24 2 1
github.com/fastertools/ftl-cli/go/ftl/pkg/synthesis/synthesizer.go:39.24,41.3 1 0
github.com/fastertools/ftl-cli/go/ftl/pkg/synthesis/synthesizer.go:43.2,43.37 1 1
github.com/fastertools/ftl-cli/go/ftl/pkg/synthesis/synthesizer.go:47.71,51.16 3 1
github.com/fastertools/ftl-cli/go/ftl/pkg/synthesis/synthesizer.go:51.16,53.3 1 1
github.com/fastertools/ftl-cli/go/ftl/pkg/synthesis/synthesizer.go:55.2,56.24 2 1
github.com/fastertools/ftl-cli/go/ftl/pkg/synthesis/synthesizer.go:56.24,58.3 1 0
github.com/fastertools/ftl-cli/go/ftl/pkg/synthesis/synthesizer.go:60.2,60.37 1 1
github.com/fastertools/ftl-cli/go/ftl/pkg/synthesis/synthesizer.go:64.71,66.24 2 1
github.com/fastertools/ftl-cli/go/ftl/pkg/synthesis/synthesizer.go:66.24,68.3 1 0
github.com/fastertools/ftl-cli/go/ftl/pkg/synthesis/synthesizer.go:70.2,70.37 1 1
github.com/fastertools/ftl-cli/go/ftl/pkg/synthesis/synthesizer.go:74.69,77.46 3 1
github.com/fastertools/ftl-cli/go/ftl/pkg/synthesis/synthesizer.go:77.46,79.3 1 1
github.com/fastertools/ftl-cli/go/ftl/pkg/synthesis/synthesizer.go:80.2,80.26 1 1
github.com/fastertools/ftl-cli/go/ftl/pkg/synthesis/synthesizer.go:84.81,123.24 3 1
github.com/fastertools/ftl-cli/go/ftl/pkg/synthesis/synthesizer.go:123.24,125.3 1 0
github.com/fastertools/ftl-cli/go/ftl/pkg/synthesis/synthesizer.go:128.2,129.24 2 1
github.com/fastertools/ftl-cli/go/ftl/pkg/synthesis/synthesizer.go:129.24,131.3 1 1
github.com/fastertools/ftl-cli/go/ftl/pkg/synthesis/synthesizer.go:134.2,135.32 2 1
github.com/fastertools/ftl-cli/go/ftl/pkg/synthesis/synthesizer.go:135.32,137.3 1 0
github.com/fastertools/ftl-cli/go/ftl/pkg/synthesis/synthesizer.go:140.2,142.54 3 1
github.com/fastertools/ftl-cli/go/ftl/pkg/synthesis/synthesizer.go:142.54,144.3 1 1
github.com/fastertools/ftl-cli/go/ftl/pkg/synthesis/synthesizer.go:146.2,146.26 1 1
github.com/fastertools/ftl-cli/go/ftl/cmd/add.go:20.33,47.55 2 1
github.com/fastertools/ftl-cli/go/ftl/cmd/add.go:47.55,48.21 1 0
github.com/fastertools/ftl-cli/go/ftl/cmd/add.go:48.21,50.5 1 0
github.com/fastertools/ftl-cli/go/ftl/cmd/add.go:51.4,51.23 1 0
github.com/fastertools/ftl-cli/go/ftl/cmd/add.go:55.2,57.12 2 1
github.com/fastertools/ftl-cli/go/ftl/cmd/add.go:60.37,63.16 2 1
github.com/fastertools/ftl-cli/go/ftl/cmd/add.go:63.16,65.3 1 0
github.com/fastertools/ftl-cli/go/ftl/cmd/add.go:68.2,68.21 1 1
github.com/fastertools/ftl-cli/go/ftl/cmd/add.go:68.21,73.98 2 0
github.com/fastertools/ftl-cli/go/ftl/cmd/add.go:73.98,75.4 1 0
github.com/fastertools/ftl-cli/go/ftl/cmd/add.go:79.2,79.66 1 1
github.com/fastertools/ftl-cli/go/ftl/cmd/add.go:79.66,81.3 1 1
github.com/fastertools/ftl-cli/go/ftl/cmd/add.go:84.2,84.25 1 1
github.com/fastertools/ftl-cli/go/ftl/cmd/add.go:84.25,99.56 4 0
github.com/fastertools/ftl-cli/go/ftl/cmd/add.go:99.56,101.4 1 0
github.com/fastertools/ftl-cli/go/ftl/cmd/add.go:104.3,104.44 1 0
github.com/fastertools/ftl-cli/go/ftl/cmd/add.go:108.2,110.38 3 1
github.com/fastertools/ftl-cli/go/ftl/cmd/add.go:110.38,111.28 1 1
github.com/fastertools/ftl-cli/go/ftl/cmd/add.go:111.28,113.9 2 1
github.com/fastertools/ftl-cli/go/ftl/cmd/add.go:116.2,116.12 1 1
github.com/fastertools/ftl-cli/go/ftl/cmd/add.go:116.12,118.3 1 1
github.com/fastertools/ftl-cli/go/ftl/cmd/add.go:120.2,123.79 2 1
github.com/fastertools/ftl-cli/go/ftl/cmd/add.go:123.79,125.3 1 0
github.com/fastertools/ftl-cli/go/ftl/cmd/add.go:128.2,130.12 2 1
github.com/fastertools/ftl-cli/go/ftl/cmd/add.go:133.49,136.18 2 1
github.com/fastertools/ftl-cli/go/ftl/cmd/add.go:137.14,138.48 1 1
github.com/fastertools/ftl-cli/go/ftl/cmd/add.go:139.20,140.50 1 1
github.com/fastertools/ftl-cli/go/ftl/cmd/add.go:141.16,142.49 1 1
github.com/fastertools/ftl-cli/go/ftl/cmd/add.go:143.12,144.45 1 1
github.com/fastertools/ftl-cli/go/ftl/cmd/add.go:147.2,165.85 19 1
github.com/fastertools/ftl-cli/go/ftl/cmd/add.go:168.46,169.18 1 1
github.com/fastertools/ftl-cli/go/ftl/cmd/add.go:170.14,171.22 1 1
github.com/fastertools/ftl-cli/go/ftl/cmd/add.go:172.20,173.24 1 1
github.com/fastertools/ftl-cli/go/ftl/cmd/add.go:174.16,175.23 1 1
github.com/fastertools/ftl-cli/go/ftl/cmd/add.go:176.12,177.19 1 1
github.com/fastertools/ftl-cli/go/ftl/cmd/add.go:178.10,179.16 1 1
github.com/fastertools/ftl-cli/go/ftl/cmd/add.go:183.48,184.18 1 1
github.com/fastertools/ftl-cli/go/ftl/cmd/add.go:185.14,186.22 1 1
github.com/fastertools/ftl-cli/go/ftl/cmd/add.go:187.20,188.24 1 1
github.com/fastertools/ftl-cli/go/ftl/cmd/add.go:189.16,190.26 1 1
github.com/fastertools/ftl-cli/go/ftl/cmd/add.go:191.12,192.18 1 1
github.com/fastertools/ftl-cli/go/ftl/cmd/add.go:193.10,194.18 1 1
github.com/fastertools/ftl-cli/go/ftl/cmd/add.go:198.43,199.18 1 1
github.com/fastertools/ftl-cli/go/ftl/cmd/add.go:200.14,201.16 1 1
github.com/fastertools/ftl-cli/go/ftl/cmd/add.go:202.20,203.14 1 1
github.com/fastertools/ftl-cli/go/ftl/cmd/add.go:204.16,205.18 1 1
github.com/fastertools/ftl-cli/go/ftl/cmd/add.go:206.12,207.14 1 1
github.com/fastertools/ftl-cli/go/ftl/cmd/add.go:208.10,209.18 1 1
github.com/fastertools/ftl-cli/go/ftl/cmd/auth.go:13.34,28.2 3 1
github.com/fastertools/ftl-cli/go/ftl/cmd/auth.go:30.39,39.55 4 1
github.com/fastertools/ftl-cli/go/ftl/cmd/auth.go:39.55,42.18 2 0
github.com/fastertools/ftl-cli/go/ftl/cmd/auth.go:42.18,44.5 1 0
github.com/fastertools/ftl-cli/go/ftl/cmd/auth.go:47.4,52.27 2 0
github.com/fastertools/ftl-cli/go/ftl/cmd/auth.go:52.27,54.5 1 0
github.com/fastertools/ftl-cli/go/ftl/cmd/auth.go:56.4,66.14 5 0
github.com/fastertools/ftl-cli/go/ftl/cmd/auth.go:66.14,67.76 1 0
github.com/fastertools/ftl-cli/go/ftl/cmd/auth.go:67.76,70.6 2 0
github.com/fastertools/ftl-cli/go/ftl/cmd/auth.go:74.4,75.18 2 0
github.com/fastertools/ftl-cli/go/ftl/cmd/auth.go:75.18,77.5 1 0
github.com/fastertools/ftl-cli/go/ftl/cmd/auth.go:80.4,87.18 7 0
github.com/fastertools/ftl-cli/go/ftl/cmd/auth.go:87.18,89.5 1 0
github.com/fastertools/ftl-cli/go/ftl/cmd/auth.go:92.4,93.18 2 0
github.com/fastertools/ftl-cli/go/ftl/cmd/auth.go:93.18,95.5 1 0
github.com/fastertools/ftl-cli/go/ftl/cmd/auth.go:98.4,101.30 3 0
github.com/fastertools/ftl-cli/go/ftl/cmd/auth.go:101.30,106.5 2 0
github.com/fastertools/ftl-cli/go/ftl/cmd/auth.go:108.4,108.14 1 0
github.com/fastertools/ftl-cli/go/ftl/cmd/auth.go:112.2,116.12 4 1
github.com/fastertools/ftl-cli/go/ftl/cmd/auth.go:119.40,124.55 1 1
github.com/fastertools/ftl-cli/go/ftl/cmd/auth.go:124.55,127.18 2 0
github.com/fastertools/ftl-cli/go/ftl/cmd/auth.go:127.18,129.5 1 0
github.com/fastertools/ftl-cli/go/ftl/cmd/auth.go:132.4,135.43 2 0
github.com/fastertools/ftl-cli/go/ftl/cmd/auth.go:135.43,137.39 1 0
github.com/fastertools/ftl-cli/go/ftl/cmd/auth.go:137.39,140.6 2 0
github.com/fastertools/ftl-cli/go/ftl/cmd/auth.go:141.5,141.48 1 0
github.com/fastertools/ftl-cli/go/ftl/cmd/auth.go:144.4,145.14 2 0
github.com/fastertools/ftl-cli/go/ftl/cmd/auth.go:150.40,157.55 2 1
github.com/fastertools/ftl-cli/go/ftl/cmd/auth.go:157.55,160.18 2 0
github.com/fastertools/ftl-cli/go/ftl/cmd/auth.go:160.18,162.5 1 0
github.com/fastertools/ftl-cli/go/ftl/cmd/auth.go:165.4,174.24 5 0
github.com/fastertools/ftl-cli/go/ftl/cmd/auth.go:174.24,179.5 4 0
github.com/fastertools/ftl-cli/go/ftl/cmd/auth.go:182.4,185.33 3 0
github.com/fastertools/ftl-cli/go/ftl/cmd/auth.go:185.33,192.31 3 0
github.com/fastertools/ftl-cli/go/ftl/cmd/auth.go:192.31,193.27 1 0
github.com/fastertools/ftl-cli/go/ftl/cmd/auth.go:193.27,195.35 2 0
github.com/fastertools/ftl-cli/go/ftl/cmd/auth.go:195.35,197.8 1 0
github.com/fastertools/ftl-cli/go/ftl/cmd/auth.go:198.12,205.7 4 0
github.com/fastertools/ftl-cli/go/ftl/cmd/auth.go:206.11,208.6 1 0
github.com/fastertools/ftl-cli/go/ftl/cmd/auth.go:211.5,211.33 1 0
github.com/fastertools/ftl-cli/go/ftl/cmd/auth.go:211.33,213.6 1 0
github.com/fastertools/ftl-cli/go/ftl/cmd/auth.go:216.5,216.18 1 0
github.com/fastertools/ftl-cli/go/ftl/cmd/auth.go:216.18,220.6 3 0
github.com/fastertools/ftl-cli/go/ftl/cmd/auth.go:223.4,223.14 1 0
github.com/fastertools/ftl-cli/go/ftl/cmd/auth.go:227.2,228.12 2 1
github.com/fastertools/ftl-cli/go/ftl/cmd/build.go:14.35,22.55 3 1
github.com/fastertools/ftl-cli/go/ftl/cmd/build.go:22.55,31.49 5 1
github.com/fastertools/ftl-cli/go/ftl/cmd/build.go:31.49,33.5 1 0
github.com/fastertools/ftl-cli/go/ftl/cmd/build.go:36.4,36.63 1 1
github.com/fastertools/ftl-cli/go/ftl/cmd/build.go:36.63,41.19 3 0
github.com/fastertools/ftl-cli/go/ftl/cmd/build.go:41.19,43.6 1 0
github.com/fastertools/ftl-cli/go/ftl/cmd/build.go:46.5,46.77 1 0
github.com/fastertools/ftl-cli/go/ftl/cmd/build.go:46.77,48.6 1 0
github.com/fastertools/ftl-cli/go/ftl/cmd/build.go:50.5,50.57 1 0
github.com/fastertools/ftl-cli/go/ftl/cmd/build.go:51.10,51.48 1 1
github.com/fastertools/ftl-cli/go/ftl/cmd/build.go:51.48,53.5 1 0
github.com/fastertools/ftl-cli/go/ftl/cmd/build.go:53.10,53.47 1 1
github.com/fastertools/ftl-cli/go/ftl/cmd/build.go:53.47,55.59 1 1
github.com/fastertools/ftl-cli/go/ftl/cmd/build.go:55.59,57.6 1 1
github.com/fastertools/ftl-cli/go/ftl/cmd/build.go:58.5,58.88 1 0
github.com/fastertools/ftl-cli/go/ftl/cmd/build.go:59.10,59.24 1 1
github.com/fastertools/ftl-cli/go/ftl/cmd/build.go:59.24,61.59 1 1
github.com/fastertools/ftl-cli/go/ftl/cmd/build.go:61.59,63.6 1 1
github.com/fastertools/ftl-cli/go/ftl/cmd/build.go:64.5,64.63 1 1
github.com/fastertools/ftl-cli/go/ftl/cmd/build.go:67.4,70.42 2 1
github.com/fastertools/ftl-cli/go/ftl/cmd/build.go:70.42,72.5 1 1
github.com/fastertools/ftl-cli/go/ftl/cmd/build.go:74.4,75.14 2 0
github.com/fastertools/ftl-cli/go/ftl/cmd/build.go:79.2,82.12 3 1
github.com/fastertools/ftl-cli/go/ftl/cmd/component.go:14.39,29.2 3 0
github.com/fastertools/ftl-cli/go/ftl/cmd/component.go:31.43,35.55 1 0
github.com/fastertools/ftl-cli/go/ftl/cmd/component.go:35.55,37.4 1 0
github.com/fastertools/ftl-cli/go/ftl/cmd/component.go:41.29,44.16 2 0
github.com/fastertools/ftl-cli/go/ftl/cmd/component.go:44.16,45.25 1 0
github.com/fastertools/ftl-cli/go/ftl/cmd/component.go:45.25,47.4 1 0
github.com/fastertools/ftl-cli/go/ftl/cmd/component.go:48.3,48.13 1 0
github.com/fastertools/ftl-cli/go/ftl/cmd/component.go:51.2,51.30 1 0
github.com/fastertools/ftl-cli/go/ftl/cmd/component.go:51.30,55.3 3 0
github.com/fastertools/ftl-cli/go/ftl/cmd/component.go:58.2,60.38 2 0
github.com/fastertools/ftl-cli/go/ftl/cmd/component.go:60.38,64.36 2 0
github.com/fastertools/ftl-cli/go/ftl/cmd/component.go:65.15,66.38 1 0
github.com/fastertools/ftl-cli/go/ftl/cmd/component.go:67.31,68.33 1 0
github.com/fastertools/ftl-cli/go/ftl/cmd/component.go:68.33,70.5 1 0
github.com/fastertools/ftl-cli/go/ftl/cmd/component.go:70.10,70.50 1 0
github.com/fastertools/ftl-cli/go/ftl/cmd/component.go:70.50,74.5 3 0
github.com/fastertools/ftl-cli/go/ftl/cmd/component.go:77.3,77.29 1 0
github.com/fastertools/ftl-cli/go/ftl/cmd/component.go:77.29,79.4 1 0
github.com/fastertools/ftl-cli/go/ftl/cmd/component.go:82.3,82.40 1 0
github.com/fastertools/ftl-cli/go/ftl/cmd/component.go:82.40,83.36 1 0
github.com/fastertools/ftl-cli/go/ftl/cmd/component.go:83.36,84.70 1 0
github.com/fastertools/ftl-cli/go/ftl/cmd/component.go:84.70,85.36 1 0
github.com/fastertools/ftl-cli/go/ftl/cmd/component.go:85.36,87.7 1 0
github.com/fastertools/ftl-cli/go/ftl/cmd/component.go:87.12,89.7 1 0
github.com/fastertools/ftl-cli/go/ftl/cmd/component.go:94.3,94.41 1 0
github.com/fastertools/ftl-cli/go/ftl/cmd/component.go:94.41,96.4 1 0
github.com/fastertools/ftl-cli/go/ftl/cmd/component.go:97.3,97.16 1 0
github.com/fastertools/ftl-cli/go/ftl/cmd/component.go:100.2,100.12 1 0
github.com/fastertools/ftl-cli/go/ftl/cmd/component.go:103.45,108.55 1 0
github.com/fastertools/ftl-cli/go/ftl/cmd/component.go:108.55,111.4 2 0
github.com/fastertools/ftl-cli/go/ftl/cmd/component.go:115.41,121.16 3 1
github.com/fastertools/ftl-cli/go/ftl/cmd/component.go:121.16,122.25 1 0
github.com/fastertools/ftl-cli/go/ftl/cmd/component.go:122.25,124.4 1 0
github.com/fastertools/ftl-cli/go/ftl/cmd/component.go:125.3,125.13 1 0
github.com/fastertools/ftl-cli/go/ftl/cmd/component.go:129.2,131.38 3 1
github.com/fastertools/ftl-cli/go/ftl/cmd/component.go:131.38,132.22 1 1
github.com/fastertools/ftl-cli/go/ftl/cmd/component.go:132.22,134.4 1 1
github.com/fastertools/ftl-cli/go/ftl/cmd/component.go:134.9,136.4 1 1
github.com/fastertools/ftl-cli/go/ftl/cmd/component.go:139.2,139.12 1 1
github.com/fastertools/ftl-cli/go/ftl/cmd/component.go:139.12,141.3 1 1
github.com/fastertools/ftl-cli/go/ftl/cmd/component.go:143.2,147.39 3 1
github.com/fastertools/ftl-cli/go/ftl/cmd/component.go:147.39,148.32 1 1
github.com/fastertools/ftl-cli/go/ftl/cmd/component.go:148.32,150.4 1 1
github.com/fastertools/ftl-cli/go/ftl/cmd/component.go:152.2,155.56 2 1
github.com/fastertools/ftl-cli/go/ftl/cmd/component.go:155.56,157.3 1 0
github.com/fastertools/ftl-cli/go/ftl/cmd/component.go:159.2,160.12 2 1
github.com/fastertools/ftl-cli/go/ftl/cmd/component_add.go:16.42,38.2 3 0
github.com/fastertools/ftl-cli/go/ftl/cmd/component_add.go:41.47,60.55 2 0
github.com/fastertools/ftl-cli/go/ftl/cmd/component_add.go:60.55,63.18 2 0
github.com/fastertools/ftl-cli/go/ftl/cmd/component_add.go:63.18,65.5 1 0
github.com/fastertools/ftl-cli/go/ftl/cmd/component_add.go:67.4,67.67 1 0
github.com/fastertools/ftl-cli/go/ftl/cmd/component_add.go:71.2,76.12 5 0
github.com/fastertools/ftl-cli/go/ftl/cmd/component_add.go:80.45,99.55 2 0
github.com/fastertools/ftl-cli/go/ftl/cmd/component_add.go:99.55,102.18 2 0
github.com/fastertools/ftl-cli/go/ftl/cmd/component_add.go:102.18,104.5 1 0
github.com/fastertools/ftl-cli/go/ftl/cmd/component_add.go:106.4,106.81 1 0
github.com/fastertools/ftl-cli/go/ftl/cmd/component_add.go:106.81,108.5 1 0
github.com/fastertools/ftl-cli/go/ftl/cmd/component_add.go:110.4,110.20 1 0
github.com/fastertools/ftl-cli/go/ftl/cmd/component_add.go:110.20,112.5 1 0
github.com/fastertools/ftl-cli/go/ftl/cmd/component_add.go:114.4,114.72 1 0
github.com/fastertools/ftl-cli/go/ftl/cmd/component_add.go:118.2,125.12 7 0
github.com/fastertools/ftl-cli/go/ftl/cmd/component_add.go:129.50,159.55 2 0
github.com/fastertools/ftl-cli/go/ftl/cmd/component_add.go:159.55,160.18 1 0
github.com/fastertools/ftl-cli/go/ftl/cmd/component_add.go:160.18,162.5 1 0
github.com/fastertools/ftl-cli/go/ftl/cmd/component_add.go:163.4,163.22 1 0
github.com/fastertools/ftl-cli/go/ftl/cmd/component_add.go:163.22,165.5 1 0
github.com/fastertools/ftl-cli/go/ftl/cmd/component_add.go:166.4,166.17 1 0
github.com/fastertools/ftl-cli/go/ftl/cmd/component_add.go:166.17,168.5 1 0
github.com/fastertools/ftl-cli/go/ftl/cmd/component_add.go:169.4,169.21 1 0
github.com/fastertools/ftl-cli/go/ftl/cmd/component_add.go:169.21,171.5 1 0
github.com/fastertools/ftl-cli/go/ftl/cmd/component_add.go:173.4,173.88 1 0
github.com/fastertools/ftl-cli/go/ftl/cmd/component_add.go:177.2,188.12 11 0
github.com/fastertools/ftl-cli/go/ftl/cmd/component_add.go:192.45,215.55 2 0
github.com/fastertools/ftl-cli/go/ftl/cmd/component_add.go:215.55,218.18 2 0
github.com/fastertools/ftl-cli/go/ftl/cmd/component_add.go:218.18,220.5 1 0
github.com/fastertools/ftl-cli/go/ftl/cmd/component_add.go:222.4,222.70 1 0
github.com/fastertools/ftl-cli/go/ftl/cmd/component_add.go:226.2,231.12 5 0
github.com/fastertools/ftl-cli/go/ftl/cmd/component_add.go:236.85,244.52 5 1
github.com/fastertools/ftl-cli/go/ftl/cmd/component_add.go:244.52,246.3 1 0
github.com/fastertools/ftl-cli/go/ftl/cmd/component_add.go:249.2,250.16 2 1
github.com/fastertools/ftl-cli/go/ftl/cmd/component_add.go:250.16,252.3 1 1
github.com/fastertools/ftl-cli/go/ftl/cmd/component_add.go:255.2,256.16 2 1
github.com/fastertools/ftl-cli/go/ftl/cmd/component_add.go:256.16,257.25 1 0
github.com/fastertools/ftl-cli/go/ftl/cmd/component_add.go:257.25,259.4 1 0
github.com/fastertools/ftl-cli/go/ftl/cmd/component_add.go:260.3,260.13 1 0
github.com/fastertools/ftl-cli/go/ftl/cmd/component_add.go:264.2,264.38 1 1
github.com/fastertools/ftl-cli/go/ftl/cmd/component_add.go:264.38,265.22 1 0
github.com/fastertools/ftl-cli/go/ftl/cmd/component_add.go:265.22,267.4 1 0
github.com/fastertools/ftl-cli/go/ftl/cmd/component_add.go:271.2,279.55 2 1
github.com/fastertools/ftl-cli/go/ftl/cmd/component_add.go:279.55,281.3 1 1
github.com/fastertools/ftl-cli/go/ftl/cmd/component_add.go:284.2,294.56 4 1
github.com/fastertools/ftl-cli/go/ftl/cmd/component_add.go:294.56,296.3 1 0
github.com/fastertools/ftl-cli/go/ftl/cmd/component_add.go:298.2,300.55 2 1
github.com/fastertools/ftl-cli/go/ftl/cmd/component_add.go:300.55,305.3 4 1
github.com/fastertools/ftl-cli/go/ftl/cmd/component_add.go:305.8,309.3 3 0
github.com/fastertools/ftl-cli/go/ftl/cmd/component_add.go:311.2,311.12 1 1
github.com/fastertools/ftl-cli/go/ftl/cmd/component_add.go:314.90,323.52 6 0
github.com/fastertools/ftl-cli/go/ftl/cmd/component_add.go:323.52,325.3 1 0
github.com/fastertools/ftl-cli/go/ftl/cmd/component_add.go:328.2,329.16 2 0
github.com/fastertools/ftl-cli/go/ftl/cmd/component_add.go:329.16,330.25 1 0
github.com/fastertools/ftl-cli/go/ftl/cmd/component_add.go:330.25,332.4 1 0
github.com/fastertools/ftl-cli/go/ftl/cmd/component_add.go:333.3,333.13 1 0
github.com/fastertools/ftl-cli/go/ftl/cmd/component_add.go:337.2,337.38 1 0
github.com/fastertools/ftl-cli/go/ftl/cmd/component_add.go:337.38,338.22 1 0
github.com/fastertools/ftl-cli/go/ftl/cmd/component_add.go:338.22,340.4 1 0
github.com/fastertools/ftl-cli/go/ftl/cmd/component_add.go:345.2,368.56 6 0
github.com/fastertools/ftl-cli/go/ftl/cmd/component_add.go:368.56,370.3 1 0
github.com/fastertools/ftl-cli/go/ftl/cmd/component_add.go:372.2,379.12 6 0
github.com/fastertools/ftl-cli/go/ftl/cmd/component_add.go:382.106,392.52 7 0
github.com/fastertools/ftl-cli/go/ftl/cmd/component_add.go:392.52,394.3 1 0
github.com/fastertools/ftl-cli/go/ftl/cmd/component_add.go:397.2,398.16 2 0
github.com/fastertools/ftl-cli/go/ftl/cmd/component_add.go:398.16,399.25 1 0
github.com/fastertools/ftl-cli/go/ftl/cmd/component_add.go:399.25,401.4 1 0
github.com/fastertools/ftl-cli/go/ftl/cmd/component_add.go:402.3,402.13 1 0
github.com/fastertools/ftl-cli/go/ftl/cmd/component_add.go:406.2,406.38 1 0
github.com/fastertools/ftl-cli/go/ftl/cmd/component_add.go:406.38,407.22 1 0
github.com/fastertools/ftl-cli/go/ftl/cmd/component_add.go:407.22,409.4 1 0
github.com/fastertools/ftl-cli/go/ftl/cmd/component_add.go:413.2,437.56 6 0
github.com/fastertools/ftl-cli/go/ftl/cmd/component_add.go:437.56,439.3 1 0
github.com/fastertools/ftl-cli/go/ftl/cmd/component_add.go:441.2,448.12 6 0
github.com/fastertools/ftl-cli/go/ftl/cmd/component_add.go:451.88,466.21 7 1
github.com/fastertools/ftl-cli/go/ftl/cmd/component_add.go:466.21,470.27 3 1
github.com/fastertools/ftl-cli/go/ftl/cmd/component_add.go:470.27,474.4 2 1
github.com/fastertools/ftl-cli/go/ftl/cmd/component_add.go:474.9,478.4 2 0
github.com/fastertools/ftl-cli/go/ftl/cmd/component_add.go:479.8,479.28 1 0
github.com/fastertools/ftl-cli/go/ftl/cmd/component_add.go:479.28,483.27 3 0
github.com/fastertools/ftl-cli/go/ftl/cmd/component_add.go:483.27,486.4 2 0
github.com/fastertools/ftl-cli/go/ftl/cmd/component_add.go:486.9,489.4 2 0
github.com/fastertools/ftl-cli/go/ftl/cmd/component_add.go:490.8,494.27 3 0
github.com/fastertools/ftl-cli/go/ftl/cmd/component_add.go:494.27,497.4 2 0
github.com/fastertools/ftl-cli/go/ftl/cmd/component_add.go:497.9,500.4 2 0
github.com/fastertools/ftl-cli/go/ftl/cmd/component_add.go:503.2,508.52 4 1
github.com/fastertools/ftl-cli/go/ftl/cmd/component_add.go:508.52,510.3 1 0
github.com/fastertools/ftl-cli/go/ftl/cmd/component_add.go:513.2,514.16 2 1
github.com/fastertools/ftl-cli/go/ftl/cmd/component_add.go:514.16,515.25 1 0
github.com/fastertools/ftl-cli/go/ftl/cmd/component_add.go:515.25,517.4 1 0
github.com/fastertools/ftl-cli/go/ftl/cmd/component_add.go:518.3,518.13 1 0
github.com/fastertools/ftl-cli/go/ftl/cmd/component_add.go:522.2,522.38 1 1
github.com/fastertools/ftl-cli/go/ftl/cmd/component_add.go:522.38,523.22 1 0
github.com/fastertools/ftl-cli/go/ftl/cmd/component_add.go:523.22,525.4 1 0
github.com/fastertools/ftl-cli/go/ftl/cmd/component_add.go:530.2,554.56 6 1
github.com/fastertools/ftl-cli/go/ftl/cmd/component_add.go:554.56,556.3 1 0
github.com/fastertools/ftl-cli/go/ftl/cmd/component_add.go:558.2,565.12 6 1
github.com/fastertools/ftl-cli/go/ftl/cmd/component_add.go:568.47,569.16 1 1
github.com/fastertools/ftl-cli/go/ftl/cmd/component_add.go:569.16,571.3 1 0
github.com/fastertools/ftl-cli/go/ftl/cmd/component_add.go:574.2,574.25 1 1
github.com/fastertools/ftl-cli/go/ftl/cmd/component_add.go:574.25,575.82 1 1
github.com/fastertools/ftl-cli/go/ftl/cmd/component_add.go:575.82,577.4 1 0
github.com/fastertools/ftl-cli/go/ftl/cmd/component_add.go:581.2,583.64 1 1
github.com/fastertools/ftl-cli/go/ftl/cmd/component_add.go:583.64,585.3 1 0
github.com/fastertools/ftl-cli/go/ftl/cmd/component_add.go:587.2,587.12 1 1
github.com/fastertools/ftl-cli/go/ftl/cmd/component_add.go:590.61,592.16 2 1
github.com/fastertools/ftl-cli/go/ftl/cmd/component_add.go:592.16,594.3 1 1
github.com/fastertools/ftl-cli/go/ftl/cmd/component_add.go:596.2,597.51 2 1
github.com/fastertools/ftl-cli/go/ftl/cmd/component_add.go:597.51,599.3 1 0
github.com/fastertools/ftl-cli/go/ftl/cmd/component_add.go:601.2,601.18 1 1
github.com/fastertools/ftl-cli/go/ftl/cmd/component_add.go:604.63,606.16 2 1
github.com/fastertools/ftl-cli/go/ftl/cmd/component_add.go:606.16,608.3 1 0
github.com/fastertools/ftl-cli/go/ftl/cmd/component_add.go:610.2,610.39 1 1
github.com/fastertools/ftl-cli/go/ftl/cmd/deploy.go:15.36,37.55 2 1
github.com/fastertools/ftl-cli/go/ftl/cmd/deploy.go:37.55,40.4 2 0
github.com/fastertools/ftl-cli/go/ftl/cmd/deploy.go:43.2,47.12 4 1
github.com/fastertools/ftl-cli/go/ftl/cmd/deploy.go:50.88,53.16 2 0
github.com/fastertools/ftl-cli/go/ftl/cmd/deploy.go:53.16,55.3 1 0
github.com/fastertools/ftl-cli/go/ftl/cmd/deploy.go:57.2,57.12 1 0
github.com/fastertools/ftl-cli/go/ftl/cmd/deploy.go:57.12,62.3 4 0
github.com/fastertools/ftl-cli/go/ftl/cmd/deploy.go:65.2,68.23 3 0
github.com/fastertools/ftl-cli/go/ftl/cmd/deploy.go:68.23,70.3 1 0
github.com/fastertools/ftl-cli/go/ftl/cmd/deploy.go:72.2,72.56 1 0
github.com/fastertools/ftl-cli/go/ftl/cmd/deploy.go:72.56,74.3 1 0
github.com/fastertools/ftl-cli/go/ftl/cmd/deploy.go:76.2,77.12 2 0
github.com/fastertools/ftl-cli/go/ftl/cmd/deploy.go:81.63,83.16 2 0
github.com/fastertools/ftl-cli/go/ftl/cmd/deploy.go:83.16,84.25 1 0
github.com/fastertools/ftl-cli/go/ftl/cmd/deploy.go:84.25,86.4 1 0
github.com/fastertools/ftl-cli/go/ftl/cmd/deploy.go:87.3,87.18 1 0
github.com/fastertools/ftl-cli/go/ftl/cmd/deploy.go:90.2,91.51 2 0
github.com/fastertools/ftl-cli/go/ftl/cmd/deploy.go:91.51,93.3 1 0
github.com/fastertools/ftl-cli/go/ftl/cmd/deploy.go:96.2,98.18 2 0
github.com/fastertools/ftl-cli/go/ftl/cmd/init.go:26.34,39.55 2 1
github.com/fastertools/ftl-cli/go/ftl/cmd/init.go:39.55,40.21 1 0
github.com/fastertools/ftl-cli/go/ftl/cmd/init.go:40.21,42.5 1 0
github.com/fastertools/ftl-cli/go/ftl/cmd/init.go:43.4,43.24 1 0
github.com/fastertools/ftl-cli/go/ftl/cmd/init.go:47.2,53.12 6 1
github.com/fastertools/ftl-cli/go/ftl/cmd/init.go:56.39,58.21 1 1
github.com/fastertools/ftl-cli/go/ftl/cmd/init.go:58.21,59.25 1 1
github.com/fastertools/ftl-cli/go/ftl/cmd/init.go:59.25,61.4 1 1
github.com/fastertools/ftl-cli/go/ftl/cmd/init.go:62.3,62.45 1 0
github.com/fastertools/ftl-cli/go/ftl/cmd/init.go:62.45,64.4 1 0
github.com/fastertools/ftl-cli/go/ftl/cmd/init.go:68.2,68.46 1 1
github.com/fastertools/ftl-cli/go/ftl/cmd/init.go:68.46,69.47 1 0
github.com/fastertools/ftl-cli/go/ftl/cmd/init.go:69.47,71.4 1 0
github.com/fastertools/ftl-cli/go/ftl/cmd/init.go:75.2,76.17 2 1
github.com/fastertools/ftl-cli/go/ftl/cmd/init.go:76.17,77.48 1 1
github.com/fastertools/ftl-cli/go/ftl/cmd/init.go:77.48,79.4 1 1
github.com/fastertools/ftl-cli/go/ftl/cmd/init.go:82.2,82.54 1 1
github.com/fastertools/ftl-cli/go/ftl/cmd/init.go:82.54,84.3 1 0
github.com/fastertools/ftl-cli/go/ftl/cmd/init.go:86.2,89.21 2 1
github.com/fastertools/ftl-cli/go/ftl/cmd/init.go:90.14,91.60 1 1
github.com/fastertools/ftl-cli/go/ftl/cmd/init.go:91.60,93.4 1 0
github.com/fastertools/ftl-cli/go/ftl/cmd/init.go:94.3,94.30 1 1
github.com/fastertools/ftl-cli/go/ftl/cmd/init.go:95.12,96.58 1 1
github.com/fastertools/ftl-cli/go/ftl/cmd/init.go:96.58,98.4 1 0
github.com/fastertools/ftl-cli/go/ftl/cmd/init.go:99.3,99.29 1 1
github.com/fastertools/ftl-cli/go/ftl/cmd/init.go:100.13,101.59 1 1
github.com/fastertools/ftl-cli/go/ftl/cmd/init.go:101.59,103.4 1 0
github.com/fastertools/ftl-cli/go/ftl/cmd/init.go:104.3,104.29 1 1
github.com/fastertools/ftl-cli/go/ftl/cmd/init.go:105.14,106.60 1 1
github.com/fastertools/ftl-cli/go/ftl/cmd/init.go:106.60,108.4 1 0
github.com/fastertools/ftl-cli/go/ftl/cmd/init.go:109.3,109.30 1 1
github.com/fastertools/ftl-cli/go/ftl/cmd/init.go:110.10,111.59 1 1
github.com/fastertools/ftl-cli/go/ftl/cmd/init.go:115.2,115.52 1 1
github.com/fastertools/ftl-cli/go/ftl/cmd/init.go:115.52,117.3 1 0
github.com/fastertools/ftl-cli/go/ftl/cmd/init.go:118.2,124.21 5 1
github.com/fastertools/ftl-cli/go/ftl/cmd/init.go:125.12,128.30 3 1
github.com/fastertools/ftl-cli/go/ftl/cmd/init.go:129.13,132.30 3 1
github.com/fastertools/ftl-cli/go/ftl/cmd/init.go:133.10,137.29 3 1
github.com/fastertools/ftl-cli/go/ftl/cmd/init.go:140.2,140.12 1 1
github.com/fastertools/ftl-cli/go/ftl/cmd/init.go:143.45,149.2 2 0
github.com/fastertools/ftl-cli/go/ftl/cmd/init.go:151.47,164.55 3 0
github.com/fastertools/ftl-cli/go/ftl/cmd/init.go:164.55,166.3 1 0
github.com/fastertools/ftl-cli/go/ftl/cmd/init.go:169.2,169.16 1 0
github.com/fastertools/ftl-cli/go/ftl/cmd/init.go:170.54,171.23 1 0
github.com/fastertools/ftl-cli/go/ftl/cmd/init.go:172.48,173.21 1 0
github.com/fastertools/ftl-cli/go/ftl/cmd/init.go:174.51,175.22 1 0
github.com/fastertools/ftl-cli/go/ftl/cmd/init.go:176.35,177.23 1 0
github.com/fastertools/ftl-cli/go/ftl/cmd/init.go:180.2,180.12 1 0
github.com/fastertools/ftl-cli/go/ftl/cmd/init.go:183.60,185.23 2 1
github.com/fastertools/ftl-cli/go/ftl/cmd/init.go:185.23,187.3 1 1
github.com/fastertools/ftl-cli/go/ftl/cmd/init.go:189.2,199.16 4 1
github.com/fastertools/ftl-cli/go/ftl/cmd/init.go:199.16,201.3 1 0
github.com/fastertools/ftl-cli/go/ftl/cmd/init.go:202.2,202.45 1 1
github.com/fastertools/ftl-cli/go/ftl/cmd/init.go:207.40,223.2 3 1
github.com/fastertools/ftl-cli/go/ftl/cmd/init.go:226.58,228.23 2 1
github.com/fastertools/ftl-cli/go/ftl/cmd/init.go:228.23,230.3 1 1
github.com/fastertools/ftl-cli/go/ftl/cmd/init.go:233.2,274.70 3 1
github.com/fastertools/ftl-cli/go/ftl/cmd/init.go:274.70,276.3 1 0
github.com/fastertools/ftl-cli/go/ftl/cmd/init.go:279.2,290.53 3 1
github.com/fastertools/ftl-cli/go/ftl/cmd/init.go:294.59,296.23 2 1
github.com/fastertools/ftl-cli/go/ftl/cmd/init.go:296.23,298.3 1 1
github.com/fastertools/ftl-cli/go/ftl/cmd/init.go:301.2,338.53 3 1
github.com/fastertools/ftl-cli/go/ftl/cmd/init.go:342.60,344.23 2 1
github.com/fastertools/ftl-cli/go/ftl/cmd/init.go:344.23,346.3 1 1
github.com/fastertools/ftl-cli/go/ftl/cmd/init.go:349.2,365.54 3 1
github.com/fastertools/ftl-cli/go/ftl/cmd/registry.go:11.38,26.2 3 1
github.com/fastertools/ftl-cli/go/ftl/cmd/registry.go:28.42,33.55 1 1
github.com/fastertools/ftl-cli/go/ftl/cmd/registry.go:33.55,40.64 4 0
github.com/fastertools/ftl-cli/go/ftl/cmd/registry.go:40.64,42.5 1 0
github.com/fastertools/ftl-cli/go/ftl/cmd/registry.go:44.4,45.14 2 0
github.com/fastertools/ftl-cli/go/ftl/cmd/registry.go:50.42,59.55 1 1
github.com/fastertools/ftl-cli/go/ftl/cmd/registry.go:59.55,66.64 4 0
github.com/fastertools/ftl-cli/go/ftl/cmd/registry.go:66.64,68.5 1 0
github.com/fastertools/ftl-cli/go/ftl/cmd/registry.go:70.4,71.14 2 0
github.com/fastertools/ftl-cli/go/ftl/cmd/registry.go:76.42,86.55 2 1
github.com/fastertools/ftl-cli/go/ftl/cmd/registry.go:86.55,87.22 1 0
github.com/fastertools/ftl-cli/go/ftl/cmd/registry.go:87.22,89.5 1 0
github.com/fastertools/ftl-cli/go/ftl/cmd/registry.go:91.4,95.74 3 0
github.com/fastertools/ftl-cli/go/ftl/cmd/registry.go:95.74,97.5 1 0
github.com/fastertools/ftl-cli/go/ftl/cmd/registry.go:99.4,99.14 1 0
github.com/fastertools/ftl-cli/go/ftl/cmd/registry.go:103.2,105.12 2 1
github.com/fastertools/ftl-cli/go/ftl/cmd/root.go:37.60,38.14 1 0
github.com/fastertools/ftl-cli/go/ftl/cmd/root.go:38.14,40.4 1 0
github.com/fastertools/ftl-cli/go/ftl/cmd/root.go:46.22,48.2 1 1
github.com/fastertools/ftl-cli/go/ftl/cmd/root.go:51.33,56.2 4 1
github.com/fastertools/ftl-cli/go/ftl/cmd/root.go:58.13,82.2 7 1
github.com/fastertools/ftl-cli/go/ftl/cmd/root.go:85.19,86.19 1 1
github.com/fastertools/ftl-cli/go/ftl/cmd/root.go:86.19,88.3 1 0
github.com/fastertools/ftl-cli/go/ftl/cmd/root.go:88.8,92.3 3 1
github.com/fastertools/ftl-cli/go/ftl/cmd/root.go:94.2,98.45 3 1
github.com/fastertools/ftl-cli/go/ftl/cmd/root.go:98.45,99.14 1 1
github.com/fastertools/ftl-cli/go/ftl/cmd/root.go:99.14,101.4 1 0
github.com/fastertools/ftl-cli/go/ftl/cmd/root.go:108.50,110.2 1 1
github.com/fastertools/ftl-cli/go/ftl/cmd/root.go:113.48,115.2 1 1
github.com/fastertools/ftl-cli/go/ftl/cmd/root.go:118.47,120.2 1 1
github.com/fastertools/ftl-cli/go/ftl/cmd/root.go:123.47,125.2 1 1
github.com/fastertools/ftl-cli/go/ftl/cmd/root.go:128.48,131.2 2 0
github.com/fastertools/ftl-cli/go/ftl/cmd/root.go:134.53,136.2 1 1
github.com/fastertools/ftl-cli/go/ftl/cmd/root.go:139.23,141.2 1 1
github.com/fastertools/ftl-cli/go/ftl/cmd/synth.go:16.35,39.55 2 1
github.com/fastertools/ftl-cli/go/ftl/cmd/synth.go:39.55,44.40 3 0
github.com/fastertools/ftl-cli/go/ftl/cmd/synth.go:44.40,47.19 2 0
github.com/fastertools/ftl-cli/go/ftl/cmd/synth.go:47.19,49.6 1 0
github.com/fastertools/ftl-cli/go/ftl/cmd/synth.go:50.10,53.19 2 0
github.com/fastertools/ftl-cli/go/ftl/cmd/synth.go:53.19,55.6 1 0
github.com/fastertools/ftl-cli/go/ftl/cmd/synth.go:59.4,60.18 2 0
github.com/fastertools/ftl-cli/go/ftl/cmd/synth.go:60.18,62.5 1 0
github.com/fastertools/ftl-cli/go/ftl/cmd/synth.go:65.4,65.24 1 0
github.com/fastertools/ftl-cli/go/ftl/cmd/synth.go:65.24,67.19 2 0
github.com/fastertools/ftl-cli/go/ftl/cmd/synth.go:67.19,69.6 1 0
github.com/fastertools/ftl-cli/go/ftl/cmd/synth.go:70.5,70.45 1 0
github.com/fastertools/ftl-cli/go/ftl/cmd/synth.go:71.10,73.5 1 0
github.com/fastertools/ftl-cli/go/ftl/cmd/synth.go:75.4,75.14 1 0
github.com/fastertools/ftl-cli/go/ftl/cmd/synth.go:79.2,81.12 2 1
github.com/fastertools/ftl-cli/go/ftl/cmd/synth.go:85.71,89.37 3 1
github.com/fastertools/ftl-cli/go/ftl/cmd/synth.go:89.37,92.14 3 0
github.com/fastertools/ftl-cli/go/ftl/cmd/synth.go:93.14,94.17 1 0
github.com/fastertools/ftl-cli/go/ftl/cmd/synth.go:95.24,96.19 1 0
github.com/fastertools/ftl-cli/go/ftl/cmd/synth.go:97.16,98.19 1 0
github.com/fastertools/ftl-cli/go/ftl/cmd/synth.go:99.15,100.18 1 0
github.com/fastertools/ftl-cli/go/ftl/cmd/synth.go:101.11,102.32 1 0
github.com/fastertools/ftl-cli/go/ftl/cmd/synth.go:104.8,106.3 1 1
github.com/fastertools/ftl-cli/go/ftl/cmd/synth.go:108.2,108.16 1 1
github.com/fastertools/ftl-cli/go/ftl/cmd/synth.go:109.12,110.36 1 0
github.com/fastertools/ftl-cli/go/ftl/cmd/synth.go:111.14,112.35 1 1
github.com/fastertools/ftl-cli/go/ftl/cmd/synth.go:113.14,114.35 1 1
github.com/fastertools/ftl-cli/go/ftl/cmd/synth.go:115.13,116.34 1 0
github.com/fastertools/ftl-cli/go/ftl/cmd/synth.go:117.10,118.57 1 0
github.com/fastertools/ftl-cli/go/ftl/cmd/synth.go:123.40,125.37 2 1
github.com/fastertools/ftl-cli/go/ftl/cmd/synth.go:125.37,127.3 1 1
github.com/fastertools/ftl-cli/go/ftl/cmd/synth.go:128.2,128.44 1 1
github.com/fastertools/ftl-cli/go/ftl/cmd/synth.go:128.44,130.3 1 1
github.com/fastertools/ftl-cli/go/ftl/cmd/synth.go:132.2,132.15 1 1
github.com/fastertools/ftl-cli/go/ftl/cmd/synth.go:136.55,140.2 2 1
github.com/fastertools/ftl-cli/go/ftl/cmd/synth.go:143.55,147.2 2 1
github.com/fastertools/ftl-cli/go/ftl/cmd/synth.go:150.56,153.16 2 0
github.com/fastertools/ftl-cli/go/ftl/cmd/synth.go:153.16,155.3 1 0
github.com/fastertools/ftl-cli/go/ftl/cmd/synth.go:158.2,158.44 1 0
github.com/fastertools/ftl-cli/go/ftl/cmd/synth.go:158.44,160.3 1 0
github.com/fastertools/ftl-cli/go/ftl/cmd/synth.go:163.2,171.16 4 0
github.com/fastertools/ftl-cli/go/ftl/cmd/synth.go:171.16,173.47 1 0
github.com/fastertools/ftl-cli/go/ftl/cmd/synth.go:173.47,175.4 1 0
github.com/fastertools/ftl-cli/go/ftl/cmd/synth.go:176.3,176.58 1 0
github.com/fastertools/ftl-cli/go/ftl/cmd/synth.go:180.2,183.58 2 0
github.com/fastertools/ftl-cli/go/ftl/cmd/synth.go:183.58,185.3 1 0
github.com/fastertools/ftl-cli/go/ftl/cmd/synth.go:187.2,187.22 1 0
github.com/fastertools/ftl-cli/go/ftl/cmd/synth.go:191.54,195.2 2 1
github.com/fastertools/ftl-cli/go/ftl/cmd/test.go:13.34,30.55 3 1
github.com/fastertools/ftl-cli/go/ftl/cmd/test.go:30.55,32.21 2 0
github.com/fastertools/ftl-cli/go/ftl/cmd/test.go:32.21,34.5 1 0
github.com/fastertools/ftl-cli/go/ftl/cmd/test.go:37.4,39.15 2 0
github.com/fastertools/ftl-cli/go/ftl/cmd/test.go:39.15,41.5 1 0
github.com/fastertools/ftl-cli/go/ftl/cmd/test.go:43.4,43.16 1 0
github.com/fastertools/ftl-cli/go/ftl/cmd/test.go:43.16,45.5 1 0
github.com/fastertools/ftl-cli/go/ftl/cmd/test.go:47.4,50.47 2 0
github.com/fastertools/ftl-cli/go/ftl/cmd/test.go:50.47,52.5 1 0
github.com/fastertools/ftl-cli/go/ftl/cmd/test.go:54.4,62.24 6 0
github.com/fastertools/ftl-cli/go/ftl/cmd/test.go:66.2,69.12 3 1
github.com/fastertools/ftl-cli/go/ftl/cmd/test_helpers.go:27.66,30.23 2 0
github.com/fastertools/ftl-cli/go/ftl/cmd/test_helpers.go:30.23,32.26 2 0
github.com/fastertools/ftl-cli/go/ftl/cmd/test_helpers.go:32.26,34.4 1 0
github.com/fastertools/ftl-cli/go/ftl/cmd/test_helpers.go:38.2,47.22 6 0
github.com/fastertools/ftl-cli/go/ftl/cmd/test_helpers.go:47.22,49.3 1 0
github.com/fastertools/ftl-cli/go/ftl/cmd/test_helpers.go:49.8,51.3 1 0
github.com/fastertools/ftl-cli/go/ftl/cmd/test_helpers.go:54.2,55.45 2 0
github.com/fastertools/ftl-cli/go/ftl/cmd/test_helpers.go:55.45,57.3 1 0
github.com/fastertools/ftl-cli/go/ftl/cmd/test_helpers.go:60.2,60.26 1 0
github.com/fastertools/ftl-cli/go/ftl/cmd/test_helpers.go:60.26,62.3 1 0
github.com/fastertools/ftl-cli/go/ftl/cmd/test_helpers.go:66.52,87.2 14 1
github.com/fastertools/ftl-cli/go/ftl/cmd/test_helpers.go:90.118,91.78 1 0
github.com/fastertools/ftl-cli/go/ftl/cmd/test_helpers.go:91.78,92.27 1 0
github.com/fastertools/ftl-cli/go/ftl/cmd/test_helpers.go:93.16,94.26 1 0
github.com/fastertools/ftl-cli/go/ftl/cmd/test_helpers.go:95.14,96.24 1 0
github.com/fastertools/ftl-cli/go/ftl/cmd/test_helpers.go:97.13,98.23 1 0
github.com/fastertools/ftl-cli/go/ftl/cmd/test_helpers.go:100.3,100.13 1 0
github.com/fastertools/ftl-cli/go/ftl/cmd/test_helpers.go:105.133,106.88 1 0
github.com/fastertools/ftl-cli/go/ftl/cmd/test_helpers.go:106.88,110.3 1 0
github.com/fastertools/ftl-cli/go/ftl/cmd/test_helpers.go:114.60,117.16 2 0
github.com/fastertools/ftl-cli/go/ftl/cmd/test_helpers.go:118.14,125.26 3 0
github.com/fastertools/ftl-cli/go/ftl/cmd/test_helpers.go:127.14,137.26 3 0
github.com/fastertools/ftl-cli/go/ftl/cmd/test_helpers.go:139.13,148.26 3 0
github.com/fastertools/ftl-cli/go/ftl/cmd/test_helpers.go:150.12,173.26 6 0
github.com/fastertools/ftl-cli/go/ftl/cmd/test_helpers.go:177.2,183.15 4 0
github.com/fastertools/ftl-cli/go/ftl/cmd/test_helpers.go:187.68,192.18 4 0
github.com/fastertools/ftl-cli/go/ftl/cmd/test_helpers.go:193.14,199.26 6 0
github.com/fastertools/ftl-cli/go/ftl/cmd/test_helpers.go:201.20,207.26 6 0
github.com/fastertools/ftl-cli/go/ftl/cmd/test_helpers.go:209.16,215.26 6 0
github.com/fastertools/ftl-cli/go/ftl/cmd/test_helpers.go:217.12,221.26 4 0
github.com/fastertools/ftl-cli/go/ftl/cmd/test_helpers.go:225.2,231.25 3 0
github.com/fastertools/ftl-cli/go/ftl/cmd/test_helpers.go:248.67,249.26 1 0
github.com/fastertools/ftl-cli/go/ftl/cmd/test_helpers.go:249.26,251.3 1 0
github.com/fastertools/ftl-cli/go/ftl/cmd/test_helpers.go:254.2,262.19 5 0
github.com/fastertools/ftl-cli/go/ftl/cmd/test_helpers.go:262.19,264.3 1 0
github.com/fastertools/ftl-cli/go/ftl/cmd/test_helpers.go:267.2,267.31 1 0
github.com/fastertools/ftl-cli/go/ftl/cmd/test_helpers.go:267.31,269.3 1 0
github.com/fastertools/ftl-cli/go/ftl/cmd/test_helpers.go:272.2,272.41 1 0
github.com/fastertools/ftl-cli/go/ftl/cmd/test_helpers.go:272.41,274.3 1 0
github.com/fastertools/ftl-cli/go/ftl/cmd/test_helpers.go:276.2,276.23 1 0
github.com/fastertools/ftl-cli/go/ftl/cmd/test_helpers.go:280.95,290.31 8 0
github.com/fastertools/ftl-cli/go/ftl/cmd/test_helpers.go:290.31,292.3 1 0
github.com/fastertools/ftl-cli/go/ftl/cmd/test_helpers.go:296.94,305.2 7 0
github.com/fastertools/ftl-cli/go/ftl/cmd/test_helpers.go:315.75,316.49 1 0
github.com/fastertools/ftl-cli/go/ftl/cmd/test_helpers.go:316.49,318.3 1 0
github.com/fastertools/ftl-cli/go/ftl/cmd/test_helpers.go:320.2,320.26 1 0
github.com/fastertools/ftl-cli/go/ftl/cmd/test_helpers.go:320.26,322.3 1 0
github.com/fastertools/ftl-cli/go/ftl/cmd/test_helpers.go:324.2,324.36 1 0
github.com/fastertools/ftl-cli/go/ftl/cmd/up.go:14.32,24.55 5 1
github.com/fastertools/ftl-cli/go/ftl/cmd/up.go:24.55,33.49 5 0
github.com/fastertools/ftl-cli/go/ftl/cmd/up.go:33.49,35.5 1 0
github.com/fastertools/ftl-cli/go/ftl/cmd/up.go:38.4,38.63 1 0
github.com/fastertools/ftl-cli/go/ftl/cmd/up.go:38.63,43.19 3 0
github.com/fastertools/ftl-cli/go/ftl/cmd/up.go:43.19,45.6 1 0
github.com/fastertools/ftl-cli/go/ftl/cmd/up.go:48.5,48.77 1 0
github.com/fastertools/ftl-cli/go/ftl/cmd/up.go:48.77,50.6 1 0
github.com/fastertools/ftl-cli/go/ftl/cmd/up.go:52.5,52.57 1 0
github.com/fastertools/ftl-cli/go/ftl/cmd/up.go:53.10,53.48 1 0
github.com/fastertools/ftl-cli/go/ftl/cmd/up.go:53.48,55.5 1 0
github.com/fastertools/ftl-cli/go/ftl/cmd/up.go:55.10,55.33 1 0
github.com/fastertools/ftl-cli/go/ftl/cmd/up.go:55.33,57.59 1 0
github.com/fastertools/ftl-cli/go/ftl/cmd/up.go:57.59,59.6 1 0
github.com/fastertools/ftl-cli/go/ftl/cmd/up.go:60.5,60.63 1 0
github.com/fastertools/ftl-cli/go/ftl/cmd/up.go:64.4,64.13 1 0
github.com/fastertools/ftl-cli/go/ftl/cmd/up.go:64.13,66.43 2 0
github.com/fastertools/ftl-cli/go/ftl/cmd/up.go:66.43,68.6 1 0
github.com/fastertools/ftl-cli/go/ftl/cmd/up.go:69.5,69.53 1 0
github.com/fastertools/ftl-cli/go/ftl/cmd/up.go:72.4,75.13 2 0
github.com/fastertools/ftl-cli/go/ftl/cmd/up.go:75.13,77.43 2 0
github.com/fastertools/ftl-cli/go/ftl/cmd/up.go:77.43,79.6 1 0
github.com/fastertools/ftl-cli/go/ftl/cmd/up.go:80.10,82.40 1 0
github.com/fastertools/ftl-cli/go/ftl/cmd/up.go:82.40,84.6 1 0
github.com/fastertools/ftl-cli/go/ftl/cmd/up.go:87.4,87.14 1 0
github.com/fastertools/ftl-cli/go/ftl/cmd/up.go:91.2,96.12 5 1
