mode: set
github.com/fastertools/ftl-cli/go/ftl/main.go:16.13,21.38 2 0
github.com/fastertools/ftl-cli/go/ftl/main.go:21.38,23.3 1 0
github.com/fastertools/ftl-cli/go/ftl/cmd/auth.go:13.34,28.2 3 1
github.com/fastertools/ftl-cli/go/ftl/cmd/auth.go:30.39,39.55 4 1
github.com/fastertools/ftl-cli/go/ftl/cmd/auth.go:39.55,42.18 2 0
github.com/fastertools/ftl-cli/go/ftl/cmd/auth.go:42.18,44.5 1 0
github.com/fastertools/ftl-cli/go/ftl/cmd/auth.go:47.4,52.27 2 0
github.com/fastertools/ftl-cli/go/ftl/cmd/auth.go:52.27,54.5 1 0
github.com/fastertools/ftl-cli/go/ftl/cmd/auth.go:56.4,66.14 5 0
github.com/fastertools/ftl-cli/go/ftl/cmd/auth.go:66.14,67.76 1 0
github.com/fastertools/ftl-cli/go/ftl/cmd/auth.go:67.76,70.6 2 0
github.com/fastertools/ftl-cli/go/ftl/cmd/auth.go:74.4,75.18 2 0
github.com/fastertools/ftl-cli/go/ftl/cmd/auth.go:75.18,77.5 1 0
github.com/fastertools/ftl-cli/go/ftl/cmd/auth.go:80.4,87.18 7 0
github.com/fastertools/ftl-cli/go/ftl/cmd/auth.go:87.18,89.5 1 0
github.com/fastertools/ftl-cli/go/ftl/cmd/auth.go:92.4,93.18 2 0
github.com/fastertools/ftl-cli/go/ftl/cmd/auth.go:93.18,95.5 1 0
github.com/fastertools/ftl-cli/go/ftl/cmd/auth.go:98.4,101.30 3 0
github.com/fastertools/ftl-cli/go/ftl/cmd/auth.go:101.30,106.5 2 0
github.com/fastertools/ftl-cli/go/ftl/cmd/auth.go:108.4,108.14 1 0
github.com/fastertools/ftl-cli/go/ftl/cmd/auth.go:112.2,116.12 4 1
github.com/fastertools/ftl-cli/go/ftl/cmd/auth.go:119.40,124.55 1 1
github.com/fastertools/ftl-cli/go/ftl/cmd/auth.go:124.55,127.18 2 0
github.com/fastertools/ftl-cli/go/ftl/cmd/auth.go:127.18,129.5 1 0
github.com/fastertools/ftl-cli/go/ftl/cmd/auth.go:132.4,135.43 2 0
github.com/fastertools/ftl-cli/go/ftl/cmd/auth.go:135.43,137.39 1 0
github.com/fastertools/ftl-cli/go/ftl/cmd/auth.go:137.39,140.6 2 0
github.com/fastertools/ftl-cli/go/ftl/cmd/auth.go:141.5,141.48 1 0
github.com/fastertools/ftl-cli/go/ftl/cmd/auth.go:144.4,145.14 2 0
github.com/fastertools/ftl-cli/go/ftl/cmd/auth.go:150.40,157.55 2 1
github.com/fastertools/ftl-cli/go/ftl/cmd/auth.go:157.55,160.18 2 0
github.com/fastertools/ftl-cli/go/ftl/cmd/auth.go:160.18,162.5 1 0
github.com/fastertools/ftl-cli/go/ftl/cmd/auth.go:165.4,174.24 5 0
github.com/fastertools/ftl-cli/go/ftl/cmd/auth.go:174.24,179.5 4 0
github.com/fastertools/ftl-cli/go/ftl/cmd/auth.go:182.4,185.33 3 0
github.com/fastertools/ftl-cli/go/ftl/cmd/auth.go:185.33,192.31 3 0
github.com/fastertools/ftl-cli/go/ftl/cmd/auth.go:192.31,193.27 1 0
github.com/fastertools/ftl-cli/go/ftl/cmd/auth.go:193.27,195.35 2 0
github.com/fastertools/ftl-cli/go/ftl/cmd/auth.go:195.35,197.8 1 0
github.com/fastertools/ftl-cli/go/ftl/cmd/auth.go:198.12,205.7 4 0
github.com/fastertools/ftl-cli/go/ftl/cmd/auth.go:206.11,208.6 1 0
github.com/fastertools/ftl-cli/go/ftl/cmd/auth.go:211.5,211.33 1 0
github.com/fastertools/ftl-cli/go/ftl/cmd/auth.go:211.33,213.6 1 0
github.com/fastertools/ftl-cli/go/ftl/cmd/auth.go:216.5,216.18 1 0
github.com/fastertools/ftl-cli/go/ftl/cmd/auth.go:216.18,220.6 3 0
github.com/fastertools/ftl-cli/go/ftl/cmd/auth.go:223.4,223.14 1 0
github.com/fastertools/ftl-cli/go/ftl/cmd/auth.go:227.2,228.12 2 1
github.com/fastertools/ftl-cli/go/ftl/cmd/build.go:14.35,22.55 3 1
github.com/fastertools/ftl-cli/go/ftl/cmd/build.go:22.55,31.49 5 0
github.com/fastertools/ftl-cli/go/ftl/cmd/build.go:31.49,33.5 1 0
github.com/fastertools/ftl-cli/go/ftl/cmd/build.go:36.4,36.63 1 0
github.com/fastertools/ftl-cli/go/ftl/cmd/build.go:36.63,41.19 3 0
github.com/fastertools/ftl-cli/go/ftl/cmd/build.go:41.19,43.6 1 0
github.com/fastertools/ftl-cli/go/ftl/cmd/build.go:46.5,50.19 3 0
github.com/fastertools/ftl-cli/go/ftl/cmd/build.go:50.19,52.6 1 0
github.com/fastertools/ftl-cli/go/ftl/cmd/build.go:55.5,55.73 1 0
github.com/fastertools/ftl-cli/go/ftl/cmd/build.go:55.73,57.6 1 0
github.com/fastertools/ftl-cli/go/ftl/cmd/build.go:59.5,59.57 1 0
github.com/fastertools/ftl-cli/go/ftl/cmd/build.go:60.10,60.48 1 0
github.com/fastertools/ftl-cli/go/ftl/cmd/build.go:60.48,62.5 1 0
github.com/fastertools/ftl-cli/go/ftl/cmd/build.go:62.10,62.33 1 0
github.com/fastertools/ftl-cli/go/ftl/cmd/build.go:62.33,64.59 1 0
github.com/fastertools/ftl-cli/go/ftl/cmd/build.go:64.59,66.6 1 0
github.com/fastertools/ftl-cli/go/ftl/cmd/build.go:67.5,67.63 1 0
github.com/fastertools/ftl-cli/go/ftl/cmd/build.go:70.4,73.42 2 0
github.com/fastertools/ftl-cli/go/ftl/cmd/build.go:73.42,75.5 1 0
github.com/fastertools/ftl-cli/go/ftl/cmd/build.go:77.4,78.14 2 0
github.com/fastertools/ftl-cli/go/ftl/cmd/build.go:82.2,85.12 3 1
github.com/fastertools/ftl-cli/go/ftl/cmd/component.go:15.39,30.2 3 1
github.com/fastertools/ftl-cli/go/ftl/cmd/component.go:32.42,64.55 2 1
github.com/fastertools/ftl-cli/go/ftl/cmd/component.go:64.55,67.4 2 0
github.com/fastertools/ftl-cli/go/ftl/cmd/component.go:70.2,76.12 6 1
github.com/fastertools/ftl-cli/go/ftl/cmd/component.go:79.87,89.52 6 1
github.com/fastertools/ftl-cli/go/ftl/cmd/component.go:89.52,91.3 1 1
github.com/fastertools/ftl-cli/go/ftl/cmd/component.go:94.2,95.16 2 1
github.com/fastertools/ftl-cli/go/ftl/cmd/component.go:95.16,96.25 1 1
github.com/fastertools/ftl-cli/go/ftl/cmd/component.go:96.25,98.4 1 1
github.com/fastertools/ftl-cli/go/ftl/cmd/component.go:99.3,99.13 1 0
github.com/fastertools/ftl-cli/go/ftl/cmd/component.go:103.2,103.38 1 1
github.com/fastertools/ftl-cli/go/ftl/cmd/component.go:103.38,104.22 1 1
github.com/fastertools/ftl-cli/go/ftl/cmd/component.go:104.22,106.4 1 1
github.com/fastertools/ftl-cli/go/ftl/cmd/component.go:110.2,113.20 2 1
github.com/fastertools/ftl-cli/go/ftl/cmd/component.go:114.18,115.34 1 1
github.com/fastertools/ftl-cli/go/ftl/cmd/component.go:115.34,117.4 1 0
github.com/fastertools/ftl-cli/go/ftl/cmd/component.go:117.9,119.4 1 1
github.com/fastertools/ftl-cli/go/ftl/cmd/component.go:120.14,121.48 1 0
github.com/fastertools/ftl-cli/go/ftl/cmd/component.go:122.15,123.45 1 1
github.com/fastertools/ftl-cli/go/ftl/cmd/component.go:124.10,125.54 1 0
github.com/fastertools/ftl-cli/go/ftl/cmd/component.go:129.2,136.17 2 1
github.com/fastertools/ftl-cli/go/ftl/cmd/component.go:136.17,145.3 3 1
github.com/fastertools/ftl-cli/go/ftl/cmd/component.go:148.2,148.27 1 1
github.com/fastertools/ftl-cli/go/ftl/cmd/component.go:148.27,151.3 2 0
github.com/fastertools/ftl-cli/go/ftl/cmd/component.go:154.2,154.20 1 1
github.com/fastertools/ftl-cli/go/ftl/cmd/component.go:155.15,157.42 1 1
github.com/fastertools/ftl-cli/go/ftl/cmd/component.go:157.42,159.4 1 0
github.com/fastertools/ftl-cli/go/ftl/cmd/component.go:162.3,162.40 1 1
github.com/fastertools/ftl-cli/go/ftl/cmd/component.go:162.40,165.4 1 1
github.com/fastertools/ftl-cli/go/ftl/cmd/component.go:167.18,169.65 1 1
github.com/fastertools/ftl-cli/go/ftl/cmd/component.go:169.65,171.22 2 0
github.com/fastertools/ftl-cli/go/ftl/cmd/component.go:171.22,173.5 1 0
github.com/fastertools/ftl-cli/go/ftl/cmd/component.go:174.4,175.55 2 0
github.com/fastertools/ftl-cli/go/ftl/cmd/component.go:175.55,177.5 1 0
github.com/fastertools/ftl-cli/go/ftl/cmd/component.go:178.4,178.88 1 0
github.com/fastertools/ftl-cli/go/ftl/cmd/component.go:182.14,184.40 1 0
github.com/fastertools/ftl-cli/go/ftl/cmd/component.go:184.40,186.4 1 0
github.com/fastertools/ftl-cli/go/ftl/cmd/component.go:187.3,187.82 1 0
github.com/fastertools/ftl-cli/go/ftl/cmd/component.go:189.10,190.69 1 0
github.com/fastertools/ftl-cli/go/ftl/cmd/component.go:194.2,197.58 2 1
github.com/fastertools/ftl-cli/go/ftl/cmd/component.go:197.58,199.3 1 0
github.com/fastertools/ftl-cli/go/ftl/cmd/component.go:201.2,205.64 3 1
github.com/fastertools/ftl-cli/go/ftl/cmd/component.go:205.64,209.3 3 1
github.com/fastertools/ftl-cli/go/ftl/cmd/component.go:209.8,212.3 2 1
github.com/fastertools/ftl-cli/go/ftl/cmd/component.go:214.2,214.12 1 1
github.com/fastertools/ftl-cli/go/ftl/cmd/component.go:217.43,221.55 1 1
github.com/fastertools/ftl-cli/go/ftl/cmd/component.go:221.55,223.4 1 0
github.com/fastertools/ftl-cli/go/ftl/cmd/component.go:227.29,230.16 2 1
github.com/fastertools/ftl-cli/go/ftl/cmd/component.go:230.16,231.25 1 1
github.com/fastertools/ftl-cli/go/ftl/cmd/component.go:231.25,233.4 1 1
github.com/fastertools/ftl-cli/go/ftl/cmd/component.go:234.3,234.13 1 0
github.com/fastertools/ftl-cli/go/ftl/cmd/component.go:237.2,237.30 1 1
github.com/fastertools/ftl-cli/go/ftl/cmd/component.go:237.30,241.3 3 1
github.com/fastertools/ftl-cli/go/ftl/cmd/component.go:244.2,246.38 2 1
github.com/fastertools/ftl-cli/go/ftl/cmd/component.go:246.38,249.29 3 1
github.com/fastertools/ftl-cli/go/ftl/cmd/component.go:249.29,251.4 1 1
github.com/fastertools/ftl-cli/go/ftl/cmd/component.go:254.3,254.40 1 1
github.com/fastertools/ftl-cli/go/ftl/cmd/component.go:254.40,255.36 1 1
github.com/fastertools/ftl-cli/go/ftl/cmd/component.go:255.36,256.70 1 1
github.com/fastertools/ftl-cli/go/ftl/cmd/component.go:256.70,258.6 1 1
github.com/fastertools/ftl-cli/go/ftl/cmd/component.go:262.3,262.41 1 1
github.com/fastertools/ftl-cli/go/ftl/cmd/component.go:262.41,264.4 1 0
github.com/fastertools/ftl-cli/go/ftl/cmd/component.go:265.3,265.16 1 1
github.com/fastertools/ftl-cli/go/ftl/cmd/component.go:268.2,268.12 1 1
github.com/fastertools/ftl-cli/go/ftl/cmd/component.go:271.45,276.55 1 1
github.com/fastertools/ftl-cli/go/ftl/cmd/component.go:276.55,279.4 2 0
github.com/fastertools/ftl-cli/go/ftl/cmd/component.go:283.41,290.16 4 1
github.com/fastertools/ftl-cli/go/ftl/cmd/component.go:290.16,291.25 1 1
github.com/fastertools/ftl-cli/go/ftl/cmd/component.go:291.25,293.4 1 1
github.com/fastertools/ftl-cli/go/ftl/cmd/component.go:294.3,294.13 1 0
github.com/fastertools/ftl-cli/go/ftl/cmd/component.go:298.2,300.38 3 1
github.com/fastertools/ftl-cli/go/ftl/cmd/component.go:300.38,301.22 1 1
github.com/fastertools/ftl-cli/go/ftl/cmd/component.go:301.22,303.4 1 1
github.com/fastertools/ftl-cli/go/ftl/cmd/component.go:303.9,305.4 1 1
github.com/fastertools/ftl-cli/go/ftl/cmd/component.go:308.2,308.12 1 1
github.com/fastertools/ftl-cli/go/ftl/cmd/component.go:308.12,310.3 1 1
github.com/fastertools/ftl-cli/go/ftl/cmd/component.go:312.2,316.39 3 1
github.com/fastertools/ftl-cli/go/ftl/cmd/component.go:316.39,317.32 1 1
github.com/fastertools/ftl-cli/go/ftl/cmd/component.go:317.32,319.4 1 1
github.com/fastertools/ftl-cli/go/ftl/cmd/component.go:321.2,324.58 2 1
github.com/fastertools/ftl-cli/go/ftl/cmd/component.go:324.58,326.3 1 0
github.com/fastertools/ftl-cli/go/ftl/cmd/component.go:328.2,329.12 2 1
github.com/fastertools/ftl-cli/go/ftl/cmd/component.go:334.47,335.16 1 1
github.com/fastertools/ftl-cli/go/ftl/cmd/component.go:335.16,337.3 1 1
github.com/fastertools/ftl-cli/go/ftl/cmd/component.go:340.2,340.25 1 1
github.com/fastertools/ftl-cli/go/ftl/cmd/component.go:340.25,341.82 1 1
github.com/fastertools/ftl-cli/go/ftl/cmd/component.go:341.82,343.4 1 1
github.com/fastertools/ftl-cli/go/ftl/cmd/component.go:347.2,349.64 1 1
github.com/fastertools/ftl-cli/go/ftl/cmd/component.go:349.64,351.3 1 1
github.com/fastertools/ftl-cli/go/ftl/cmd/component.go:353.2,353.12 1 1
github.com/fastertools/ftl-cli/go/ftl/cmd/component.go:356.48,360.46 1 1
github.com/fastertools/ftl-cli/go/ftl/cmd/component.go:360.46,362.3 1 1
github.com/fastertools/ftl-cli/go/ftl/cmd/component.go:365.2,365.83 1 1
github.com/fastertools/ftl-cli/go/ftl/cmd/component.go:365.83,367.3 1 0
github.com/fastertools/ftl-cli/go/ftl/cmd/component.go:370.2,370.68 1 1
github.com/fastertools/ftl-cli/go/ftl/cmd/component.go:370.68,373.73 1 0
github.com/fastertools/ftl-cli/go/ftl/cmd/component.go:373.73,375.4 1 0
github.com/fastertools/ftl-cli/go/ftl/cmd/component.go:379.2,381.47 1 1
github.com/fastertools/ftl-cli/go/ftl/cmd/component.go:381.47,383.3 1 1
github.com/fastertools/ftl-cli/go/ftl/cmd/component.go:386.2,386.16 1 1
github.com/fastertools/ftl-cli/go/ftl/cmd/component.go:389.61,391.16 2 1
github.com/fastertools/ftl-cli/go/ftl/cmd/component.go:391.16,393.3 1 1
github.com/fastertools/ftl-cli/go/ftl/cmd/component.go:395.2,396.51 2 1
github.com/fastertools/ftl-cli/go/ftl/cmd/component.go:396.51,398.3 1 0
github.com/fastertools/ftl-cli/go/ftl/cmd/component.go:400.2,400.18 1 1
github.com/fastertools/ftl-cli/go/ftl/cmd/component.go:403.63,405.16 2 1
github.com/fastertools/ftl-cli/go/ftl/cmd/component.go:405.16,407.3 1 0
github.com/fastertools/ftl-cli/go/ftl/cmd/component.go:409.2,409.39 1 1
github.com/fastertools/ftl-cli/go/ftl/cmd/deploy.go:14.36,36.55 2 1
github.com/fastertools/ftl-cli/go/ftl/cmd/deploy.go:36.55,39.4 2 0
github.com/fastertools/ftl-cli/go/ftl/cmd/deploy.go:42.2,46.12 4 1
github.com/fastertools/ftl-cli/go/ftl/cmd/deploy.go:49.88,58.2 2 0
github.com/fastertools/ftl-cli/go/ftl/cmd/deploy.go:61.63,63.16 2 0
github.com/fastertools/ftl-cli/go/ftl/cmd/deploy.go:63.16,64.25 1 0
github.com/fastertools/ftl-cli/go/ftl/cmd/deploy.go:64.25,66.4 1 0
github.com/fastertools/ftl-cli/go/ftl/cmd/deploy.go:67.3,67.18 1 0
github.com/fastertools/ftl-cli/go/ftl/cmd/deploy.go:70.2,71.51 2 0
github.com/fastertools/ftl-cli/go/ftl/cmd/deploy.go:71.51,73.3 1 0
github.com/fastertools/ftl-cli/go/ftl/cmd/deploy.go:76.2,78.18 2 0
github.com/fastertools/ftl-cli/go/ftl/cmd/deploy_full.go:47.40,80.52 2 0
github.com/fastertools/ftl-cli/go/ftl/cmd/deploy_full.go:80.52,83.4 2 0
github.com/fastertools/ftl-cli/go/ftl/cmd/deploy_full.go:87.2,98.12 11 0
github.com/fastertools/ftl-cli/go/ftl/cmd/deploy_full.go:101.65,109.17 5 0
github.com/fastertools/ftl-cli/go/ftl/cmd/deploy_full.go:109.17,111.3 1 0
github.com/fastertools/ftl-cli/go/ftl/cmd/deploy_full.go:111.8,113.3 1 0
github.com/fastertools/ftl-cli/go/ftl/cmd/deploy_full.go:114.2,118.47 3 0
github.com/fastertools/ftl-cli/go/ftl/cmd/deploy_full.go:118.47,120.3 1 0
github.com/fastertools/ftl-cli/go/ftl/cmd/deploy_full.go:121.2,126.16 4 0
github.com/fastertools/ftl-cli/go/ftl/cmd/deploy_full.go:126.16,128.3 1 0
github.com/fastertools/ftl-cli/go/ftl/cmd/deploy_full.go:130.2,130.45 1 0
github.com/fastertools/ftl-cli/go/ftl/cmd/deploy_full.go:130.45,132.3 1 0
github.com/fastertools/ftl-cli/go/ftl/cmd/deploy_full.go:134.2,142.16 6 0
github.com/fastertools/ftl-cli/go/ftl/cmd/deploy_full.go:142.16,144.3 1 0
github.com/fastertools/ftl-cli/go/ftl/cmd/deploy_full.go:146.2,147.16 2 0
github.com/fastertools/ftl-cli/go/ftl/cmd/deploy_full.go:147.16,149.3 1 0
github.com/fastertools/ftl-cli/go/ftl/cmd/deploy_full.go:152.2,153.16 2 0
github.com/fastertools/ftl-cli/go/ftl/cmd/deploy_full.go:153.16,155.3 1 0
github.com/fastertools/ftl-cli/go/ftl/cmd/deploy_full.go:156.2,159.71 3 0
github.com/fastertools/ftl-cli/go/ftl/cmd/deploy_full.go:159.71,161.3 1 0
github.com/fastertools/ftl-cli/go/ftl/cmd/deploy_full.go:162.2,165.19 2 0
github.com/fastertools/ftl-cli/go/ftl/cmd/deploy_full.go:165.19,170.40 5 0
github.com/fastertools/ftl-cli/go/ftl/cmd/deploy_full.go:170.40,172.4 1 0
github.com/fastertools/ftl-cli/go/ftl/cmd/deploy_full.go:173.3,173.51 1 0
github.com/fastertools/ftl-cli/go/ftl/cmd/deploy_full.go:177.2,179.16 3 0
github.com/fastertools/ftl-cli/go/ftl/cmd/deploy_full.go:179.16,181.3 1 0
github.com/fastertools/ftl-cli/go/ftl/cmd/deploy_full.go:182.2,182.40 1 0
github.com/fastertools/ftl-cli/go/ftl/cmd/deploy_full.go:182.40,184.3 1 0
github.com/fastertools/ftl-cli/go/ftl/cmd/deploy_full.go:185.2,187.17 2 0
github.com/fastertools/ftl-cli/go/ftl/cmd/deploy_full.go:187.17,194.3 6 0
github.com/fastertools/ftl-cli/go/ftl/cmd/deploy_full.go:197.2,209.36 6 0
github.com/fastertools/ftl-cli/go/ftl/cmd/deploy_full.go:209.36,211.3 1 0
github.com/fastertools/ftl-cli/go/ftl/cmd/deploy_full.go:211.8,211.44 1 0
github.com/fastertools/ftl-cli/go/ftl/cmd/deploy_full.go:211.44,213.27 2 0
github.com/fastertools/ftl-cli/go/ftl/cmd/deploy_full.go:213.27,215.4 1 0
github.com/fastertools/ftl-cli/go/ftl/cmd/deploy_full.go:219.2,219.35 1 0
github.com/fastertools/ftl-cli/go/ftl/cmd/deploy_full.go:219.35,221.22 2 0
github.com/fastertools/ftl-cli/go/ftl/cmd/deploy_full.go:221.22,223.4 1 0
github.com/fastertools/ftl-cli/go/ftl/cmd/deploy_full.go:226.2,229.40 3 0
github.com/fastertools/ftl-cli/go/ftl/cmd/deploy_full.go:229.40,231.3 1 0
github.com/fastertools/ftl-cli/go/ftl/cmd/deploy_full.go:234.2,237.36 2 0
github.com/fastertools/ftl-cli/go/ftl/cmd/deploy_full.go:237.36,239.3 1 0
github.com/fastertools/ftl-cli/go/ftl/cmd/deploy_full.go:239.8,241.27 2 0
github.com/fastertools/ftl-cli/go/ftl/cmd/deploy_full.go:241.27,243.4 1 0
github.com/fastertools/ftl-cli/go/ftl/cmd/deploy_full.go:246.2,246.12 1 0
github.com/fastertools/ftl-cli/go/ftl/cmd/deploy_full.go:250.68,253.38 2 0
github.com/fastertools/ftl-cli/go/ftl/cmd/deploy_full.go:253.38,255.41 1 0
github.com/fastertools/ftl-cli/go/ftl/cmd/deploy_full.go:255.41,256.12 1 0
github.com/fastertools/ftl-cli/go/ftl/cmd/deploy_full.go:259.3,268.40 2 0
github.com/fastertools/ftl-cli/go/ftl/cmd/deploy_full.go:271.2,271.19 1 0
github.com/fastertools/ftl-cli/go/ftl/cmd/init.go:25.34,39.55 2 1
github.com/fastertools/ftl-cli/go/ftl/cmd/init.go:39.55,40.21 1 0
github.com/fastertools/ftl-cli/go/ftl/cmd/init.go:40.21,42.5 1 0
github.com/fastertools/ftl-cli/go/ftl/cmd/init.go:43.4,43.24 1 0
github.com/fastertools/ftl-cli/go/ftl/cmd/init.go:47.2,52.12 5 1
github.com/fastertools/ftl-cli/go/ftl/cmd/init.go:55.39,57.21 1 1
github.com/fastertools/ftl-cli/go/ftl/cmd/init.go:57.21,58.25 1 1
github.com/fastertools/ftl-cli/go/ftl/cmd/init.go:58.25,60.4 1 1
github.com/fastertools/ftl-cli/go/ftl/cmd/init.go:61.3,61.45 1 0
github.com/fastertools/ftl-cli/go/ftl/cmd/init.go:61.45,63.4 1 0
github.com/fastertools/ftl-cli/go/ftl/cmd/init.go:67.2,68.17 2 1
github.com/fastertools/ftl-cli/go/ftl/cmd/init.go:68.17,69.48 1 1
github.com/fastertools/ftl-cli/go/ftl/cmd/init.go:69.48,71.4 1 1
github.com/fastertools/ftl-cli/go/ftl/cmd/init.go:74.2,74.54 1 1
github.com/fastertools/ftl-cli/go/ftl/cmd/init.go:74.54,76.3 1 0
github.com/fastertools/ftl-cli/go/ftl/cmd/init.go:78.2,81.58 2 1
github.com/fastertools/ftl-cli/go/ftl/cmd/init.go:81.58,83.3 1 0
github.com/fastertools/ftl-cli/go/ftl/cmd/init.go:84.2,87.52 2 1
github.com/fastertools/ftl-cli/go/ftl/cmd/init.go:87.52,89.3 1 0
github.com/fastertools/ftl-cli/go/ftl/cmd/init.go:90.2,105.12 8 1
github.com/fastertools/ftl-cli/go/ftl/cmd/init.go:108.45,114.2 2 0
github.com/fastertools/ftl-cli/go/ftl/cmd/init.go:116.59,118.23 2 1
github.com/fastertools/ftl-cli/go/ftl/cmd/init.go:118.23,120.3 1 1
github.com/fastertools/ftl-cli/go/ftl/cmd/init.go:122.2,132.16 4 1
github.com/fastertools/ftl-cli/go/ftl/cmd/init.go:132.16,134.3 1 0
github.com/fastertools/ftl-cli/go/ftl/cmd/init.go:135.2,135.45 1 1
github.com/fastertools/ftl-cli/go/ftl/cmd/init.go:140.40,156.2 3 1
github.com/fastertools/ftl-cli/go/ftl/cmd/registry.go:11.38,26.2 3 1
github.com/fastertools/ftl-cli/go/ftl/cmd/registry.go:28.42,33.55 1 1
github.com/fastertools/ftl-cli/go/ftl/cmd/registry.go:33.55,40.64 4 0
github.com/fastertools/ftl-cli/go/ftl/cmd/registry.go:40.64,42.5 1 0
github.com/fastertools/ftl-cli/go/ftl/cmd/registry.go:44.4,45.14 2 0
github.com/fastertools/ftl-cli/go/ftl/cmd/registry.go:50.42,55.55 1 1
github.com/fastertools/ftl-cli/go/ftl/cmd/registry.go:55.55,61.4 4 0
github.com/fastertools/ftl-cli/go/ftl/cmd/registry.go:65.42,69.55 1 1
github.com/fastertools/ftl-cli/go/ftl/cmd/registry.go:69.55,74.4 3 0
github.com/fastertools/ftl-cli/go/ftl/cmd/root.go:37.60,38.14 1 0
github.com/fastertools/ftl-cli/go/ftl/cmd/root.go:38.14,40.4 1 0
github.com/fastertools/ftl-cli/go/ftl/cmd/root.go:46.22,48.2 1 0
github.com/fastertools/ftl-cli/go/ftl/cmd/root.go:51.33,56.2 4 0
github.com/fastertools/ftl-cli/go/ftl/cmd/root.go:58.13,81.2 7 1
github.com/fastertools/ftl-cli/go/ftl/cmd/root.go:84.19,85.19 1 0
github.com/fastertools/ftl-cli/go/ftl/cmd/root.go:85.19,87.3 1 0
github.com/fastertools/ftl-cli/go/ftl/cmd/root.go:87.8,91.3 3 0
github.com/fastertools/ftl-cli/go/ftl/cmd/root.go:93.2,97.45 3 0
github.com/fastertools/ftl-cli/go/ftl/cmd/root.go:97.45,98.14 1 0
github.com/fastertools/ftl-cli/go/ftl/cmd/root.go:98.14,100.4 1 0
github.com/fastertools/ftl-cli/go/ftl/cmd/root.go:107.50,109.2 1 1
github.com/fastertools/ftl-cli/go/ftl/cmd/root.go:112.48,114.2 1 0
github.com/fastertools/ftl-cli/go/ftl/cmd/root.go:117.47,119.2 1 1
github.com/fastertools/ftl-cli/go/ftl/cmd/root.go:122.47,124.2 1 0
github.com/fastertools/ftl-cli/go/ftl/cmd/root.go:127.48,130.2 2 0
github.com/fastertools/ftl-cli/go/ftl/cmd/root.go:133.53,135.2 1 0
github.com/fastertools/ftl-cli/go/ftl/cmd/root.go:138.23,140.2 1 0
github.com/fastertools/ftl-cli/go/ftl/cmd/test.go:9.34,14.55 1 1
github.com/fastertools/ftl-cli/go/ftl/cmd/test.go:14.55,19.4 3 0
github.com/fastertools/ftl-cli/go/ftl/cmd/test.go:22.2,22.12 1 1
github.com/fastertools/ftl-cli/go/ftl/cmd/up.go:14.32,24.55 5 1
github.com/fastertools/ftl-cli/go/ftl/cmd/up.go:24.55,33.49 5 0
github.com/fastertools/ftl-cli/go/ftl/cmd/up.go:33.49,35.5 1 0
github.com/fastertools/ftl-cli/go/ftl/cmd/up.go:38.4,38.63 1 0
github.com/fastertools/ftl-cli/go/ftl/cmd/up.go:38.63,43.19 3 0
github.com/fastertools/ftl-cli/go/ftl/cmd/up.go:43.19,45.6 1 0
github.com/fastertools/ftl-cli/go/ftl/cmd/up.go:48.5,52.19 3 0
github.com/fastertools/ftl-cli/go/ftl/cmd/up.go:52.19,54.6 1 0
github.com/fastertools/ftl-cli/go/ftl/cmd/up.go:57.5,57.73 1 0
github.com/fastertools/ftl-cli/go/ftl/cmd/up.go:57.73,59.6 1 0
github.com/fastertools/ftl-cli/go/ftl/cmd/up.go:61.5,61.57 1 0
github.com/fastertools/ftl-cli/go/ftl/cmd/up.go:62.10,62.48 1 0
github.com/fastertools/ftl-cli/go/ftl/cmd/up.go:62.48,64.5 1 0
github.com/fastertools/ftl-cli/go/ftl/cmd/up.go:64.10,64.33 1 0
github.com/fastertools/ftl-cli/go/ftl/cmd/up.go:64.33,66.59 1 0
github.com/fastertools/ftl-cli/go/ftl/cmd/up.go:66.59,68.6 1 0
github.com/fastertools/ftl-cli/go/ftl/cmd/up.go:69.5,69.63 1 0
github.com/fastertools/ftl-cli/go/ftl/cmd/up.go:73.4,73.13 1 0
github.com/fastertools/ftl-cli/go/ftl/cmd/up.go:73.13,75.43 2 0
github.com/fastertools/ftl-cli/go/ftl/cmd/up.go:75.43,77.6 1 0
github.com/fastertools/ftl-cli/go/ftl/cmd/up.go:78.5,78.53 1 0
github.com/fastertools/ftl-cli/go/ftl/cmd/up.go:81.4,84.13 2 0
github.com/fastertools/ftl-cli/go/ftl/cmd/up.go:84.13,86.43 2 0
github.com/fastertools/ftl-cli/go/ftl/cmd/up.go:86.43,88.6 1 0
github.com/fastertools/ftl-cli/go/ftl/cmd/up.go:89.10,91.40 1 0
github.com/fastertools/ftl-cli/go/ftl/cmd/up.go:91.40,93.6 1 0
github.com/fastertools/ftl-cli/go/ftl/cmd/up.go:96.4,96.14 1 0
github.com/fastertools/ftl-cli/go/ftl/cmd/up.go:100.2,105.12 5 1
