mode: set
github.com/fastertools/ftl-cli/go/shared/auth/auth.go:22.58,24.2 1 0
github.com/fastertools/ftl-cli/go/shared/auth/auth.go:27.70,28.19 1 1
github.com/fastertools/ftl-cli/go/shared/auth/auth.go:28.19,33.3 1 1
github.com/fastertools/ftl-cli/go/shared/auth/auth.go:35.2,40.3 1 1
github.com/fastertools/ftl-cli/go/shared/auth/auth.go:45.106,46.19 1 1
github.com/fastertools/ftl-cli/go/shared/auth/auth.go:46.19,51.3 1 1
github.com/fastertools/ftl-cli/go/shared/auth/auth.go:53.2,58.3 1 1
github.com/fastertools/ftl-cli/go/shared/auth/auth.go:63.126,64.19 1 1
github.com/fastertools/ftl-cli/go/shared/auth/auth.go:64.19,69.3 1 1
github.com/fastertools/ftl-cli/go/shared/auth/auth.go:72.2,79.3 2 1
github.com/fastertools/ftl-cli/go/shared/auth/auth.go:83.85,85.21 1 1
github.com/fastertools/ftl-cli/go/shared/auth/auth.go:85.21,86.63 1 1
github.com/fastertools/ftl-cli/go/shared/auth/auth.go:86.63,87.26 1 1
github.com/fastertools/ftl-cli/go/shared/auth/auth.go:87.26,89.5 1 1
github.com/fastertools/ftl-cli/go/shared/auth/auth.go:91.4,91.32 1 1
github.com/fastertools/ftl-cli/go/shared/auth/auth.go:91.32,92.52 1 1
github.com/fastertools/ftl-cli/go/shared/auth/auth.go:92.52,94.6 1 1
github.com/fastertools/ftl-cli/go/shared/auth/auth.go:100.2,101.16 2 1
github.com/fastertools/ftl-cli/go/shared/auth/auth.go:101.16,103.3 1 1
github.com/fastertools/ftl-cli/go/shared/auth/auth.go:106.2,106.51 1 1
github.com/fastertools/ftl-cli/go/shared/auth/auth.go:106.51,108.3 1 1
github.com/fastertools/ftl-cli/go/shared/auth/auth.go:110.2,110.24 1 1
github.com/fastertools/ftl-cli/go/shared/auth/auth.go:114.113,118.16 3 1
github.com/fastertools/ftl-cli/go/shared/auth/auth.go:118.16,120.3 1 1
github.com/fastertools/ftl-cli/go/shared/auth/auth.go:123.2,131.25 2 1
github.com/fastertools/ftl-cli/go/shared/auth/auth.go:131.25,134.3 2 1
github.com/fastertools/ftl-cli/go/shared/auth/auth.go:137.2,137.44 1 1
github.com/fastertools/ftl-cli/go/shared/auth/auth.go:137.44,139.3 1 1
github.com/fastertools/ftl-cli/go/shared/auth/auth.go:141.2,141.19 1 1
github.com/fastertools/ftl-cli/go/shared/auth/auth.go:145.68,147.16 2 1
github.com/fastertools/ftl-cli/go/shared/auth/auth.go:147.16,149.3 1 1
github.com/fastertools/ftl-cli/go/shared/auth/auth.go:150.2,150.46 1 1
github.com/fastertools/ftl-cli/go/shared/auth/auth.go:154.34,156.2 1 1
github.com/fastertools/ftl-cli/go/shared/auth/auth.go:159.40,161.32 2 1
github.com/fastertools/ftl-cli/go/shared/auth/auth.go:161.32,166.3 1 1
github.com/fastertools/ftl-cli/go/shared/auth/auth.go:168.2,173.23 2 1
github.com/fastertools/ftl-cli/go/shared/auth/auth.go:173.23,175.3 1 1
github.com/fastertools/ftl-cli/go/shared/auth/auth.go:177.2,177.15 1 1
github.com/fastertools/ftl-cli/go/shared/auth/auth.go:181.65,183.32 2 1
github.com/fastertools/ftl-cli/go/shared/auth/auth.go:183.32,185.3 1 1
github.com/fastertools/ftl-cli/go/shared/auth/auth.go:188.2,188.23 1 1
github.com/fastertools/ftl-cli/go/shared/auth/auth.go:188.23,189.31 1 1
github.com/fastertools/ftl-cli/go/shared/auth/auth.go:189.31,191.4 1 1
github.com/fastertools/ftl-cli/go/shared/auth/auth.go:192.3,193.17 2 1
github.com/fastertools/ftl-cli/go/shared/auth/auth.go:193.17,195.4 1 0
github.com/fastertools/ftl-cli/go/shared/auth/auth.go:196.3,196.20 1 1
github.com/fastertools/ftl-cli/go/shared/auth/auth.go:199.2,199.31 1 1
github.com/fastertools/ftl-cli/go/shared/auth/auth.go:203.90,204.30 1 1
github.com/fastertools/ftl-cli/go/shared/auth/auth.go:204.30,206.3 1 1
github.com/fastertools/ftl-cli/go/shared/auth/auth.go:208.2,209.16 2 1
github.com/fastertools/ftl-cli/go/shared/auth/auth.go:209.16,211.3 1 1
github.com/fastertools/ftl-cli/go/shared/auth/auth.go:214.2,222.30 2 1
github.com/fastertools/ftl-cli/go/shared/auth/auth.go:222.30,224.3 1 1
github.com/fastertools/ftl-cli/go/shared/auth/auth.go:227.2,227.25 1 1
github.com/fastertools/ftl-cli/go/shared/auth/auth.go:227.25,230.3 2 1
github.com/fastertools/ftl-cli/go/shared/auth/auth.go:233.2,233.47 1 1
github.com/fastertools/ftl-cli/go/shared/auth/auth.go:233.47,235.3 1 0
github.com/fastertools/ftl-cli/go/shared/auth/auth.go:237.2,237.22 1 1
github.com/fastertools/ftl-cli/go/shared/auth/auth.go:241.74,243.2 1 1
github.com/fastertools/ftl-cli/go/shared/auth/mocks.go:38.95,48.34 4 1
github.com/fastertools/ftl-cli/go/shared/auth/mocks.go:48.34,50.3 1 1
github.com/fastertools/ftl-cli/go/shared/auth/mocks.go:53.2,59.8 1 1
github.com/fastertools/ftl-cli/go/shared/auth/mocks.go:63.130,77.31 4 1
github.com/fastertools/ftl-cli/go/shared/auth/mocks.go:77.31,79.3 1 1
github.com/fastertools/ftl-cli/go/shared/auth/mocks.go:82.2,87.8 1 1
github.com/fastertools/ftl-cli/go/shared/auth/mocks.go:91.108,103.31 4 1
github.com/fastertools/ftl-cli/go/shared/auth/mocks.go:103.31,105.3 1 1
github.com/fastertools/ftl-cli/go/shared/auth/mocks.go:108.2,113.8 1 1
github.com/fastertools/ftl-cli/go/shared/auth/mocks.go:117.37,124.2 5 1
github.com/fastertools/ftl-cli/go/shared/auth/mocks.go:141.72,151.21 4 1
github.com/fastertools/ftl-cli/go/shared/auth/mocks.go:151.21,153.3 1 1
github.com/fastertools/ftl-cli/go/shared/auth/mocks.go:156.2,156.66 1 1
github.com/fastertools/ftl-cli/go/shared/auth/mocks.go:160.34,165.2 3 1
github.com/fastertools/ftl-cli/go/shared/auth/mocks.go:182.55,192.26 4 1
github.com/fastertools/ftl-cli/go/shared/auth/mocks.go:192.26,194.3 1 1
github.com/fastertools/ftl-cli/go/shared/auth/mocks.go:197.2,197.12 1 1
github.com/fastertools/ftl-cli/go/shared/auth/mocks.go:201.37,206.2 3 1
github.com/fastertools/ftl-cli/go/shared/auth/mocks.go:219.36,225.2 1 1
github.com/fastertools/ftl-cli/go/shared/auth/mocks.go:228.88,229.90 1 1
github.com/fastertools/ftl-cli/go/shared/auth/mocks.go:229.90,231.3 1 1
github.com/fastertools/ftl-cli/go/shared/auth/mocks.go:232.2,232.10 1 1
github.com/fastertools/ftl-cli/go/shared/auth/mocks.go:237.78,238.125 1 1
github.com/fastertools/ftl-cli/go/shared/auth/mocks.go:238.125,240.34 1 1
github.com/fastertools/ftl-cli/go/shared/auth/mocks.go:240.34,242.11 1 1
github.com/fastertools/ftl-cli/go/shared/auth/mocks.go:243.22,244.26 1 0
github.com/fastertools/ftl-cli/go/shared/auth/mocks.go:245.12,245.12 0 1
github.com/fastertools/ftl-cli/go/shared/auth/mocks.go:248.4,248.28 1 1
github.com/fastertools/ftl-cli/go/shared/auth/mocks.go:249.24,251.18 1 1
github.com/fastertools/ftl-cli/go/shared/auth/mocks.go:252.21,254.35 1 1
github.com/fastertools/ftl-cli/go/shared/auth/mocks.go:254.35,257.14 2 1
github.com/fastertools/ftl-cli/go/shared/auth/mocks.go:259.5,259.23 1 1
github.com/fastertools/ftl-cli/go/shared/auth/mocks.go:259.23,262.14 2 1
github.com/fastertools/ftl-cli/go/shared/auth/mocks.go:265.5,265.18 1 1
github.com/fastertools/ftl-cli/go/shared/auth/mocks.go:266.15,267.18 1 1
github.com/fastertools/ftl-cli/go/shared/auth/mocks.go:268.12,269.62 1 0
github.com/fastertools/ftl-cli/go/shared/auth/mocks.go:274.3,274.82 1 0
github.com/fastertools/ftl-cli/go/shared/auth/mocks.go:276.2,276.10 1 1
github.com/fastertools/ftl-cli/go/shared/auth/mocks.go:280.85,281.103 1 1
github.com/fastertools/ftl-cli/go/shared/auth/mocks.go:281.103,283.3 1 1
github.com/fastertools/ftl-cli/go/shared/auth/mocks.go:284.2,284.10 1 1
github.com/fastertools/ftl-cli/go/shared/auth/mocks.go:288.78,291.2 2 1
github.com/fastertools/ftl-cli/go/shared/auth/mocks.go:294.62,297.2 2 1
github.com/fastertools/ftl-cli/go/shared/auth/mocks.go:300.74,307.2 3 1
github.com/fastertools/ftl-cli/go/shared/auth/mocks.go:313.36,315.2 1 1
github.com/fastertools/ftl-cli/go/shared/auth/mocks.go:318.38,320.2 1 1
github.com/fastertools/ftl-cli/go/shared/auth/mocks.go:323.57,330.2 1 1
github.com/fastertools/ftl-cli/go/shared/auth/mocks.go:333.55,340.2 1 1
github.com/fastertools/ftl-cli/go/shared/auth/mocks.go:343.64,352.2 1 1
github.com/fastertools/ftl-cli/go/shared/auth/mocks.go:355.54,362.2 1 1
github.com/fastertools/ftl-cli/go/shared/auth/mocks.go:365.63,369.2 1 1
github.com/fastertools/ftl-cli/go/shared/auth/mocks.go:372.51,376.2 1 1
github.com/fastertools/ftl-cli/go/shared/auth/mocks.go:379.55,384.2 1 1
github.com/fastertools/ftl-cli/go/shared/auth/mocks.go:387.55,392.2 1 1
github.com/fastertools/ftl-cli/go/shared/auth/oauth.go:25.66,26.25 1 1
github.com/fastertools/ftl-cli/go/shared/auth/oauth.go:26.25,28.3 1 1
github.com/fastertools/ftl-cli/go/shared/auth/oauth.go:29.2,29.20 1 1
github.com/fastertools/ftl-cli/go/shared/auth/oauth.go:29.20,31.3 1 1
github.com/fastertools/ftl-cli/go/shared/auth/oauth.go:33.2,37.3 1 1
github.com/fastertools/ftl-cli/go/shared/auth/oauth.go:41.89,50.16 4 1
github.com/fastertools/ftl-cli/go/shared/auth/oauth.go:50.16,52.3 1 0
github.com/fastertools/ftl-cli/go/shared/auth/oauth.go:53.2,56.16 3 1
github.com/fastertools/ftl-cli/go/shared/auth/oauth.go:56.16,58.3 1 1
github.com/fastertools/ftl-cli/go/shared/auth/oauth.go:59.2,62.16 3 1
github.com/fastertools/ftl-cli/go/shared/auth/oauth.go:62.16,64.3 1 0
github.com/fastertools/ftl-cli/go/shared/auth/oauth.go:66.2,66.38 1 1
github.com/fastertools/ftl-cli/go/shared/auth/oauth.go:66.38,68.3 1 1
github.com/fastertools/ftl-cli/go/shared/auth/oauth.go:70.2,71.56 2 1
github.com/fastertools/ftl-cli/go/shared/auth/oauth.go:71.56,73.3 1 1
github.com/fastertools/ftl-cli/go/shared/auth/oauth.go:76.2,76.28 1 1
github.com/fastertools/ftl-cli/go/shared/auth/oauth.go:76.28,78.3 1 1
github.com/fastertools/ftl-cli/go/shared/auth/oauth.go:80.2,80.23 1 1
github.com/fastertools/ftl-cli/go/shared/auth/oauth.go:84.124,92.6 5 1
github.com/fastertools/ftl-cli/go/shared/auth/oauth.go:92.6,93.10 1 1
github.com/fastertools/ftl-cli/go/shared/auth/oauth.go:94.21,95.25 1 1
github.com/fastertools/ftl-cli/go/shared/auth/oauth.go:96.19,97.34 1 1
github.com/fastertools/ftl-cli/go/shared/auth/oauth.go:97.34,99.5 1 0
github.com/fastertools/ftl-cli/go/shared/auth/oauth.go:101.4,102.18 2 1
github.com/fastertools/ftl-cli/go/shared/auth/oauth.go:102.18,104.46 1 1
github.com/fastertools/ftl-cli/go/shared/auth/oauth.go:104.46,105.43 1 1
github.com/fastertools/ftl-cli/go/shared/auth/oauth.go:105.43,107.15 1 1
github.com/fastertools/ftl-cli/go/shared/auth/oauth.go:109.6,109.31 1 1
github.com/fastertools/ftl-cli/go/shared/auth/oauth.go:109.31,112.15 2 1
github.com/fastertools/ftl-cli/go/shared/auth/oauth.go:114.6,114.30 1 1
github.com/fastertools/ftl-cli/go/shared/auth/oauth.go:114.30,116.7 1 1
github.com/fastertools/ftl-cli/go/shared/auth/oauth.go:118.5,118.20 1 1
github.com/fastertools/ftl-cli/go/shared/auth/oauth.go:121.4,121.21 1 1
github.com/fastertools/ftl-cli/go/shared/auth/oauth.go:127.110,135.16 3 1
github.com/fastertools/ftl-cli/go/shared/auth/oauth.go:135.16,137.3 1 0
github.com/fastertools/ftl-cli/go/shared/auth/oauth.go:138.2,141.16 3 1
github.com/fastertools/ftl-cli/go/shared/auth/oauth.go:141.16,143.3 1 0
github.com/fastertools/ftl-cli/go/shared/auth/oauth.go:144.2,147.16 3 1
github.com/fastertools/ftl-cli/go/shared/auth/oauth.go:147.16,149.3 1 0
github.com/fastertools/ftl-cli/go/shared/auth/oauth.go:152.2,152.46 1 1
github.com/fastertools/ftl-cli/go/shared/auth/oauth.go:152.46,154.57 2 1
github.com/fastertools/ftl-cli/go/shared/auth/oauth.go:154.57,156.4 1 0
github.com/fastertools/ftl-cli/go/shared/auth/oauth.go:157.3,157.24 1 1
github.com/fastertools/ftl-cli/go/shared/auth/oauth.go:160.2,160.38 1 1
github.com/fastertools/ftl-cli/go/shared/auth/oauth.go:160.38,162.3 1 0
github.com/fastertools/ftl-cli/go/shared/auth/oauth.go:164.2,165.57 2 1
github.com/fastertools/ftl-cli/go/shared/auth/oauth.go:165.57,167.3 1 0
github.com/fastertools/ftl-cli/go/shared/auth/oauth.go:169.2,169.24 1 1
github.com/fastertools/ftl-cli/go/shared/auth/oauth.go:173.102,183.16 4 1
github.com/fastertools/ftl-cli/go/shared/auth/oauth.go:183.16,185.3 1 0
github.com/fastertools/ftl-cli/go/shared/auth/oauth.go:186.2,189.16 3 1
github.com/fastertools/ftl-cli/go/shared/auth/oauth.go:189.16,191.3 1 1
github.com/fastertools/ftl-cli/go/shared/auth/oauth.go:192.2,195.16 3 1
github.com/fastertools/ftl-cli/go/shared/auth/oauth.go:195.16,197.3 1 0
github.com/fastertools/ftl-cli/go/shared/auth/oauth.go:199.2,199.38 1 1
github.com/fastertools/ftl-cli/go/shared/auth/oauth.go:199.38,201.3 1 1
github.com/fastertools/ftl-cli/go/shared/auth/oauth.go:203.2,204.57 2 1
github.com/fastertools/ftl-cli/go/shared/auth/oauth.go:204.57,206.3 1 0
github.com/fastertools/ftl-cli/go/shared/auth/oauth.go:208.2,208.24 1 1
github.com/fastertools/ftl-cli/go/shared/auth/oauth.go:212.37,213.30 1 1
github.com/fastertools/ftl-cli/go/shared/auth/oauth.go:213.30,215.3 1 1
github.com/fastertools/ftl-cli/go/shared/auth/oauth.go:216.2,216.20 1 1
github.com/fastertools/ftl-cli/go/shared/auth/storage.go:26.47,29.2 1 1
github.com/fastertools/ftl-cli/go/shared/auth/storage.go:32.53,34.16 2 1
github.com/fastertools/ftl-cli/go/shared/auth/storage.go:34.16,35.33 1 1
github.com/fastertools/ftl-cli/go/shared/auth/storage.go:35.33,37.4 1 1
github.com/fastertools/ftl-cli/go/shared/auth/storage.go:38.3,38.64 1 0
github.com/fastertools/ftl-cli/go/shared/auth/storage.go:41.2,42.61 2 1
github.com/fastertools/ftl-cli/go/shared/auth/storage.go:42.61,44.3 1 0
github.com/fastertools/ftl-cli/go/shared/auth/storage.go:46.2,46.20 1 1
github.com/fastertools/ftl-cli/go/shared/auth/storage.go:50.55,51.18 1 1
github.com/fastertools/ftl-cli/go/shared/auth/storage.go:51.18,53.3 1 1
github.com/fastertools/ftl-cli/go/shared/auth/storage.go:55.2,56.16 2 1
github.com/fastertools/ftl-cli/go/shared/auth/storage.go:56.16,58.3 1 0
github.com/fastertools/ftl-cli/go/shared/auth/storage.go:60.2,60.83 1 1
github.com/fastertools/ftl-cli/go/shared/auth/storage.go:60.83,62.3 1 1
github.com/fastertools/ftl-cli/go/shared/auth/storage.go:64.2,64.12 1 1
github.com/fastertools/ftl-cli/go/shared/auth/storage.go:68.39,70.46 2 1
github.com/fastertools/ftl-cli/go/shared/auth/storage.go:70.46,72.3 1 0
github.com/fastertools/ftl-cli/go/shared/auth/storage.go:73.2,73.12 1 1
github.com/fastertools/ftl-cli/go/shared/auth/storage.go:77.38,80.2 2 1
github.com/fastertools/ftl-cli/go/shared/auth/storage.go:83.55,88.2 1 1
github.com/fastertools/ftl-cli/go/shared/auth/storage.go:97.61,99.2 1 1
github.com/fastertools/ftl-cli/go/shared/auth/storage.go:102.50,103.18 1 1
github.com/fastertools/ftl-cli/go/shared/auth/storage.go:103.18,105.3 1 1
github.com/fastertools/ftl-cli/go/shared/auth/storage.go:106.2,106.21 1 1
github.com/fastertools/ftl-cli/go/shared/auth/storage.go:110.52,111.18 1 1
github.com/fastertools/ftl-cli/go/shared/auth/storage.go:111.18,113.3 1 1
github.com/fastertools/ftl-cli/go/shared/auth/storage.go:114.2,115.12 2 1
github.com/fastertools/ftl-cli/go/shared/auth/storage.go:119.36,120.18 1 1
github.com/fastertools/ftl-cli/go/shared/auth/storage.go:120.18,122.3 1 1
github.com/fastertools/ftl-cli/go/shared/auth/storage.go:123.2,124.12 2 1
github.com/fastertools/ftl-cli/go/shared/auth/storage.go:128.35,130.2 1 1
github.com/fastertools/ftl-cli/go/shared/auth/types.go:22.40,23.24 1 1
github.com/fastertools/ftl-cli/go/shared/auth/types.go:23.24,25.3 1 1
github.com/fastertools/ftl-cli/go/shared/auth/types.go:26.2,26.39 1 1
github.com/fastertools/ftl-cli/go/shared/auth/types.go:30.55,31.24 1 1
github.com/fastertools/ftl-cli/go/shared/auth/types.go:31.24,33.3 1 1
github.com/fastertools/ftl-cli/go/shared/auth/types.go:34.2,34.33 1 1
github.com/fastertools/ftl-cli/go/shared/auth/types.go:71.52,73.2 1 1
github.com/fastertools/ftl-cli/go/shared/auth/types.go:76.40,78.2 1 1
github.com/fastertools/ftl-cli/go/shared/auth/types.go:81.39,83.2 1 1
