mode: set
github.com/fastertools/ftl-cli/go/spindl/main.go:9.13,10.38 1 0
github.com/fastertools/ftl-cli/go/spindl/main.go:10.38,12.3 1 0
github.com/fastertools/ftl-cli/go/spindl/pkg/construct/registry.go:13.43,77.2 1 1
github.com/fastertools/ftl-cli/go/spindl/pkg/construct/registry.go:80.43,82.31 2 1
github.com/fastertools/ftl-cli/go/spindl/pkg/construct/registry.go:82.31,83.21 1 1
github.com/fastertools/ftl-cli/go/spindl/pkg/construct/registry.go:83.21,85.4 1 1
github.com/fastertools/ftl-cli/go/spindl/pkg/construct/registry.go:87.2,87.12 1 1
github.com/fastertools/ftl-cli/go/spindl/lib/composer.go:24.22,29.2 1 0
github.com/fastertools/ftl-cli/go/spindl/lib/composer.go:35.37,36.33 1 0
github.com/fastertools/ftl-cli/go/spindl/lib/composer.go:36.33,38.17 2 0
github.com/fastertools/ftl-cli/go/spindl/lib/composer.go:38.17,40.4 1 0
github.com/fastertools/ftl-cli/go/spindl/lib/composer.go:42.3,43.52 2 0
github.com/fastertools/ftl-cli/go/spindl/lib/composer.go:43.52,45.4 1 0
github.com/fastertools/ftl-cli/go/spindl/lib/composer.go:47.3,48.13 2 0
github.com/fastertools/ftl-cli/go/spindl/lib/composer.go:53.53,54.33 1 0
github.com/fastertools/ftl-cli/go/spindl/lib/composer.go:54.33,57.3 2 0
github.com/fastertools/ftl-cli/go/spindl/lib/composer.go:61.38,62.33 1 0
github.com/fastertools/ftl-cli/go/spindl/lib/composer.go:62.33,64.17 2 0
github.com/fastertools/ftl-cli/go/spindl/lib/composer.go:64.17,66.4 1 0
github.com/fastertools/ftl-cli/go/spindl/lib/composer.go:68.3,69.56 2 0
github.com/fastertools/ftl-cli/go/spindl/lib/composer.go:69.56,71.4 1 0
github.com/fastertools/ftl-cli/go/spindl/lib/composer.go:73.3,74.13 2 0
github.com/fastertools/ftl-cli/go/spindl/lib/composer.go:79.58,80.33 1 0
github.com/fastertools/ftl-cli/go/spindl/lib/composer.go:80.33,83.3 2 0
github.com/fastertools/ftl-cli/go/spindl/lib/composer.go:87.42,88.33 1 0
github.com/fastertools/ftl-cli/go/spindl/lib/composer.go:88.33,90.17 2 0
github.com/fastertools/ftl-cli/go/spindl/lib/composer.go:90.17,92.4 1 0
github.com/fastertools/ftl-cli/go/spindl/lib/composer.go:93.3,95.27 2 0
github.com/fastertools/ftl-cli/go/spindl/lib/composer.go:100.45,101.33 1 0
github.com/fastertools/ftl-cli/go/spindl/lib/composer.go:101.33,104.3 2 0
github.com/fastertools/ftl-cli/go/spindl/lib/composer.go:108.51,109.33 1 0
github.com/fastertools/ftl-cli/go/spindl/lib/composer.go:109.33,110.26 1 0
github.com/fastertools/ftl-cli/go/spindl/lib/composer.go:110.26,112.4 1 0
github.com/fastertools/ftl-cli/go/spindl/lib/composer.go:113.3,113.13 1 0
github.com/fastertools/ftl-cli/go/spindl/lib/composer.go:118.60,120.27 1 0
github.com/fastertools/ftl-cli/go/spindl/lib/composer.go:120.27,121.32 1 0
github.com/fastertools/ftl-cli/go/spindl/lib/composer.go:121.32,123.4 1 0
github.com/fastertools/ftl-cli/go/spindl/lib/composer.go:127.2,127.21 1 0
github.com/fastertools/ftl-cli/go/spindl/lib/composer.go:127.21,129.3 1 0
github.com/fastertools/ftl-cli/go/spindl/lib/composer.go:132.2,135.42 2 0
github.com/fastertools/ftl-cli/go/spindl/lib/composer.go:135.42,137.3 1 0
github.com/fastertools/ftl-cli/go/spindl/lib/composer.go:140.2,144.16 3 0
github.com/fastertools/ftl-cli/go/spindl/lib/composer.go:144.16,146.3 1 0
github.com/fastertools/ftl-cli/go/spindl/lib/composer.go:148.2,148.22 1 0
github.com/fastertools/ftl-cli/go/spindl/lib/composer.go:152.69,154.16 2 0
github.com/fastertools/ftl-cli/go/spindl/lib/composer.go:154.16,156.3 1 0
github.com/fastertools/ftl-cli/go/spindl/lib/composer.go:158.2,158.49 1 0
github.com/fastertools/ftl-cli/go/spindl/lib/composer.go:162.60,167.37 2 0
github.com/fastertools/ftl-cli/go/spindl/lib/composer.go:167.37,169.3 1 0
github.com/fastertools/ftl-cli/go/spindl/lib/composer.go:172.2,174.15 2 0
github.com/fastertools/ftl-cli/go/spindl/lib/composer.go:178.76,185.2 4 0
github.com/fastertools/ftl-cli/go/spindl/lib/composer.go:188.66,190.36 1 0
github.com/fastertools/ftl-cli/go/spindl/lib/composer.go:190.36,192.3 1 0
github.com/fastertools/ftl-cli/go/spindl/lib/composer.go:193.2,193.39 1 0
github.com/fastertools/ftl-cli/go/spindl/lib/composer.go:193.39,195.3 1 0
github.com/fastertools/ftl-cli/go/spindl/lib/composer.go:198.2,201.31 2 0
github.com/fastertools/ftl-cli/go/spindl/lib/composer.go:201.31,203.3 1 0
github.com/fastertools/ftl-cli/go/spindl/lib/composer.go:206.2,206.27 1 0
github.com/fastertools/ftl-cli/go/spindl/lib/composer.go:206.27,208.3 1 0
github.com/fastertools/ftl-cli/go/spindl/lib/composer.go:209.2,209.38 1 0
github.com/fastertools/ftl-cli/go/spindl/lib/composer.go:209.38,211.3 1 0
github.com/fastertools/ftl-cli/go/spindl/lib/composer.go:214.2,214.24 1 0
github.com/fastertools/ftl-cli/go/spindl/lib/composer.go:214.24,215.22 1 0
github.com/fastertools/ftl-cli/go/spindl/lib/composer.go:215.22,217.4 1 0
github.com/fastertools/ftl-cli/go/spindl/lib/composer.go:217.9,219.34 1 0
github.com/fastertools/ftl-cli/go/spindl/lib/composer.go:219.34,221.5 1 0
github.com/fastertools/ftl-cli/go/spindl/lib/composer.go:222.4,222.37 1 0
github.com/fastertools/ftl-cli/go/spindl/lib/composer.go:222.37,224.35 1 0
github.com/fastertools/ftl-cli/go/spindl/lib/composer.go:224.35,226.6 1 0
github.com/fastertools/ftl-cli/go/spindl/lib/composer.go:226.11,228.52 1 0
github.com/fastertools/ftl-cli/go/spindl/lib/composer.go:228.52,230.7 1 0
github.com/fastertools/ftl-cli/go/spindl/lib/composer.go:231.6,231.48 1 0
github.com/fastertools/ftl-cli/go/spindl/lib/composer.go:231.48,233.7 1 0
github.com/fastertools/ftl-cli/go/spindl/lib/composer.go:242.58,243.26 1 0
github.com/fastertools/ftl-cli/go/spindl/lib/composer.go:243.26,245.3 1 0
github.com/fastertools/ftl-cli/go/spindl/lib/composer.go:248.2,248.32 1 0
github.com/fastertools/ftl-cli/go/spindl/lib/composer.go:248.32,250.3 1 0
github.com/fastertools/ftl-cli/go/spindl/lib/composer.go:253.2,253.32 1 0
github.com/fastertools/ftl-cli/go/spindl/lib/composer.go:253.32,254.43 1 0
github.com/fastertools/ftl-cli/go/spindl/lib/composer.go:254.43,255.12 1 0
github.com/fastertools/ftl-cli/go/spindl/lib/composer.go:257.3,257.61 1 0
github.com/fastertools/ftl-cli/go/spindl/lib/composer.go:257.61,259.4 1 0
github.com/fastertools/ftl-cli/go/spindl/lib/composer.go:264.61,267.32 2 0
github.com/fastertools/ftl-cli/go/spindl/lib/composer.go:267.32,270.3 2 0
github.com/fastertools/ftl-cli/go/spindl/lib/composer.go:271.2,271.15 1 0
github.com/fastertools/ftl-cli/go/spindl/pkg/spindl/synth.go:13.26,17.2 1 0
github.com/fastertools/ftl-cli/go/spindl/pkg/spindl/synth.go:20.85,22.2 1 0
github.com/fastertools/ftl-cli/go/spindl/pkg/constructs/ftl_example.go:20.38,25.2 1 0
github.com/fastertools/ftl-cli/go/spindl/pkg/constructs/ftl_example.go:28.65,44.2 4 0
github.com/fastertools/ftl-cli/go/spindl/pkg/constructs/ftl_example.go:47.70,65.2 4 0
github.com/fastertools/ftl-cli/go/spindl/pkg/constructs/ftl_example.go:68.46,81.39 3 0
github.com/fastertools/ftl-cli/go/spindl/pkg/constructs/ftl_example.go:81.39,83.6 1 0
github.com/fastertools/ftl-cli/go/spindl/pkg/constructs/ftl_example.go:84.5,88.37 3 0
github.com/fastertools/ftl-cli/go/spindl/pkg/constructs/ftl_example.go:88.37,90.6 1 0
github.com/fastertools/ftl-cli/go/spindl/pkg/constructs/ftl_example.go:91.5,96.28 2 0
github.com/fastertools/ftl-cli/go/spindl/pkg/constructs/ftl_example.go:112.34,112.49 1 0
github.com/fastertools/ftl-cli/go/spindl/pkg/constructs/ftl_example.go:113.55,117.23 2 0
github.com/fastertools/ftl-cli/go/spindl/pkg/constructs/ftl_example.go:117.23,119.6 1 0
github.com/fastertools/ftl-cli/go/spindl/pkg/constructs/ftl_example.go:120.5,120.13 1 0
github.com/fastertools/ftl-cli/go/spindl/pkg/constructs/ftl_example.go:129.47,129.67 1 0
github.com/fastertools/ftl-cli/go/spindl/pkg/constructs/ftl_example.go:136.50,142.2 1 0
github.com/fastertools/ftl-cli/go/spindl/pkg/constructs/ftl_example.go:145.16,176.2 7 0
github.com/fastertools/ftl-cli/go/spindl/pkg/constructs/ftl_example.go:216.40,216.67 1 0
github.com/fastertools/ftl-cli/go/spindl/pkg/constructs/ftl_example.go:217.61,220.2 1 0
github.com/fastertools/ftl-cli/go/spindl/pkg/constructs/ftl_example.go:222.54,225.2 1 0
github.com/fastertools/ftl-cli/go/spindl/pkg/constructs/ftl_example.go:227.43,229.2 0 0
github.com/fastertools/ftl-cli/go/spindl/pkg/constructs/ftl_example.go:231.44,234.2 1 0
github.com/fastertools/ftl-cli/go/spindl/pkg/constructs/ftl_example.go:236.59,239.2 1 0
github.com/fastertools/ftl-cli/go/spindl/cmd/construct.go:25.54,27.3 1 0
github.com/fastertools/ftl-cli/go/spindl/cmd/construct.go:38.54,41.3 2 0
github.com/fastertools/ftl-cli/go/spindl/cmd/construct.go:49.54,52.3 2 0
github.com/fastertools/ftl-cli/go/spindl/cmd/construct.go:55.13,59.2 3 1
github.com/fastertools/ftl-cli/go/spindl/cmd/construct.go:61.31,67.31 4 0
github.com/fastertools/ftl-cli/go/spindl/cmd/construct.go:67.31,69.27 2 0
github.com/fastertools/ftl-cli/go/spindl/cmd/construct.go:69.27,71.4 1 0
github.com/fastertools/ftl-cli/go/spindl/cmd/construct.go:71.9,71.35 1 0
github.com/fastertools/ftl-cli/go/spindl/cmd/construct.go:71.35,73.4 1 0
github.com/fastertools/ftl-cli/go/spindl/cmd/construct.go:73.9,75.4 1 0
github.com/fastertools/ftl-cli/go/spindl/cmd/construct.go:77.3,83.52 2 0
github.com/fastertools/ftl-cli/go/spindl/cmd/construct.go:83.52,85.4 1 0
github.com/fastertools/ftl-cli/go/spindl/cmd/construct.go:86.3,86.16 1 0
github.com/fastertools/ftl-cli/go/spindl/cmd/construct.go:89.2,92.12 3 0
github.com/fastertools/ftl-cli/go/spindl/cmd/construct.go:95.50,100.25 3 0
github.com/fastertools/ftl-cli/go/spindl/cmd/construct.go:100.25,104.3 3 0
github.com/fastertools/ftl-cli/go/spindl/cmd/construct.go:106.2,106.73 1 0
github.com/fastertools/ftl-cli/go/spindl/cmd/construct.go:106.73,109.3 2 0
github.com/fastertools/ftl-cli/go/spindl/cmd/construct.go:112.2,117.12 5 0
github.com/fastertools/ftl-cli/go/spindl/cmd/construct.go:120.51,122.25 2 0
github.com/fastertools/ftl-cli/go/spindl/cmd/construct.go:122.25,126.3 3 0
github.com/fastertools/ftl-cli/go/spindl/cmd/construct.go:128.2,131.29 3 0
github.com/fastertools/ftl-cli/go/spindl/cmd/construct.go:132.16,133.45 1 0
github.com/fastertools/ftl-cli/go/spindl/cmd/construct.go:134.17,135.46 1 0
github.com/fastertools/ftl-cli/go/spindl/cmd/construct.go:136.10,137.42 1 0
github.com/fastertools/ftl-cli/go/spindl/cmd/construct.go:139.2,142.36 3 0
github.com/fastertools/ftl-cli/go/spindl/cmd/construct.go:142.36,144.49 2 0
github.com/fastertools/ftl-cli/go/spindl/cmd/construct.go:144.49,146.4 1 0
github.com/fastertools/ftl-cli/go/spindl/cmd/construct.go:147.3,147.16 1 0
github.com/fastertools/ftl-cli/go/spindl/cmd/construct.go:150.2,150.36 1 0
github.com/fastertools/ftl-cli/go/spindl/cmd/construct.go:150.36,152.49 2 0
github.com/fastertools/ftl-cli/go/spindl/cmd/construct.go:152.49,154.4 1 0
github.com/fastertools/ftl-cli/go/spindl/cmd/construct.go:155.3,155.16 1 0
github.com/fastertools/ftl-cli/go/spindl/cmd/construct.go:158.2,158.73 1 0
github.com/fastertools/ftl-cli/go/spindl/cmd/construct.go:158.73,162.3 3 0
github.com/fastertools/ftl-cli/go/spindl/cmd/construct.go:164.2,164.12 1 0
github.com/fastertools/ftl-cli/go/spindl/cmd/diff.go:22.54,26.20 3 0
github.com/fastertools/ftl-cli/go/spindl/cmd/diff.go:26.20,28.4 1 0
github.com/fastertools/ftl-cli/go/spindl/cmd/diff.go:29.3,29.20 1 0
github.com/fastertools/ftl-cli/go/spindl/cmd/diff.go:29.20,31.4 1 0
github.com/fastertools/ftl-cli/go/spindl/cmd/diff.go:33.3,33.45 1 0
github.com/fastertools/ftl-cli/go/spindl/cmd/diff.go:37.55,42.16 3 0
github.com/fastertools/ftl-cli/go/spindl/cmd/diff.go:42.16,45.3 2 0
github.com/fastertools/ftl-cli/go/spindl/cmd/diff.go:47.2,51.16 4 0
github.com/fastertools/ftl-cli/go/spindl/cmd/diff.go:51.16,54.3 2 0
github.com/fastertools/ftl-cli/go/spindl/cmd/diff.go:57.2,58.52 2 0
github.com/fastertools/ftl-cli/go/spindl/cmd/diff.go:58.52,60.17 2 0
github.com/fastertools/ftl-cli/go/spindl/cmd/diff.go:60.17,63.4 2 0
github.com/fastertools/ftl-cli/go/spindl/cmd/diff.go:64.8,67.3 1 0
github.com/fastertools/ftl-cli/go/spindl/cmd/diff.go:70.2,70.104 1 0
github.com/fastertools/ftl-cli/go/spindl/cmd/diff.go:70.104,72.3 1 0
github.com/fastertools/ftl-cli/go/spindl/cmd/diff.go:74.2,74.12 1 0
github.com/fastertools/ftl-cli/go/spindl/cmd/diff.go:78.52,83.53 3 0
github.com/fastertools/ftl-cli/go/spindl/cmd/diff.go:83.53,85.3 1 0
github.com/fastertools/ftl-cli/go/spindl/cmd/diff.go:88.2,88.50 1 0
github.com/fastertools/ftl-cli/go/spindl/cmd/diff.go:88.50,91.3 2 0
github.com/fastertools/ftl-cli/go/spindl/cmd/diff.go:93.2,93.70 1 0
github.com/fastertools/ftl-cli/go/spindl/cmd/diff.go:93.70,96.3 2 0
github.com/fastertools/ftl-cli/go/spindl/cmd/diff.go:98.2,103.32 3 0
github.com/fastertools/ftl-cli/go/spindl/cmd/diff.go:103.32,106.28 2 0
github.com/fastertools/ftl-cli/go/spindl/cmd/diff.go:106.28,108.4 1 0
github.com/fastertools/ftl-cli/go/spindl/cmd/diff.go:109.3,109.24 1 0
github.com/fastertools/ftl-cli/go/spindl/cmd/diff.go:109.24,111.4 1 0
github.com/fastertools/ftl-cli/go/spindl/cmd/diff.go:113.3,113.29 1 0
github.com/fastertools/ftl-cli/go/spindl/cmd/diff.go:113.29,114.25 1 0
github.com/fastertools/ftl-cli/go/spindl/cmd/diff.go:114.25,116.5 1 0
github.com/fastertools/ftl-cli/go/spindl/cmd/diff.go:117.4,117.21 1 0
github.com/fastertools/ftl-cli/go/spindl/cmd/diff.go:117.21,119.5 1 0
github.com/fastertools/ftl-cli/go/spindl/cmd/diff.go:123.2,126.12 3 0
github.com/fastertools/ftl-cli/go/spindl/cmd/diff.go:130.24,131.11 1 0
github.com/fastertools/ftl-cli/go/spindl/cmd/diff.go:131.11,133.3 1 0
github.com/fastertools/ftl-cli/go/spindl/cmd/diff.go:134.2,134.10 1 0
github.com/fastertools/ftl-cli/go/spindl/cmd/init.go:19.54,21.20 2 0
github.com/fastertools/ftl-cli/go/spindl/cmd/init.go:21.20,23.4 1 0
github.com/fastertools/ftl-cli/go/spindl/cmd/init.go:25.3,26.40 2 0
github.com/fastertools/ftl-cli/go/spindl/cmd/init.go:30.13,32.2 1 1
github.com/fastertools/ftl-cli/go/spindl/cmd/init.go:34.50,38.56 2 1
github.com/fastertools/ftl-cli/go/spindl/cmd/init.go:38.56,39.56 1 1
github.com/fastertools/ftl-cli/go/spindl/cmd/init.go:39.56,41.4 1 0
github.com/fastertools/ftl-cli/go/spindl/cmd/init.go:45.2,46.18 2 1
github.com/fastertools/ftl-cli/go/spindl/cmd/init.go:47.13,48.42 1 1
github.com/fastertools/ftl-cli/go/spindl/cmd/init.go:49.10,52.54 3 1
github.com/fastertools/ftl-cli/go/spindl/cmd/init.go:56.2,57.71 2 1
github.com/fastertools/ftl-cli/go/spindl/cmd/init.go:57.71,59.3 1 0
github.com/fastertools/ftl-cli/go/spindl/cmd/init.go:60.2,64.58 3 1
github.com/fastertools/ftl-cli/go/spindl/cmd/init.go:64.58,81.85 2 1
github.com/fastertools/ftl-cli/go/spindl/cmd/init.go:81.85,83.4 1 0
github.com/fastertools/ftl-cli/go/spindl/cmd/init.go:84.3,84.44 1 1
github.com/fastertools/ftl-cli/go/spindl/cmd/init.go:88.2,95.12 7 1
github.com/fastertools/ftl-cli/go/spindl/cmd/init.go:98.51,148.2 1 1
github.com/fastertools/ftl-cli/go/spindl/cmd/root.go:32.67,34.80 1 0
github.com/fastertools/ftl-cli/go/spindl/cmd/root.go:34.81,36.4 0 0
github.com/fastertools/ftl-cli/go/spindl/cmd/root.go:37.3,37.13 1 0
github.com/fastertools/ftl-cli/go/spindl/cmd/root.go:42.22,44.2 1 0
github.com/fastertools/ftl-cli/go/spindl/cmd/root.go:46.13,56.2 6 1
github.com/fastertools/ftl-cli/go/spindl/cmd/root.go:59.55,61.2 1 1
github.com/fastertools/ftl-cli/go/spindl/cmd/root.go:64.53,66.2 1 1
github.com/fastertools/ftl-cli/go/spindl/cmd/root.go:69.55,71.2 1 0
github.com/fastertools/ftl-cli/go/spindl/cmd/root.go:74.52,76.2 1 1
github.com/fastertools/ftl-cli/go/spindl/cmd/root.go:79.51,81.2 1 0
github.com/fastertools/ftl-cli/go/spindl/cmd/synth.go:22.54,24.20 2 0
github.com/fastertools/ftl-cli/go/spindl/cmd/synth.go:24.20,26.4 1 0
github.com/fastertools/ftl-cli/go/spindl/cmd/synth.go:28.3,33.77 5 0
github.com/fastertools/ftl-cli/go/spindl/cmd/synth.go:37.13,42.2 4 1
github.com/fastertools/ftl-cli/go/spindl/cmd/synth.go:44.105,49.16 3 0
github.com/fastertools/ftl-cli/go/spindl/cmd/synth.go:49.16,52.3 2 0
github.com/fastertools/ftl-cli/go/spindl/cmd/synth.go:55.2,58.22 2 0
github.com/fastertools/ftl-cli/go/spindl/cmd/synth.go:58.22,60.17 2 0
github.com/fastertools/ftl-cli/go/spindl/cmd/synth.go:60.17,63.4 2 0
github.com/fastertools/ftl-cli/go/spindl/cmd/synth.go:67.2,67.23 1 0
github.com/fastertools/ftl-cli/go/spindl/cmd/synth.go:67.23,69.3 1 0
github.com/fastertools/ftl-cli/go/spindl/cmd/synth.go:72.2,72.27 1 0
github.com/fastertools/ftl-cli/go/spindl/cmd/synth.go:72.27,76.3 1 0
github.com/fastertools/ftl-cli/go/spindl/cmd/synth.go:79.2,83.16 3 0
github.com/fastertools/ftl-cli/go/spindl/cmd/synth.go:83.16,86.3 2 0
github.com/fastertools/ftl-cli/go/spindl/cmd/synth.go:89.2,89.22 1 0
github.com/fastertools/ftl-cli/go/spindl/cmd/synth.go:89.22,91.3 1 0
github.com/fastertools/ftl-cli/go/spindl/cmd/synth.go:94.2,94.69 1 0
github.com/fastertools/ftl-cli/go/spindl/cmd/synth.go:94.69,97.3 2 0
github.com/fastertools/ftl-cli/go/spindl/cmd/synth.go:99.2,107.12 6 0
github.com/fastertools/ftl-cli/go/spindl/cmd/synth.go:111.46,113.13 2 0
github.com/fastertools/ftl-cli/go/spindl/cmd/synth.go:114.23,115.16 1 0
github.com/fastertools/ftl-cli/go/spindl/cmd/synth.go:116.15,117.16 1 0
github.com/fastertools/ftl-cli/go/spindl/cmd/synth.go:118.15,119.16 1 0
github.com/fastertools/ftl-cli/go/spindl/cmd/synth.go:120.14,121.15 1 0
github.com/fastertools/ftl-cli/go/spindl/cmd/synth.go:122.10,123.16 1 0
github.com/fastertools/ftl-cli/go/spindl/cmd/synth.go:128.92,133.22 1 1
github.com/fastertools/ftl-cli/go/spindl/cmd/synth.go:133.22,135.3 1 1
github.com/fastertools/ftl-cli/go/spindl/cmd/synth.go:137.2,139.33 2 1
github.com/fastertools/ftl-cli/go/spindl/cmd/synth.go:139.33,141.22 2 1
github.com/fastertools/ftl-cli/go/spindl/cmd/synth.go:141.22,143.4 1 1
github.com/fastertools/ftl-cli/go/spindl/cmd/synth.go:145.3,149.43 2 1
github.com/fastertools/ftl-cli/go/spindl/cmd/synth.go:149.43,152.31 2 1
github.com/fastertools/ftl-cli/go/spindl/cmd/synth.go:152.31,153.60 1 1
github.com/fastertools/ftl-cli/go/spindl/cmd/synth.go:153.60,155.11 2 1
github.com/fastertools/ftl-cli/go/spindl/cmd/synth.go:158.4,158.41 1 1
github.com/fastertools/ftl-cli/go/spindl/cmd/synth.go:159.9,162.4 1 1
github.com/fastertools/ftl-cli/go/spindl/cmd/synth.go:165.2,165.31 1 1
github.com/fastertools/ftl-cli/go/spindl/cmd/validate.go:19.54,21.20 2 0
github.com/fastertools/ftl-cli/go/spindl/cmd/validate.go:21.20,23.4 1 0
github.com/fastertools/ftl-cli/go/spindl/cmd/validate.go:25.3,25.32 1 0
github.com/fastertools/ftl-cli/go/spindl/cmd/validate.go:29.42,34.16 3 0
github.com/fastertools/ftl-cli/go/spindl/cmd/validate.go:34.16,37.3 2 0
github.com/fastertools/ftl-cli/go/spindl/cmd/validate.go:40.2,46.66 3 0
github.com/fastertools/ftl-cli/go/spindl/cmd/validate.go:46.66,50.3 3 0
github.com/fastertools/ftl-cli/go/spindl/cmd/validate.go:52.2,53.12 2 0
github.com/fastertools/ftl-cli/go/spindl/pkg/ftl/app.go:27.31,34.2 1 1
github.com/fastertools/ftl-cli/go/spindl/pkg/ftl/app.go:37.48,40.2 2 1
github.com/fastertools/ftl-cli/go/spindl/pkg/ftl/app.go:43.47,46.2 2 1
github.com/fastertools/ftl-cli/go/spindl/pkg/ftl/app.go:64.37,66.2 1 1
github.com/fastertools/ftl-cli/go/spindl/pkg/ftl/app.go:75.40,81.2 1 1
github.com/fastertools/ftl-cli/go/spindl/pkg/ftl/app.go:90.38,94.24 2 1
github.com/fastertools/ftl-cli/go/spindl/pkg/ftl/app.go:94.24,96.6 1 1
github.com/fastertools/ftl-cli/go/spindl/pkg/ftl/app.go:97.5,97.25 1 1
github.com/fastertools/ftl-cli/go/spindl/pkg/ftl/app.go:97.25,99.35 2 1
github.com/fastertools/ftl-cli/go/spindl/pkg/ftl/app.go:99.35,101.10 1 1
github.com/fastertools/ftl-cli/go/spindl/pkg/ftl/app.go:102.9,102.87 1 1
github.com/fastertools/ftl-cli/go/spindl/pkg/ftl/app.go:104.5,104.82 1 1
github.com/fastertools/ftl-cli/go/spindl/pkg/ftl/app.go:108.47,112.2 3 1
github.com/fastertools/ftl-cli/go/spindl/pkg/ftl/app.go:121.60,124.2 2 1
github.com/fastertools/ftl-cli/go/spindl/pkg/ftl/app.go:127.81,134.2 2 1
github.com/fastertools/ftl-cli/go/spindl/pkg/ftl/app.go:137.59,140.2 2 1
github.com/fastertools/ftl-cli/go/spindl/pkg/ftl/app.go:143.67,144.29 1 1
github.com/fastertools/ftl-cli/go/spindl/pkg/ftl/app.go:144.29,146.6 1 1
github.com/fastertools/ftl-cli/go/spindl/pkg/ftl/app.go:147.5,148.14 2 1
github.com/fastertools/ftl-cli/go/spindl/pkg/ftl/app.go:152.64,153.35 1 1
github.com/fastertools/ftl-cli/go/spindl/pkg/ftl/app.go:153.35,155.6 1 1
github.com/fastertools/ftl-cli/go/spindl/pkg/ftl/app.go:156.5,157.14 2 1
github.com/fastertools/ftl-cli/go/spindl/pkg/ftl/app.go:161.37,163.2 1 1
github.com/fastertools/ftl-cli/go/spindl/pkg/ftl/app.go:174.47,177.2 2 1
github.com/fastertools/ftl-cli/go/spindl/pkg/ftl/app.go:188.51,197.2 3 1
github.com/fastertools/ftl-cli/go/spindl/pkg/ftl/app.go:200.62,208.2 3 1
github.com/fastertools/ftl-cli/go/spindl/pkg/ftl/app.go:211.39,224.28 7 1
github.com/fastertools/ftl-cli/go/spindl/pkg/ftl/app.go:224.28,229.6 3 1
github.com/fastertools/ftl-cli/go/spindl/pkg/ftl/app.go:230.5,236.34 2 1
github.com/fastertools/ftl-cli/go/spindl/pkg/ftl/app.go:236.34,237.18 1 1
github.com/fastertools/ftl-cli/go/spindl/pkg/ftl/app.go:237.18,239.10 1 1
github.com/fastertools/ftl-cli/go/spindl/pkg/ftl/app.go:240.9,248.30 5 1
github.com/fastertools/ftl-cli/go/spindl/pkg/ftl/app.go:248.30,252.10 2 1
github.com/fastertools/ftl-cli/go/spindl/pkg/ftl/app.go:254.9,254.38 1 1
github.com/fastertools/ftl-cli/go/spindl/pkg/ftl/app.go:254.38,257.48 2 1
github.com/fastertools/ftl-cli/go/spindl/pkg/ftl/app.go:257.48,260.14 1 1
github.com/fastertools/ftl-cli/go/spindl/pkg/ftl/app.go:261.13,262.16 1 1
github.com/fastertools/ftl-cli/go/spindl/pkg/ftl/app.go:265.9,266.12 1 1
github.com/fastertools/ftl-cli/go/spindl/pkg/ftl/app.go:268.5,275.22 4 1
github.com/fastertools/ftl-cli/go/spindl/pkg/ftl/app.go:275.22,282.31 4 1
github.com/fastertools/ftl-cli/go/spindl/pkg/ftl/app.go:282.31,287.10 3 1
github.com/fastertools/ftl-cli/go/spindl/pkg/ftl/app.go:289.9,289.35 1 1
github.com/fastertools/ftl-cli/go/spindl/pkg/ftl/app.go:289.35,294.10 3 1
github.com/fastertools/ftl-cli/go/spindl/pkg/ftl/app.go:296.9,296.37 1 1
github.com/fastertools/ftl-cli/go/spindl/pkg/ftl/app.go:296.37,301.10 3 1
github.com/fastertools/ftl-cli/go/spindl/pkg/ftl/app.go:303.9,304.8 1 1
github.com/fastertools/ftl-cli/go/spindl/pkg/ftl/app.go:307.5,311.36 2 1
github.com/fastertools/ftl-cli/go/spindl/pkg/ftl/app.go:315.44,318.19 2 0
github.com/fastertools/ftl-cli/go/spindl/pkg/ftl/app.go:318.19,320.6 1 0
github.com/fastertools/ftl-cli/go/spindl/pkg/ftl/app.go:323.5,324.23 2 0
github.com/fastertools/ftl-cli/go/spindl/pkg/ftl/app.go:324.23,326.6 1 0
github.com/fastertools/ftl-cli/go/spindl/pkg/ftl/app.go:329.5,330.26 2 0
github.com/fastertools/ftl-cli/go/spindl/pkg/ftl/app.go:330.26,332.6 1 0
github.com/fastertools/ftl-cli/go/spindl/pkg/ftl/app.go:336.5,336.29 1 0
github.com/fastertools/ftl-cli/go/spindl/pkg/ftl/app.go:340.47,345.2 2 0
github.com/fastertools/ftl-cli/go/spindl/pkg/ftl/synthesizer.go:19.36,23.2 1 0
github.com/fastertools/ftl-cli/go/spindl/pkg/ftl/synthesizer.go:26.63,29.19 2 0
github.com/fastertools/ftl-cli/go/spindl/pkg/ftl/synthesizer.go:29.19,31.6 1 0
github.com/fastertools/ftl-cli/go/spindl/pkg/ftl/synthesizer.go:34.5,35.19 2 0
github.com/fastertools/ftl-cli/go/spindl/pkg/ftl/synthesizer.go:35.19,37.6 1 0
github.com/fastertools/ftl-cli/go/spindl/pkg/ftl/synthesizer.go:40.5,40.30 1 0
github.com/fastertools/ftl-cli/go/spindl/pkg/ftl/synthesizer.go:44.82,53.23 4 0
github.com/fastertools/ftl-cli/go/spindl/pkg/ftl/synthesizer.go:53.23,55.6 1 0
github.com/fastertools/ftl-cli/go/spindl/pkg/ftl/synthesizer.go:58.5,59.33 2 0
github.com/fastertools/ftl-cli/go/spindl/pkg/ftl/synthesizer.go:59.33,61.6 1 0
github.com/fastertools/ftl-cli/go/spindl/pkg/ftl/synthesizer.go:64.5,65.57 2 0
github.com/fastertools/ftl-cli/go/spindl/pkg/ftl/synthesizer.go:65.57,67.6 1 0
github.com/fastertools/ftl-cli/go/spindl/pkg/ftl/synthesizer.go:70.5,72.25 2 0
github.com/fastertools/ftl-cli/go/spindl/pkg/ftl/synthesizer.go:76.74,78.12 2 0
github.com/fastertools/ftl-cli/go/spindl/pkg/ftl/synthesizer.go:78.12,80.6 1 0
github.com/fastertools/ftl-cli/go/spindl/pkg/ftl/synthesizer.go:83.5,84.32 2 0
github.com/fastertools/ftl-cli/go/spindl/pkg/ftl/synthesizer.go:84.32,85.62 1 0
github.com/fastertools/ftl-cli/go/spindl/pkg/ftl/synthesizer.go:85.62,87.10 1 0
github.com/fastertools/ftl-cli/go/spindl/pkg/ftl/synthesizer.go:89.5,92.82 2 0
github.com/fastertools/ftl-cli/go/spindl/pkg/ftl/synthesizer.go:92.82,93.36 1 0
github.com/fastertools/ftl-cli/go/spindl/pkg/ftl/synthesizer.go:93.36,94.83 1 0
github.com/fastertools/ftl-cli/go/spindl/pkg/ftl/synthesizer.go:94.83,96.14 1 0
github.com/fastertools/ftl-cli/go/spindl/pkg/ftl/synthesizer.go:96.19,100.14 1 0
github.com/fastertools/ftl-cli/go/spindl/pkg/ftl/synthesizer.go:106.79,112.72 3 0
github.com/fastertools/ftl-cli/go/spindl/pkg/ftl/synthesizer.go:112.72,114.49 2 0
github.com/fastertools/ftl-cli/go/spindl/pkg/ftl/synthesizer.go:114.49,116.10 1 0
github.com/fastertools/ftl-cli/go/spindl/pkg/ftl/synthesizer.go:117.9,117.55 1 0
github.com/fastertools/ftl-cli/go/spindl/pkg/ftl/synthesizer.go:117.55,119.10 1 0
github.com/fastertools/ftl-cli/go/spindl/pkg/ftl/synthesizer.go:120.9,120.70 1 0
github.com/fastertools/ftl-cli/go/spindl/pkg/ftl/synthesizer.go:120.70,122.10 1 0
github.com/fastertools/ftl-cli/go/spindl/pkg/ftl/synthesizer.go:123.9,123.30 1 0
github.com/fastertools/ftl-cli/go/spindl/pkg/ftl/synthesizer.go:127.5,127.77 1 0
github.com/fastertools/ftl-cli/go/spindl/pkg/ftl/synthesizer.go:127.77,130.35 2 0
github.com/fastertools/ftl-cli/go/spindl/pkg/ftl/synthesizer.go:130.35,132.10 1 0
github.com/fastertools/ftl-cli/go/spindl/pkg/ftl/synthesizer.go:133.9,135.42 2 0
github.com/fastertools/ftl-cli/go/spindl/pkg/ftl/synthesizer.go:135.42,140.56 3 0
github.com/fastertools/ftl-cli/go/spindl/pkg/ftl/synthesizer.go:140.56,142.14 1 0
github.com/fastertools/ftl-cli/go/spindl/pkg/ftl/synthesizer.go:145.13,145.80 1 0
github.com/fastertools/ftl-cli/go/spindl/pkg/ftl/synthesizer.go:145.80,147.41 2 0
github.com/fastertools/ftl-cli/go/spindl/pkg/ftl/synthesizer.go:147.41,148.30 1 0
github.com/fastertools/ftl-cli/go/spindl/pkg/ftl/synthesizer.go:148.30,150.22 1 0
github.com/fastertools/ftl-cli/go/spindl/pkg/ftl/synthesizer.go:151.21,151.58 1 0
github.com/fastertools/ftl-cli/go/spindl/pkg/ftl/synthesizer.go:153.17,153.39 1 0
github.com/fastertools/ftl-cli/go/spindl/pkg/ftl/synthesizer.go:157.13,157.72 1 0
github.com/fastertools/ftl-cli/go/spindl/pkg/ftl/synthesizer.go:157.72,159.61 2 0
github.com/fastertools/ftl-cli/go/spindl/pkg/ftl/synthesizer.go:159.61,161.18 1 0
github.com/fastertools/ftl-cli/go/spindl/pkg/ftl/synthesizer.go:162.17,162.65 1 0
github.com/fastertools/ftl-cli/go/spindl/pkg/ftl/synthesizer.go:162.65,164.18 1 0
github.com/fastertools/ftl-cli/go/spindl/pkg/ftl/synthesizer.go:165.17,165.68 1 0
github.com/fastertools/ftl-cli/go/spindl/pkg/ftl/synthesizer.go:165.68,167.45 2 0
github.com/fastertools/ftl-cli/go/spindl/pkg/ftl/synthesizer.go:167.45,168.34 1 0
github.com/fastertools/ftl-cli/go/spindl/pkg/ftl/synthesizer.go:168.34,170.26 1 0
github.com/fastertools/ftl-cli/go/spindl/pkg/ftl/synthesizer.go:171.25,171.62 1 0
github.com/fastertools/ftl-cli/go/spindl/pkg/ftl/synthesizer.go:173.21,173.43 1 0
github.com/fastertools/ftl-cli/go/spindl/pkg/ftl/synthesizer.go:178.13,178.75 1 0
github.com/fastertools/ftl-cli/go/spindl/pkg/ftl/synthesizer.go:178.75,180.40 2 0
github.com/fastertools/ftl-cli/go/spindl/pkg/ftl/synthesizer.go:180.40,182.18 1 0
github.com/fastertools/ftl-cli/go/spindl/pkg/ftl/synthesizer.go:185.13,185.34 1 0
github.com/fastertools/ftl-cli/go/spindl/pkg/ftl/synthesizer.go:190.5,190.73 1 0
github.com/fastertools/ftl-cli/go/spindl/pkg/ftl/synthesizer.go:190.73,191.69 1 0
github.com/fastertools/ftl-cli/go/spindl/pkg/ftl/synthesizer.go:191.69,192.44 1 0
github.com/fastertools/ftl-cli/go/spindl/pkg/ftl/synthesizer.go:192.44,197.57 3 0
github.com/fastertools/ftl-cli/go/spindl/pkg/ftl/synthesizer.go:197.57,198.46 1 0
github.com/fastertools/ftl-cli/go/spindl/pkg/ftl/synthesizer.go:199.33,200.72 1 0
github.com/fastertools/ftl-cli/go/spindl/pkg/ftl/synthesizer.go:201.49,202.78 1 0
github.com/fastertools/ftl-cli/go/spindl/pkg/ftl/synthesizer.go:202.78,204.26 1 0
github.com/fastertools/ftl-cli/go/spindl/pkg/ftl/synthesizer.go:209.17,209.63 1 0
github.com/fastertools/ftl-cli/go/spindl/pkg/ftl/synthesizer.go:209.63,211.18 1 0
github.com/fastertools/ftl-cli/go/spindl/pkg/ftl/synthesizer.go:213.17,213.38 1 0
github.com/fastertools/ftl-cli/go/spindl/pkg/ftl/synthesizer.go:218.5,218.29 1 0
github.com/fastertools/ftl-cli/go/spindl/pkg/ftl/synthesizer.go:222.74,223.33 1 0
github.com/fastertools/ftl-cli/go/spindl/pkg/ftl/synthesizer.go:224.17,225.59 1 0
github.com/fastertools/ftl-cli/go/spindl/pkg/ftl/synthesizer.go:226.33,227.57 1 0
github.com/fastertools/ftl-cli/go/spindl/pkg/ftl/synthesizer.go:227.57,231.55 3 0
github.com/fastertools/ftl-cli/go/spindl/pkg/ftl/synthesizer.go:231.55,233.14 1 0
github.com/fastertools/ftl-cli/go/spindl/pkg/ftl/synthesizer.go:234.13,234.59 1 0
github.com/fastertools/ftl-cli/go/spindl/pkg/ftl/synthesizer.go:234.59,236.14 1 0
github.com/fastertools/ftl-cli/go/spindl/pkg/ftl/synthesizer.go:237.13,237.36 1 0
github.com/fastertools/ftl-cli/go/spindl/pkg/ftl/synthesizer.go:238.15,238.54 1 0
github.com/fastertools/ftl-cli/go/spindl/pkg/ftl/synthesizer.go:238.54,242.57 3 0
github.com/fastertools/ftl-cli/go/spindl/pkg/ftl/synthesizer.go:242.57,244.14 1 0
github.com/fastertools/ftl-cli/go/spindl/pkg/ftl/synthesizer.go:245.13,245.36 1 0
github.com/fastertools/ftl-cli/go/spindl/pkg/ftl/synthesizer.go:252.47,383.2 1 0
github.com/fastertools/ftl-cli/go/spindl/pkg/ftl/synthesizer_v2.go:16.40,18.2 1 1
github.com/fastertools/ftl-cli/go/spindl/pkg/ftl/synthesizer_v2.go:21.62,22.40 1 1
github.com/fastertools/ftl-cli/go/spindl/pkg/ftl/synthesizer_v2.go:22.40,24.3 1 1
github.com/fastertools/ftl-cli/go/spindl/pkg/ftl/synthesizer_v2.go:26.2,27.32 2 1
github.com/fastertools/ftl-cli/go/spindl/pkg/ftl/synthesizer_v2.go:31.50,33.2 1 1
github.com/fastertools/ftl-cli/go/spindl/pkg/ftl/synthesizer_v2.go:36.50,37.20 1 1
github.com/fastertools/ftl-cli/go/spindl/pkg/ftl/synthesizer_v2.go:37.20,39.3 1 1
github.com/fastertools/ftl-cli/go/spindl/pkg/ftl/synthesizer_v2.go:41.2,41.28 1 1
github.com/fastertools/ftl-cli/go/spindl/pkg/ftl/synthesizer_v2.go:41.28,43.3 1 1
github.com/fastertools/ftl-cli/go/spindl/pkg/ftl/synthesizer_v2.go:45.2,45.55 1 1
github.com/fastertools/ftl-cli/go/spindl/pkg/ftl/synthesizer_v2.go:45.55,47.3 1 1
github.com/fastertools/ftl-cli/go/spindl/pkg/ftl/synthesizer_v2.go:50.2,51.33 2 1
github.com/fastertools/ftl-cli/go/spindl/pkg/ftl/synthesizer_v2.go:51.33,52.20 1 1
github.com/fastertools/ftl-cli/go/spindl/pkg/ftl/synthesizer_v2.go:52.20,54.4 1 1
github.com/fastertools/ftl-cli/go/spindl/pkg/ftl/synthesizer_v2.go:55.3,55.28 1 1
github.com/fastertools/ftl-cli/go/spindl/pkg/ftl/synthesizer_v2.go:55.28,57.4 1 1
github.com/fastertools/ftl-cli/go/spindl/pkg/ftl/synthesizer_v2.go:58.3,58.23 1 1
github.com/fastertools/ftl-cli/go/spindl/pkg/ftl/synthesizer_v2.go:58.23,60.4 1 1
github.com/fastertools/ftl-cli/go/spindl/pkg/ftl/synthesizer_v2.go:61.3,63.25 2 1
github.com/fastertools/ftl-cli/go/spindl/pkg/ftl/synthesizer_v2.go:63.25,65.4 1 1
github.com/fastertools/ftl-cli/go/spindl/pkg/ftl/synthesizer_v2.go:69.2,69.21 1 1
github.com/fastertools/ftl-cli/go/spindl/pkg/ftl/synthesizer_v2.go:69.21,70.30 1 1
github.com/fastertools/ftl-cli/go/spindl/pkg/ftl/synthesizer_v2.go:70.30,72.4 1 1
github.com/fastertools/ftl-cli/go/spindl/pkg/ftl/synthesizer_v2.go:73.3,73.60 1 1
github.com/fastertools/ftl-cli/go/spindl/pkg/ftl/synthesizer_v2.go:73.60,75.4 1 1
github.com/fastertools/ftl-cli/go/spindl/pkg/ftl/synthesizer_v2.go:76.3,76.36 1 1
github.com/fastertools/ftl-cli/go/spindl/pkg/ftl/synthesizer_v2.go:76.36,77.62 1 1
github.com/fastertools/ftl-cli/go/spindl/pkg/ftl/synthesizer_v2.go:77.62,79.5 1 1
github.com/fastertools/ftl-cli/go/spindl/pkg/ftl/synthesizer_v2.go:83.2,83.12 1 1
github.com/fastertools/ftl-cli/go/spindl/pkg/ftl/synthesizer_v2.go:87.72,96.2 2 1
github.com/fastertools/ftl-cli/go/spindl/pkg/ftl/synthesizer_v2.go:99.75,105.23 2 1
github.com/fastertools/ftl-cli/go/spindl/pkg/ftl/synthesizer_v2.go:105.23,107.3 1 1
github.com/fastertools/ftl-cli/go/spindl/pkg/ftl/synthesizer_v2.go:109.2,109.27 1 1
github.com/fastertools/ftl-cli/go/spindl/pkg/ftl/synthesizer_v2.go:109.27,111.3 1 1
github.com/fastertools/ftl-cli/go/spindl/pkg/ftl/synthesizer_v2.go:113.2,113.16 1 1
github.com/fastertools/ftl-cli/go/spindl/pkg/ftl/synthesizer_v2.go:117.74,121.33 2 1
github.com/fastertools/ftl-cli/go/spindl/pkg/ftl/synthesizer_v2.go:121.33,125.36 2 1
github.com/fastertools/ftl-cli/go/spindl/pkg/ftl/synthesizer_v2.go:126.20,127.32 1 1
github.com/fastertools/ftl-cli/go/spindl/pkg/ftl/synthesizer_v2.go:128.23,133.5 1 1
github.com/fastertools/ftl-cli/go/spindl/pkg/ftl/synthesizer_v2.go:137.3,137.24 1 1
github.com/fastertools/ftl-cli/go/spindl/pkg/ftl/synthesizer_v2.go:137.24,140.32 3 1
github.com/fastertools/ftl-cli/go/spindl/pkg/ftl/synthesizer_v2.go:140.32,142.5 1 1
github.com/fastertools/ftl-cli/go/spindl/pkg/ftl/synthesizer_v2.go:143.4,143.33 1 1
github.com/fastertools/ftl-cli/go/spindl/pkg/ftl/synthesizer_v2.go:143.33,145.5 1 1
github.com/fastertools/ftl-cli/go/spindl/pkg/ftl/synthesizer_v2.go:146.4,146.25 1 1
github.com/fastertools/ftl-cli/go/spindl/pkg/ftl/synthesizer_v2.go:150.3,150.32 1 1
github.com/fastertools/ftl-cli/go/spindl/pkg/ftl/synthesizer_v2.go:150.32,152.4 1 1
github.com/fastertools/ftl-cli/go/spindl/pkg/ftl/synthesizer_v2.go:154.3,154.29 1 1
github.com/fastertools/ftl-cli/go/spindl/pkg/ftl/synthesizer_v2.go:158.2,161.32 2 1
github.com/fastertools/ftl-cli/go/spindl/pkg/ftl/synthesizer_v2.go:161.32,163.3 1 1
github.com/fastertools/ftl-cli/go/spindl/pkg/ftl/synthesizer_v2.go:165.2,165.19 1 1
github.com/fastertools/ftl-cli/go/spindl/pkg/ftl/synthesizer_v2.go:169.80,180.24 2 1
github.com/fastertools/ftl-cli/go/spindl/pkg/ftl/synthesizer_v2.go:180.24,182.34 2 1
github.com/fastertools/ftl-cli/go/spindl/pkg/ftl/synthesizer_v2.go:182.34,184.4 1 1
github.com/fastertools/ftl-cli/go/spindl/pkg/ftl/synthesizer_v2.go:185.3,189.4 2 1
github.com/fastertools/ftl-cli/go/spindl/pkg/ftl/synthesizer_v2.go:192.2,192.16 1 1
github.com/fastertools/ftl-cli/go/spindl/pkg/ftl/synthesizer_v2.go:196.83,212.21 2 1
github.com/fastertools/ftl-cli/go/spindl/pkg/ftl/synthesizer_v2.go:212.21,215.31 2 1
github.com/fastertools/ftl-cli/go/spindl/pkg/ftl/synthesizer_v2.go:215.31,217.4 1 1
github.com/fastertools/ftl-cli/go/spindl/pkg/ftl/synthesizer_v2.go:218.3,218.33 1 1
github.com/fastertools/ftl-cli/go/spindl/pkg/ftl/synthesizer_v2.go:218.33,220.4 1 1
github.com/fastertools/ftl-cli/go/spindl/pkg/ftl/synthesizer_v2.go:221.3,223.33 2 1
github.com/fastertools/ftl-cli/go/spindl/pkg/ftl/synthesizer_v2.go:226.2,226.19 1 1
github.com/fastertools/ftl-cli/go/spindl/pkg/ftl/synthesizer_v2.go:230.72,233.32 2 1
github.com/fastertools/ftl-cli/go/spindl/pkg/ftl/synthesizer_v2.go:233.32,239.3 1 1
github.com/fastertools/ftl-cli/go/spindl/pkg/ftl/synthesizer_v2.go:239.8,251.3 2 1
github.com/fastertools/ftl-cli/go/spindl/pkg/ftl/synthesizer_v2.go:254.2,254.33 1 1
github.com/fastertools/ftl-cli/go/spindl/pkg/ftl/synthesizer_v2.go:254.33,259.3 1 1
github.com/fastertools/ftl-cli/go/spindl/pkg/ftl/synthesizer_v2.go:261.2,263.3 1 1
github.com/fastertools/ftl-cli/go/spindl/pkg/ftl/synthesizer_v2.go:267.72,274.69 3 1
github.com/fastertools/ftl-cli/go/spindl/pkg/ftl/synthesizer_v2.go:274.69,278.41 4 1
github.com/fastertools/ftl-cli/go/spindl/pkg/ftl/synthesizer_v2.go:278.41,280.4 1 1
github.com/fastertools/ftl-cli/go/spindl/pkg/ftl/synthesizer_v2.go:281.3,281.24 1 1
github.com/fastertools/ftl-cli/go/spindl/pkg/ftl/synthesizer_v2.go:285.2,285.74 1 1
github.com/fastertools/ftl-cli/go/spindl/pkg/ftl/synthesizer_v2.go:285.74,288.29 2 1
github.com/fastertools/ftl-cli/go/spindl/pkg/ftl/synthesizer_v2.go:288.29,290.4 1 1
github.com/fastertools/ftl-cli/go/spindl/pkg/ftl/synthesizer_v2.go:291.3,293.27 2 1
github.com/fastertools/ftl-cli/go/spindl/pkg/ftl/synthesizer_v2.go:293.27,298.47 3 1
github.com/fastertools/ftl-cli/go/spindl/pkg/ftl/synthesizer_v2.go:298.47,300.5 1 1
github.com/fastertools/ftl-cli/go/spindl/pkg/ftl/synthesizer_v2.go:303.4,303.66 1 1
github.com/fastertools/ftl-cli/go/spindl/pkg/ftl/synthesizer_v2.go:303.66,305.5 1 1
github.com/fastertools/ftl-cli/go/spindl/pkg/ftl/synthesizer_v2.go:308.4,308.61 1 1
github.com/fastertools/ftl-cli/go/spindl/pkg/ftl/synthesizer_v2.go:308.61,310.5 1 1
github.com/fastertools/ftl-cli/go/spindl/pkg/ftl/synthesizer_v2.go:313.4,313.63 1 1
github.com/fastertools/ftl-cli/go/spindl/pkg/ftl/synthesizer_v2.go:313.63,316.44 3 1
github.com/fastertools/ftl-cli/go/spindl/pkg/ftl/synthesizer_v2.go:316.44,318.6 1 1
github.com/fastertools/ftl-cli/go/spindl/pkg/ftl/synthesizer_v2.go:319.5,319.51 1 1
github.com/fastertools/ftl-cli/go/spindl/pkg/ftl/synthesizer_v2.go:319.51,321.6 1 1
github.com/fastertools/ftl-cli/go/spindl/pkg/ftl/synthesizer_v2.go:325.4,325.62 1 1
github.com/fastertools/ftl-cli/go/spindl/pkg/ftl/synthesizer_v2.go:325.62,329.24 3 1
github.com/fastertools/ftl-cli/go/spindl/pkg/ftl/synthesizer_v2.go:329.24,331.6 1 1
github.com/fastertools/ftl-cli/go/spindl/pkg/ftl/synthesizer_v2.go:332.5,333.31 2 1
github.com/fastertools/ftl-cli/go/spindl/pkg/ftl/synthesizer_v2.go:333.31,335.6 1 1
github.com/fastertools/ftl-cli/go/spindl/pkg/ftl/synthesizer_v2.go:339.4,339.66 1 1
github.com/fastertools/ftl-cli/go/spindl/pkg/ftl/synthesizer_v2.go:339.66,343.25 3 1
github.com/fastertools/ftl-cli/go/spindl/pkg/ftl/synthesizer_v2.go:343.25,345.6 1 1
github.com/fastertools/ftl-cli/go/spindl/pkg/ftl/synthesizer_v2.go:346.5,347.31 2 1
github.com/fastertools/ftl-cli/go/spindl/pkg/ftl/synthesizer_v2.go:347.31,349.6 1 1
github.com/fastertools/ftl-cli/go/spindl/pkg/ftl/synthesizer_v2.go:352.4,352.25 1 1
github.com/fastertools/ftl-cli/go/spindl/pkg/ftl/synthesizer_v2.go:357.2,357.70 1 1
github.com/fastertools/ftl-cli/go/spindl/pkg/ftl/synthesizer_v2.go:357.70,358.74 1 1
github.com/fastertools/ftl-cli/go/spindl/pkg/ftl/synthesizer_v2.go:358.74,359.41 1 1
github.com/fastertools/ftl-cli/go/spindl/pkg/ftl/synthesizer_v2.go:359.41,363.48 2 1
github.com/fastertools/ftl-cli/go/spindl/pkg/ftl/synthesizer_v2.go:363.48,364.31 1 1
github.com/fastertools/ftl-cli/go/spindl/pkg/ftl/synthesizer_v2.go:365.18,366.54 1 1
github.com/fastertools/ftl-cli/go/spindl/pkg/ftl/synthesizer_v2.go:367.34,368.60 1 1
github.com/fastertools/ftl-cli/go/spindl/pkg/ftl/synthesizer_v2.go:368.60,370.8 1 1
github.com/fastertools/ftl-cli/go/spindl/pkg/ftl/synthesizer_v2.go:375.5,376.26 2 1
github.com/fastertools/ftl-cli/go/spindl/pkg/ftl/synthesizer_v2.go:381.2,381.21 1 1
github.com/fastertools/ftl-cli/go/spindl/pkg/ftl/synthesizer_v2.go:385.75,387.2 1 1
github.com/fastertools/ftl-cli/go/spindl/pkg/ftl/synthesizer_v2.go:390.79,391.22 1 1
github.com/fastertools/ftl-cli/go/spindl/pkg/ftl/synthesizer_v2.go:391.22,393.3 1 1
github.com/fastertools/ftl-cli/go/spindl/pkg/ftl/synthesizer_v2.go:395.2,396.27 2 1
github.com/fastertools/ftl-cli/go/spindl/pkg/ftl/synthesizer_v2.go:396.27,398.3 1 1
github.com/fastertools/ftl-cli/go/spindl/pkg/ftl/synthesizer_v2.go:399.2,399.68 1 1
github.com/fastertools/ftl-cli/go/spindl/pkg/ftl/synthesizer_v2.go:403.65,404.30 1 1
github.com/fastertools/ftl-cli/go/spindl/pkg/ftl/synthesizer_v2.go:405.14,406.43 1 1
github.com/fastertools/ftl-cli/go/spindl/pkg/ftl/synthesizer_v2.go:407.30,409.51 1 1
github.com/fastertools/ftl-cli/go/spindl/pkg/ftl/synthesizer_v2.go:409.51,412.4 1 1
github.com/fastertools/ftl-cli/go/spindl/pkg/ftl/synthesizer_v2.go:414.2,414.11 1 1
github.com/fastertools/ftl-cli/go/spindl/pkg/ftl/synthesizer_v2.go:419.36,420.16 1 1
github.com/fastertools/ftl-cli/go/spindl/pkg/ftl/synthesizer_v2.go:420.16,422.3 1 0
github.com/fastertools/ftl-cli/go/spindl/pkg/ftl/synthesizer_v2.go:424.2,424.26 1 1
github.com/fastertools/ftl-cli/go/spindl/pkg/ftl/synthesizer_v2.go:424.26,425.105 1 1
github.com/fastertools/ftl-cli/go/spindl/pkg/ftl/synthesizer_v2.go:425.105,427.4 1 1
github.com/fastertools/ftl-cli/go/spindl/pkg/ftl/synthesizer_v2.go:429.2,429.13 1 1
github.com/fastertools/ftl-cli/go/spindl/pkg/ftl/synthesizer_v2.go:432.42,435.21 2 1
github.com/fastertools/ftl-cli/go/spindl/pkg/ftl/synthesizer_v2.go:435.21,437.3 1 1
github.com/fastertools/ftl-cli/go/spindl/pkg/ftl/synthesizer_v2.go:438.2,438.29 1 1
github.com/fastertools/ftl-cli/go/spindl/pkg/ftl/synthesizer_v2.go:438.29,439.17 1 1
github.com/fastertools/ftl-cli/go/spindl/pkg/ftl/synthesizer_v2.go:439.17,441.4 1 1
github.com/fastertools/ftl-cli/go/spindl/pkg/ftl/synthesizer_v2.go:442.3,442.27 1 1
github.com/fastertools/ftl-cli/go/spindl/pkg/ftl/synthesizer_v2.go:442.27,443.28 1 1
github.com/fastertools/ftl-cli/go/spindl/pkg/ftl/synthesizer_v2.go:443.28,445.5 1 1
github.com/fastertools/ftl-cli/go/spindl/pkg/ftl/synthesizer_v2.go:448.2,448.13 1 1
github.com/fastertools/ftl-cli/go/spindl/internal/synth/config_synth.go:22.78,33.39 2 1
github.com/fastertools/ftl-cli/go/spindl/internal/synth/config_synth.go:33.39,35.3 1 0
github.com/fastertools/ftl-cli/go/spindl/internal/synth/config_synth.go:36.2,36.38 1 1
github.com/fastertools/ftl-cli/go/spindl/internal/synth/config_synth.go:36.38,38.3 1 0
github.com/fastertools/ftl-cli/go/spindl/internal/synth/config_synth.go:41.2,44.38 2 1
github.com/fastertools/ftl-cli/go/spindl/internal/synth/config_synth.go:44.38,55.36 2 0
github.com/fastertools/ftl-cli/go/spindl/internal/synth/config_synth.go:56.15,57.28 1 0
github.com/fastertools/ftl-cli/go/spindl/internal/synth/config_synth.go:58.36,61.26 2 0
github.com/fastertools/ftl-cli/go/spindl/internal/synth/config_synth.go:61.26,62.34 1 0
github.com/fastertools/ftl-cli/go/spindl/internal/synth/config_synth.go:62.34,64.6 1 0
github.com/fastertools/ftl-cli/go/spindl/internal/synth/config_synth.go:66.4,66.34 1 0
github.com/fastertools/ftl-cli/go/spindl/internal/synth/config_synth.go:67.31,68.28 1 0
github.com/fastertools/ftl-cli/go/spindl/internal/synth/config_synth.go:71.3,71.29 1 0
github.com/fastertools/ftl-cli/go/spindl/internal/synth/config_synth.go:71.29,73.4 1 0
github.com/fastertools/ftl-cli/go/spindl/internal/synth/config_synth.go:76.3,76.24 1 0
github.com/fastertools/ftl-cli/go/spindl/internal/synth/config_synth.go:76.24,78.32 2 0
github.com/fastertools/ftl-cli/go/spindl/internal/synth/config_synth.go:78.32,80.5 1 0
github.com/fastertools/ftl-cli/go/spindl/internal/synth/config_synth.go:81.4,81.32 1 0
github.com/fastertools/ftl-cli/go/spindl/internal/synth/config_synth.go:81.32,83.5 1 0
github.com/fastertools/ftl-cli/go/spindl/internal/synth/config_synth.go:84.4,84.33 1 0
github.com/fastertools/ftl-cli/go/spindl/internal/synth/config_synth.go:84.33,86.5 1 0
github.com/fastertools/ftl-cli/go/spindl/internal/synth/config_synth.go:87.4,87.22 1 0
github.com/fastertools/ftl-cli/go/spindl/internal/synth/config_synth.go:87.22,89.5 1 0
github.com/fastertools/ftl-cli/go/spindl/internal/synth/config_synth.go:93.3,93.32 1 0
github.com/fastertools/ftl-cli/go/spindl/internal/synth/config_synth.go:93.32,95.4 1 0
github.com/fastertools/ftl-cli/go/spindl/internal/synth/config_synth.go:98.3,98.26 1 0
github.com/fastertools/ftl-cli/go/spindl/internal/synth/config_synth.go:98.26,100.33 2 0
github.com/fastertools/ftl-cli/go/spindl/internal/synth/config_synth.go:100.33,105.5 1 0
github.com/fastertools/ftl-cli/go/spindl/internal/synth/config_synth.go:106.4,106.29 1 0
github.com/fastertools/ftl-cli/go/spindl/internal/synth/config_synth.go:110.3,110.41 1 0
github.com/fastertools/ftl-cli/go/spindl/internal/synth/config_synth.go:110.41,112.4 1 0
github.com/fastertools/ftl-cli/go/spindl/internal/synth/config_synth.go:113.3,113.37 1 0
github.com/fastertools/ftl-cli/go/spindl/internal/synth/config_synth.go:113.37,115.4 1 0
github.com/fastertools/ftl-cli/go/spindl/internal/synth/config_synth.go:118.3,118.35 1 0
github.com/fastertools/ftl-cli/go/spindl/internal/synth/config_synth.go:118.35,120.4 1 0
github.com/fastertools/ftl-cli/go/spindl/internal/synth/config_synth.go:123.3,123.36 1 0
github.com/fastertools/ftl-cli/go/spindl/internal/synth/config_synth.go:123.36,125.4 1 0
github.com/fastertools/ftl-cli/go/spindl/internal/synth/config_synth.go:128.3,128.29 1 0
github.com/fastertools/ftl-cli/go/spindl/internal/synth/config_synth.go:128.29,130.4 1 0
github.com/fastertools/ftl-cli/go/spindl/internal/synth/config_synth.go:135.3,135.33 1 0
github.com/fastertools/ftl-cli/go/spindl/internal/synth/config_synth.go:139.2,139.28 1 1
github.com/fastertools/ftl-cli/go/spindl/internal/synth/config_synth.go:139.28,141.35 2 0
github.com/fastertools/ftl-cli/go/spindl/internal/synth/config_synth.go:141.35,146.4 1 0
github.com/fastertools/ftl-cli/go/spindl/internal/synth/config_synth.go:147.3,147.36 1 0
github.com/fastertools/ftl-cli/go/spindl/internal/synth/config_synth.go:151.2,156.49 4 1
github.com/fastertools/ftl-cli/go/spindl/internal/synth/config_synth.go:156.49,158.3 1 0
github.com/fastertools/ftl-cli/go/spindl/internal/synth/config_synth.go:161.2,161.40 1 1
github.com/fastertools/ftl-cli/go/spindl/internal/synth/config_synth.go:161.40,165.51 2 0
github.com/fastertools/ftl-cli/go/spindl/internal/synth/config_synth.go:165.51,166.32 1 0
github.com/fastertools/ftl-cli/go/spindl/internal/synth/config_synth.go:167.16,169.55 1 0
github.com/fastertools/ftl-cli/go/spindl/internal/synth/config_synth.go:170.32,172.44 1 0
github.com/fastertools/ftl-cli/go/spindl/internal/synth/config_synth.go:172.44,176.39 3 0
github.com/fastertools/ftl-cli/go/spindl/internal/synth/config_synth.go:176.39,178.7 1 0
github.com/fastertools/ftl-cli/go/spindl/internal/synth/config_synth.go:179.6,179.43 1 0
github.com/fastertools/ftl-cli/go/spindl/internal/synth/config_synth.go:179.43,181.7 1 0
github.com/fastertools/ftl-cli/go/spindl/internal/synth/config_synth.go:182.6,182.29 1 0
github.com/fastertools/ftl-cli/go/spindl/internal/synth/config_synth.go:183.11,183.41 1 0
github.com/fastertools/ftl-cli/go/spindl/internal/synth/config_synth.go:183.41,187.41 3 0
github.com/fastertools/ftl-cli/go/spindl/internal/synth/config_synth.go:187.41,189.7 1 0
github.com/fastertools/ftl-cli/go/spindl/internal/synth/config_synth.go:190.6,190.29 1 0
github.com/fastertools/ftl-cli/go/spindl/internal/synth/config_synth.go:194.3,194.56 1 0
github.com/fastertools/ftl-cli/go/spindl/internal/synth/config_synth.go:194.56,196.4 1 0
github.com/fastertools/ftl-cli/go/spindl/internal/synth/config_synth.go:198.3,198.82 1 0
github.com/fastertools/ftl-cli/go/spindl/internal/synth/config_synth.go:198.82,200.26 2 0
github.com/fastertools/ftl-cli/go/spindl/internal/synth/config_synth.go:200.26,202.5 1 0
github.com/fastertools/ftl-cli/go/spindl/internal/synth/config_synth.go:204.3,204.88 1 0
github.com/fastertools/ftl-cli/go/spindl/internal/synth/config_synth.go:204.88,206.31 2 0
github.com/fastertools/ftl-cli/go/spindl/internal/synth/config_synth.go:206.31,207.14 1 0
github.com/fastertools/ftl-cli/go/spindl/internal/synth/config_synth.go:207.14,209.6 1 0
github.com/fastertools/ftl-cli/go/spindl/internal/synth/config_synth.go:210.5,210.45 1 0
github.com/fastertools/ftl-cli/go/spindl/internal/synth/config_synth.go:212.4,212.26 1 0
github.com/fastertools/ftl-cli/go/spindl/internal/synth/config_synth.go:215.3,215.67 1 0
github.com/fastertools/ftl-cli/go/spindl/internal/synth/config_synth.go:215.67,216.48 1 0
github.com/fastertools/ftl-cli/go/spindl/internal/synth/config_synth.go:216.48,219.53 3 0
github.com/fastertools/ftl-cli/go/spindl/internal/synth/config_synth.go:219.53,221.6 1 0
github.com/fastertools/ftl-cli/go/spindl/internal/synth/config_synth.go:227.2,228.91 2 1
github.com/fastertools/ftl-cli/go/spindl/internal/synth/config_synth.go:228.91,230.3 1 0
github.com/fastertools/ftl-cli/go/spindl/internal/synth/config_synth.go:233.2,234.38 2 1
github.com/fastertools/ftl-cli/go/spindl/internal/synth/config_synth.go:234.38,236.3 1 0
github.com/fastertools/ftl-cli/go/spindl/internal/synth/config_synth.go:239.2,247.49 6 1
github.com/fastertools/ftl-cli/go/spindl/internal/synth/config_synth.go:247.49,254.50 5 0
github.com/fastertools/ftl-cli/go/spindl/internal/synth/config_synth.go:254.50,256.42 2 0
github.com/fastertools/ftl-cli/go/spindl/internal/synth/config_synth.go:256.42,258.5 1 0
github.com/fastertools/ftl-cli/go/spindl/internal/synth/config_synth.go:259.4,259.44 1 0
github.com/fastertools/ftl-cli/go/spindl/internal/synth/config_synth.go:259.44,261.5 1 0
github.com/fastertools/ftl-cli/go/spindl/internal/synth/config_synth.go:262.4,262.83 1 0
github.com/fastertools/ftl-cli/go/spindl/internal/synth/config_synth.go:268.2,271.36 3 1
github.com/fastertools/ftl-cli/go/spindl/internal/synth/config_synth.go:271.36,272.20 1 0
github.com/fastertools/ftl-cli/go/spindl/internal/synth/config_synth.go:273.31,274.45 1 0
github.com/fastertools/ftl-cli/go/spindl/internal/synth/config_synth.go:275.32,276.47 1 0
github.com/fastertools/ftl-cli/go/spindl/internal/synth/config_synth.go:281.2,281.49 1 1
github.com/fastertools/ftl-cli/go/spindl/internal/synth/config_synth.go:281.49,286.3 3 1
github.com/fastertools/ftl-cli/go/spindl/internal/synth/config_synth.go:286.8,296.3 6 0
github.com/fastertools/ftl-cli/go/spindl/internal/synth/config_synth.go:299.2,299.36 1 1
github.com/fastertools/ftl-cli/go/spindl/internal/synth/config_synth.go:299.36,303.30 2 0
github.com/fastertools/ftl-cli/go/spindl/internal/synth/config_synth.go:303.30,306.4 1 0
github.com/fastertools/ftl-cli/go/spindl/internal/synth/config_synth.go:306.9,306.30 1 0
github.com/fastertools/ftl-cli/go/spindl/internal/synth/config_synth.go:306.30,308.4 1 0
github.com/fastertools/ftl-cli/go/spindl/internal/synth/config_synth.go:310.3,310.67 1 0
github.com/fastertools/ftl-cli/go/spindl/internal/synth/config_synth.go:314.2,314.28 1 1
github.com/fastertools/ftl-cli/go/spindl/internal/synth/config_synth.go:314.28,315.38 1 0
github.com/fastertools/ftl-cli/go/spindl/internal/synth/config_synth.go:315.38,318.26 3 0
github.com/fastertools/ftl-cli/go/spindl/internal/synth/config_synth.go:318.26,320.5 1 0
github.com/fastertools/ftl-cli/go/spindl/internal/synth/config_synth.go:321.4,321.66 1 0
github.com/fastertools/ftl-cli/go/spindl/internal/synth/config_synth.go:325.2,325.26 1 1
github.com/fastertools/ftl-cli/go/spindl/internal/synth/config_synth.go:329.80,331.16 2 0
github.com/fastertools/ftl-cli/go/spindl/internal/synth/config_synth.go:331.16,333.3 1 0
github.com/fastertools/ftl-cli/go/spindl/internal/synth/config_synth.go:335.2,336.49 2 0
github.com/fastertools/ftl-cli/go/spindl/internal/synth/config_synth.go:336.49,338.3 1 0
github.com/fastertools/ftl-cli/go/spindl/internal/synth/config_synth.go:340.2,340.26 1 0
github.com/fastertools/ftl-cli/go/spindl/internal/synth/config_synth.go:344.58,347.55 2 1
github.com/fastertools/ftl-cli/go/spindl/internal/synth/config_synth.go:347.55,349.3 1 1
github.com/fastertools/ftl-cli/go/spindl/internal/synth/config_synth.go:352.2,356.16 3 1
github.com/fastertools/ftl-cli/go/spindl/internal/synth/config_synth.go:356.16,358.3 1 0
github.com/fastertools/ftl-cli/go/spindl/internal/synth/config_synth.go:360.2,360.29 1 1
github.com/fastertools/ftl-cli/go/spindl/internal/synth/engine.go:21.26,25.2 1 1
github.com/fastertools/ftl-cli/go/spindl/internal/synth/engine.go:28.85,33.41 1 1
github.com/fastertools/ftl-cli/go/spindl/internal/synth/engine.go:33.41,35.3 1 0
github.com/fastertools/ftl-cli/go/spindl/internal/synth/engine.go:37.2,38.57 2 1
github.com/fastertools/ftl-cli/go/spindl/internal/synth/engine.go:38.57,40.3 1 0
github.com/fastertools/ftl-cli/go/spindl/internal/synth/engine.go:43.2,44.16 2 1
github.com/fastertools/ftl-cli/go/spindl/internal/synth/engine.go:44.16,46.3 1 1
github.com/fastertools/ftl-cli/go/spindl/internal/synth/engine.go:48.2,48.22 1 1
github.com/fastertools/ftl-cli/go/spindl/internal/synth/engine.go:52.73,55.16 2 1
github.com/fastertools/ftl-cli/go/spindl/internal/synth/engine.go:55.16,57.3 1 0
github.com/fastertools/ftl-cli/go/spindl/internal/synth/engine.go:60.2,61.16 2 1
github.com/fastertools/ftl-cli/go/spindl/internal/synth/engine.go:61.16,63.3 1 1
github.com/fastertools/ftl-cli/go/spindl/internal/synth/engine.go:66.2,67.43 2 0
github.com/fastertools/ftl-cli/go/spindl/internal/synth/engine.go:67.43,69.3 1 0
github.com/fastertools/ftl-cli/go/spindl/internal/synth/engine.go:71.2,71.12 1 0
github.com/fastertools/ftl-cli/go/spindl/internal/synth/engine.go:75.76,76.33 1 1
github.com/fastertools/ftl-cli/go/spindl/internal/synth/engine.go:77.21,79.17 2 1
github.com/fastertools/ftl-cli/go/spindl/internal/synth/engine.go:79.17,81.4 1 0
github.com/fastertools/ftl-cli/go/spindl/internal/synth/engine.go:82.3,82.36 1 1
github.com/fastertools/ftl-cli/go/spindl/internal/synth/engine.go:83.14,84.39 1 0
github.com/fastertools/ftl-cli/go/spindl/internal/synth/engine.go:85.10,87.17 2 0
github.com/fastertools/ftl-cli/go/spindl/internal/synth/engine.go:87.17,89.4 1 0
github.com/fastertools/ftl-cli/go/spindl/internal/synth/engine.go:90.3,90.36 1 0
github.com/fastertools/ftl-cli/go/spindl/internal/synth/engine.go:95.60,122.36 3 0
github.com/fastertools/ftl-cli/go/spindl/internal/synth/engine.go:122.36,124.3 1 0
github.com/fastertools/ftl-cli/go/spindl/internal/synth/engine.go:126.2,126.19 1 0
github.com/fastertools/ftl-cli/go/spindl/internal/synth/engine.go:130.61,151.36 3 1
github.com/fastertools/ftl-cli/go/spindl/internal/synth/engine.go:151.36,153.3 1 1
github.com/fastertools/ftl-cli/go/spindl/internal/synth/engine.go:155.2,155.19 1 0
github.com/fastertools/ftl-cli/go/spindl/internal/synth/engine.go:159.71,165.29 4 1
github.com/fastertools/ftl-cli/go/spindl/internal/synth/engine.go:165.29,169.45 2 1
github.com/fastertools/ftl-cli/go/spindl/internal/synth/engine.go:169.45,170.12 1 1
github.com/fastertools/ftl-cli/go/spindl/internal/synth/engine.go:174.3,174.45 1 1
github.com/fastertools/ftl-cli/go/spindl/internal/synth/engine.go:174.45,176.12 2 1
github.com/fastertools/ftl-cli/go/spindl/internal/synth/engine.go:178.3,178.33 1 1
github.com/fastertools/ftl-cli/go/spindl/internal/synth/engine.go:178.33,180.12 2 1
github.com/fastertools/ftl-cli/go/spindl/internal/synth/engine.go:182.3,182.15 1 1
github.com/fastertools/ftl-cli/go/spindl/internal/synth/engine.go:182.15,183.12 1 1
github.com/fastertools/ftl-cli/go/spindl/internal/synth/engine.go:187.3,187.79 1 1
github.com/fastertools/ftl-cli/go/spindl/internal/synth/engine.go:187.79,188.12 1 1
github.com/fastertools/ftl-cli/go/spindl/internal/synth/engine.go:191.3,191.46 1 1
github.com/fastertools/ftl-cli/go/spindl/internal/synth/engine.go:194.2,194.42 1 1
github.com/fastertools/ftl-cli/go/spindl/internal/synth/engine.go:198.77,201.16 2 0
github.com/fastertools/ftl-cli/go/spindl/internal/synth/engine.go:201.16,203.3 1 0
github.com/fastertools/ftl-cli/go/spindl/internal/synth/engine.go:207.2,207.38 1 0
github.com/fastertools/ftl-cli/go/spindl/internal/synth/engine.go:211.69,213.56 2 0
github.com/fastertools/ftl-cli/go/spindl/internal/synth/engine.go:213.56,215.3 1 0
github.com/fastertools/ftl-cli/go/spindl/internal/synth/engine.go:217.2,220.65 2 0
github.com/fastertools/ftl-cli/go/spindl/internal/synth/engine.go:220.65,222.25 2 0
github.com/fastertools/ftl-cli/go/spindl/internal/synth/engine.go:222.25,224.4 1 0
github.com/fastertools/ftl-cli/go/spindl/internal/synth/engine.go:225.3,225.27 1 0
github.com/fastertools/ftl-cli/go/spindl/internal/synth/engine.go:229.2,229.64 1 0
github.com/fastertools/ftl-cli/go/spindl/internal/synth/engine.go:229.64,230.35 1 0
github.com/fastertools/ftl-cli/go/spindl/internal/synth/engine.go:230.35,233.58 3 0
github.com/fastertools/ftl-cli/go/spindl/internal/synth/engine.go:233.58,234.30 1 0
github.com/fastertools/ftl-cli/go/spindl/internal/synth/engine.go:234.30,236.6 1 0
github.com/fastertools/ftl-cli/go/spindl/internal/synth/engine.go:238.4,238.28 1 0
github.com/fastertools/ftl-cli/go/spindl/internal/synth/engine.go:243.2,243.70 1 0
github.com/fastertools/ftl-cli/go/spindl/internal/synth/engine.go:243.70,244.42 1 0
github.com/fastertools/ftl-cli/go/spindl/internal/synth/engine.go:244.42,247.60 3 0
github.com/fastertools/ftl-cli/go/spindl/internal/synth/engine.go:247.60,248.31 1 0
github.com/fastertools/ftl-cli/go/spindl/internal/synth/engine.go:248.31,249.15 1 0
github.com/fastertools/ftl-cli/go/spindl/internal/synth/engine.go:250.38,251.55 1 0
github.com/fastertools/ftl-cli/go/spindl/internal/synth/engine.go:251.55,252.39 1 0
github.com/fastertools/ftl-cli/go/spindl/internal/synth/engine.go:252.39,255.9 2 0
github.com/fastertools/ftl-cli/go/spindl/internal/synth/engine.go:257.36,258.45 1 0
github.com/fastertools/ftl-cli/go/spindl/internal/synth/engine.go:258.45,260.35 2 0
github.com/fastertools/ftl-cli/go/spindl/internal/synth/engine.go:260.35,261.18 1 0
github.com/fastertools/ftl-cli/go/spindl/internal/synth/engine.go:261.18,263.10 1 0
github.com/fastertools/ftl-cli/go/spindl/internal/synth/engine.go:264.9,264.52 1 0
github.com/fastertools/ftl-cli/go/spindl/internal/synth/engine.go:266.8,266.33 1 0
github.com/fastertools/ftl-cli/go/spindl/internal/synth/engine.go:268.14,269.57 1 0
github.com/fastertools/ftl-cli/go/spindl/internal/synth/engine.go:273.4,273.28 1 0
github.com/fastertools/ftl-cli/go/spindl/internal/synth/engine.go:278.2,278.66 1 0
github.com/fastertools/ftl-cli/go/spindl/internal/synth/engine.go:278.66,279.63 1 0
github.com/fastertools/ftl-cli/go/spindl/internal/synth/engine.go:279.63,280.45 1 0
github.com/fastertools/ftl-cli/go/spindl/internal/synth/engine.go:280.45,281.67 1 0
github.com/fastertools/ftl-cli/go/spindl/internal/synth/engine.go:281.67,283.35 2 0
github.com/fastertools/ftl-cli/go/spindl/internal/synth/engine.go:283.35,285.7 1 0
github.com/fastertools/ftl-cli/go/spindl/internal/synth/engine.go:286.6,286.30 1 0
github.com/fastertools/ftl-cli/go/spindl/internal/synth/engine.go:292.2,292.37 1 0
