mode: set
github.com/fastertools/ftl-cli/go/spindl/pkg/ftl/app.go:27.31,34.2 1 1
github.com/fastertools/ftl-cli/go/spindl/pkg/ftl/app.go:37.48,40.2 2 1
github.com/fastertools/ftl-cli/go/spindl/pkg/ftl/app.go:43.47,46.2 2 1
github.com/fastertools/ftl-cli/go/spindl/pkg/ftl/app.go:64.37,66.2 1 1
github.com/fastertools/ftl-cli/go/spindl/pkg/ftl/app.go:75.40,81.2 1 1
github.com/fastertools/ftl-cli/go/spindl/pkg/ftl/app.go:90.38,94.24 2 1
github.com/fastertools/ftl-cli/go/spindl/pkg/ftl/app.go:94.24,96.6 1 1
github.com/fastertools/ftl-cli/go/spindl/pkg/ftl/app.go:97.5,97.25 1 1
github.com/fastertools/ftl-cli/go/spindl/pkg/ftl/app.go:97.25,99.35 2 1
github.com/fastertools/ftl-cli/go/spindl/pkg/ftl/app.go:99.35,101.10 1 1
github.com/fastertools/ftl-cli/go/spindl/pkg/ftl/app.go:102.9,102.87 1 1
github.com/fastertools/ftl-cli/go/spindl/pkg/ftl/app.go:104.5,104.82 1 1
github.com/fastertools/ftl-cli/go/spindl/pkg/ftl/app.go:108.47,112.2 3 1
github.com/fastertools/ftl-cli/go/spindl/pkg/ftl/app.go:121.60,124.2 2 1
github.com/fastertools/ftl-cli/go/spindl/pkg/ftl/app.go:127.81,134.2 2 1
github.com/fastertools/ftl-cli/go/spindl/pkg/ftl/app.go:137.59,140.2 2 1
github.com/fastertools/ftl-cli/go/spindl/pkg/ftl/app.go:143.67,144.29 1 1
github.com/fastertools/ftl-cli/go/spindl/pkg/ftl/app.go:144.29,146.6 1 0
github.com/fastertools/ftl-cli/go/spindl/pkg/ftl/app.go:147.5,148.14 2 1
github.com/fastertools/ftl-cli/go/spindl/pkg/ftl/app.go:152.64,153.35 1 1
github.com/fastertools/ftl-cli/go/spindl/pkg/ftl/app.go:153.35,155.6 1 1
github.com/fastertools/ftl-cli/go/spindl/pkg/ftl/app.go:156.5,157.14 2 1
github.com/fastertools/ftl-cli/go/spindl/pkg/ftl/app.go:161.37,163.2 1 1
github.com/fastertools/ftl-cli/go/spindl/pkg/ftl/app.go:174.47,177.2 2 1
github.com/fastertools/ftl-cli/go/spindl/pkg/ftl/app.go:188.51,197.2 3 1
github.com/fastertools/ftl-cli/go/spindl/pkg/ftl/app.go:200.62,208.2 3 1
github.com/fastertools/ftl-cli/go/spindl/pkg/ftl/app.go:211.39,223.28 7 1
github.com/fastertools/ftl-cli/go/spindl/pkg/ftl/app.go:223.28,228.6 3 1
github.com/fastertools/ftl-cli/go/spindl/pkg/ftl/app.go:230.5,235.34 2 1
github.com/fastertools/ftl-cli/go/spindl/pkg/ftl/app.go:235.34,236.18 1 1
github.com/fastertools/ftl-cli/go/spindl/pkg/ftl/app.go:236.18,238.10 1 1
github.com/fastertools/ftl-cli/go/spindl/pkg/ftl/app.go:239.9,247.30 5 1
github.com/fastertools/ftl-cli/go/spindl/pkg/ftl/app.go:247.30,251.10 2 1
github.com/fastertools/ftl-cli/go/spindl/pkg/ftl/app.go:253.9,253.38 1 1
github.com/fastertools/ftl-cli/go/spindl/pkg/ftl/app.go:253.38,256.48 2 1
github.com/fastertools/ftl-cli/go/spindl/pkg/ftl/app.go:256.48,259.14 1 1
github.com/fastertools/ftl-cli/go/spindl/pkg/ftl/app.go:260.13,261.16 1 1
github.com/fastertools/ftl-cli/go/spindl/pkg/ftl/app.go:264.9,265.12 1 1
github.com/fastertools/ftl-cli/go/spindl/pkg/ftl/app.go:267.5,274.22 4 1
github.com/fastertools/ftl-cli/go/spindl/pkg/ftl/app.go:274.22,281.31 4 1
github.com/fastertools/ftl-cli/go/spindl/pkg/ftl/app.go:281.31,286.10 3 1
github.com/fastertools/ftl-cli/go/spindl/pkg/ftl/app.go:288.9,288.35 1 1
github.com/fastertools/ftl-cli/go/spindl/pkg/ftl/app.go:288.35,293.10 3 1
github.com/fastertools/ftl-cli/go/spindl/pkg/ftl/app.go:295.9,295.37 1 1
github.com/fastertools/ftl-cli/go/spindl/pkg/ftl/app.go:295.37,300.10 3 1
github.com/fastertools/ftl-cli/go/spindl/pkg/ftl/app.go:302.9,303.8 1 1
github.com/fastertools/ftl-cli/go/spindl/pkg/ftl/app.go:306.5,310.36 2 1
github.com/fastertools/ftl-cli/go/spindl/pkg/ftl/app.go:314.44,317.19 2 0
github.com/fastertools/ftl-cli/go/spindl/pkg/ftl/app.go:317.19,319.6 1 0
github.com/fastertools/ftl-cli/go/spindl/pkg/ftl/app.go:322.5,323.23 2 0
github.com/fastertools/ftl-cli/go/spindl/pkg/ftl/app.go:323.23,325.6 1 0
github.com/fastertools/ftl-cli/go/spindl/pkg/ftl/app.go:328.5,329.26 2 0
github.com/fastertools/ftl-cli/go/spindl/pkg/ftl/app.go:329.26,331.6 1 0
github.com/fastertools/ftl-cli/go/spindl/pkg/ftl/app.go:335.5,335.29 1 0
github.com/fastertools/ftl-cli/go/spindl/pkg/ftl/app.go:339.47,344.2 2 0
github.com/fastertools/ftl-cli/go/spindl/pkg/ftl/synthesizer.go:23.36,27.2 1 1
github.com/fastertools/ftl-cli/go/spindl/pkg/ftl/synthesizer.go:30.63,33.19 2 1
github.com/fastertools/ftl-cli/go/spindl/pkg/ftl/synthesizer.go:33.19,35.6 1 0
github.com/fastertools/ftl-cli/go/spindl/pkg/ftl/synthesizer.go:38.5,39.19 2 1
github.com/fastertools/ftl-cli/go/spindl/pkg/ftl/synthesizer.go:39.19,41.6 1 0
github.com/fastertools/ftl-cli/go/spindl/pkg/ftl/synthesizer.go:44.5,44.30 1 1
github.com/fastertools/ftl-cli/go/spindl/pkg/ftl/synthesizer.go:48.90,63.23 4 1
github.com/fastertools/ftl-cli/go/spindl/pkg/ftl/synthesizer.go:63.23,65.6 1 0
github.com/fastertools/ftl-cli/go/spindl/pkg/ftl/synthesizer.go:68.5,69.30 2 1
github.com/fastertools/ftl-cli/go/spindl/pkg/ftl/synthesizer.go:69.30,71.6 1 0
github.com/fastertools/ftl-cli/go/spindl/pkg/ftl/synthesizer.go:79.5,80.57 2 1
github.com/fastertools/ftl-cli/go/spindl/pkg/ftl/synthesizer.go:80.57,82.6 1 0
github.com/fastertools/ftl-cli/go/spindl/pkg/ftl/synthesizer.go:85.5,87.28 2 1
github.com/fastertools/ftl-cli/go/spindl/pkg/ftl/synthesizer.go:91.74,93.12 2 1
github.com/fastertools/ftl-cli/go/spindl/pkg/ftl/synthesizer.go:93.12,95.6 1 0
github.com/fastertools/ftl-cli/go/spindl/pkg/ftl/synthesizer.go:98.5,99.32 2 1
github.com/fastertools/ftl-cli/go/spindl/pkg/ftl/synthesizer.go:99.32,100.62 1 1
github.com/fastertools/ftl-cli/go/spindl/pkg/ftl/synthesizer.go:100.62,102.10 1 1
github.com/fastertools/ftl-cli/go/spindl/pkg/ftl/synthesizer.go:104.5,107.82 2 1
github.com/fastertools/ftl-cli/go/spindl/pkg/ftl/synthesizer.go:107.82,108.36 1 1
github.com/fastertools/ftl-cli/go/spindl/pkg/ftl/synthesizer.go:108.36,109.83 1 1
github.com/fastertools/ftl-cli/go/spindl/pkg/ftl/synthesizer.go:109.83,111.14 1 0
github.com/fastertools/ftl-cli/go/spindl/pkg/ftl/synthesizer.go:111.19,115.14 1 1
github.com/fastertools/ftl-cli/go/spindl/pkg/ftl/synthesizer.go:121.79,127.72 3 1
github.com/fastertools/ftl-cli/go/spindl/pkg/ftl/synthesizer.go:127.72,129.49 2 1
github.com/fastertools/ftl-cli/go/spindl/pkg/ftl/synthesizer.go:129.49,131.10 1 1
github.com/fastertools/ftl-cli/go/spindl/pkg/ftl/synthesizer.go:132.9,132.55 1 1
github.com/fastertools/ftl-cli/go/spindl/pkg/ftl/synthesizer.go:132.55,134.10 1 1
github.com/fastertools/ftl-cli/go/spindl/pkg/ftl/synthesizer.go:135.9,135.70 1 1
github.com/fastertools/ftl-cli/go/spindl/pkg/ftl/synthesizer.go:135.70,137.10 1 1
github.com/fastertools/ftl-cli/go/spindl/pkg/ftl/synthesizer.go:138.9,138.30 1 1
github.com/fastertools/ftl-cli/go/spindl/pkg/ftl/synthesizer.go:142.5,142.77 1 1
github.com/fastertools/ftl-cli/go/spindl/pkg/ftl/synthesizer.go:142.77,145.35 2 1
github.com/fastertools/ftl-cli/go/spindl/pkg/ftl/synthesizer.go:145.35,147.10 1 1
github.com/fastertools/ftl-cli/go/spindl/pkg/ftl/synthesizer.go:148.9,150.42 2 1
github.com/fastertools/ftl-cli/go/spindl/pkg/ftl/synthesizer.go:150.42,155.56 3 1
github.com/fastertools/ftl-cli/go/spindl/pkg/ftl/synthesizer.go:155.56,157.14 1 1
github.com/fastertools/ftl-cli/go/spindl/pkg/ftl/synthesizer.go:160.13,160.80 1 1
github.com/fastertools/ftl-cli/go/spindl/pkg/ftl/synthesizer.go:160.80,162.41 2 1
github.com/fastertools/ftl-cli/go/spindl/pkg/ftl/synthesizer.go:162.41,163.30 1 1
github.com/fastertools/ftl-cli/go/spindl/pkg/ftl/synthesizer.go:163.30,165.22 1 1
github.com/fastertools/ftl-cli/go/spindl/pkg/ftl/synthesizer.go:166.21,166.58 1 1
github.com/fastertools/ftl-cli/go/spindl/pkg/ftl/synthesizer.go:168.17,168.39 1 1
github.com/fastertools/ftl-cli/go/spindl/pkg/ftl/synthesizer.go:172.13,172.72 1 1
github.com/fastertools/ftl-cli/go/spindl/pkg/ftl/synthesizer.go:172.72,174.61 2 1
github.com/fastertools/ftl-cli/go/spindl/pkg/ftl/synthesizer.go:174.61,176.18 1 1
github.com/fastertools/ftl-cli/go/spindl/pkg/ftl/synthesizer.go:177.17,177.65 1 1
github.com/fastertools/ftl-cli/go/spindl/pkg/ftl/synthesizer.go:177.65,179.18 1 0
github.com/fastertools/ftl-cli/go/spindl/pkg/ftl/synthesizer.go:180.17,180.68 1 1
github.com/fastertools/ftl-cli/go/spindl/pkg/ftl/synthesizer.go:180.68,182.45 2 1
github.com/fastertools/ftl-cli/go/spindl/pkg/ftl/synthesizer.go:182.45,183.34 1 1
github.com/fastertools/ftl-cli/go/spindl/pkg/ftl/synthesizer.go:183.34,185.26 1 1
github.com/fastertools/ftl-cli/go/spindl/pkg/ftl/synthesizer.go:186.25,186.62 1 1
github.com/fastertools/ftl-cli/go/spindl/pkg/ftl/synthesizer.go:188.21,188.43 1 1
github.com/fastertools/ftl-cli/go/spindl/pkg/ftl/synthesizer.go:193.13,193.75 1 1
github.com/fastertools/ftl-cli/go/spindl/pkg/ftl/synthesizer.go:193.75,195.40 2 1
github.com/fastertools/ftl-cli/go/spindl/pkg/ftl/synthesizer.go:195.40,197.18 1 1
github.com/fastertools/ftl-cli/go/spindl/pkg/ftl/synthesizer.go:200.13,200.34 1 1
github.com/fastertools/ftl-cli/go/spindl/pkg/ftl/synthesizer.go:205.5,205.73 1 1
github.com/fastertools/ftl-cli/go/spindl/pkg/ftl/synthesizer.go:205.73,206.69 1 1
github.com/fastertools/ftl-cli/go/spindl/pkg/ftl/synthesizer.go:206.69,207.44 1 1
github.com/fastertools/ftl-cli/go/spindl/pkg/ftl/synthesizer.go:207.44,212.57 3 1
github.com/fastertools/ftl-cli/go/spindl/pkg/ftl/synthesizer.go:212.57,213.46 1 1
github.com/fastertools/ftl-cli/go/spindl/pkg/ftl/synthesizer.go:214.33,215.72 1 1
github.com/fastertools/ftl-cli/go/spindl/pkg/ftl/synthesizer.go:216.49,217.78 1 1
github.com/fastertools/ftl-cli/go/spindl/pkg/ftl/synthesizer.go:217.78,219.26 1 1
github.com/fastertools/ftl-cli/go/spindl/pkg/ftl/synthesizer.go:224.17,224.63 1 1
github.com/fastertools/ftl-cli/go/spindl/pkg/ftl/synthesizer.go:224.63,226.18 1 1
github.com/fastertools/ftl-cli/go/spindl/pkg/ftl/synthesizer.go:228.17,228.38 1 1
github.com/fastertools/ftl-cli/go/spindl/pkg/ftl/synthesizer.go:233.5,233.29 1 1
github.com/fastertools/ftl-cli/go/spindl/pkg/ftl/synthesizer.go:237.74,238.33 1 1
github.com/fastertools/ftl-cli/go/spindl/pkg/ftl/synthesizer.go:239.17,240.59 1 1
github.com/fastertools/ftl-cli/go/spindl/pkg/ftl/synthesizer.go:241.33,242.57 1 1
github.com/fastertools/ftl-cli/go/spindl/pkg/ftl/synthesizer.go:242.57,246.55 3 1
github.com/fastertools/ftl-cli/go/spindl/pkg/ftl/synthesizer.go:246.55,248.14 1 1
github.com/fastertools/ftl-cli/go/spindl/pkg/ftl/synthesizer.go:249.13,249.59 1 1
github.com/fastertools/ftl-cli/go/spindl/pkg/ftl/synthesizer.go:249.59,251.14 1 1
github.com/fastertools/ftl-cli/go/spindl/pkg/ftl/synthesizer.go:252.13,252.36 1 1
github.com/fastertools/ftl-cli/go/spindl/pkg/ftl/synthesizer.go:253.15,253.54 1 0
github.com/fastertools/ftl-cli/go/spindl/pkg/ftl/synthesizer.go:253.54,257.57 3 0
github.com/fastertools/ftl-cli/go/spindl/pkg/ftl/synthesizer.go:257.57,259.14 1 0
github.com/fastertools/ftl-cli/go/spindl/pkg/ftl/synthesizer.go:260.13,260.36 1 0
github.com/fastertools/ftl-cli/go/spindl/pkg/ftl/synthesizer.go:266.47,268.2 1 1
